#
# There is insufficient memory for the Java Runtime Environment to continue.
# Native memory allocation (malloc) failed to allocate 1058096 bytes for Chunk::new
# Possible reasons:
#   The system is out of physical RAM or swap space
#   The process is running with CompressedOops enabled, and the Java Heap may be blocking the growth of the native heap
# Possible solutions:
#   Reduce memory load on the system
#   Increase physical memory or swap space
#   Check if swap backing store is full
#   Decrease Java heap size (-Xmx/-Xms)
#   Decrease number of Java threads
#   Decrease Java thread stack sizes (-Xss)
#   Set larger code cache with -XX:ReservedCodeCacheSize=
#   JVM is running with Unscaled Compressed Oops mode in which the Java heap is
#     placed in the first 4GB address space. The Java Heap base address is the
#     maximum limit for the native heap growth. Please use -XX:HeapBaseMinAddress
#     to set the Java Heap base and to place the Java Heap above 4GB virtual address.
# This output file may be truncated or incomplete.
#
#  Out of Memory Error (./src/hotspot/share/memory/arena.cpp:197), pid=3284, tid=8480
#
# JRE version: OpenJDK Runtime Environment (11.0.10) (build 11.0.10+0-b96-7249189)
# Java VM: OpenJDK 64-Bit Server VM (11.0.10+0-b96-7249189, mixed mode, tiered, compressed oops, g1 gc, windows-amd64)
# No core dump will be written. Minidumps are not enabled by default on client versions of Windows
#

---------------  S U M M A R Y ------------

Command Line: --add-opens=java.base/java.util=ALL-UNNAMED --add-opens=java.base/java.lang=ALL-UNNAMED --add-opens=java.base/java.lang.invoke=ALL-UNNAMED --add-opens=java.base/java.util=ALL-UNNAMED --add-opens=java.prefs/java.util.prefs=ALL-UNNAMED --add-opens=java.prefs/java.util.prefs=ALL-UNNAMED --add-opens=java.base/java.nio.charset=ALL-UNNAMED --add-opens=java.base/java.net=ALL-UNNAMED --add-opens=java.base/java.util.concurrent.atomic=ALL-UNNAMED -Xmx2048m -Dfile.encoding=UTF-8 -Duser.country=RU -Duser.language=ru -Duser.variant org.gradle.launcher.daemon.bootstrap.GradleDaemon 7.0.2

Host: Intel(R) Core(TM) i7-8565U CPU @ 1.80GHz, 8 cores, 7G,  Windows 10 , 64 bit Build 19041 (10.0.19041.1202)
Time: Sat Oct 16 20:00:19 2021 Центральная Азия (зима) elapsed time: 6.879025 seconds (0d 0h 0m 6s)

---------------  T H R E A D  ---------------

Current thread (0x0000018e731cd000):  JavaThread "C2 CompilerThread2" daemon [_thread_in_native, id=8480, stack(0x00000005dbd00000,0x00000005dbe00000)]


Current CompileTask:
C2:   6879 5837       4       org.objectweb.asm.Frame::execute (2318 bytes)

Stack: [0x00000005dbd00000,0x00000005dbe00000]
Native frames: (J=compiled Java code, j=interpreted, Vv=VM code, C=native code)
V  [jvm.dll+0x5ecfaa]
V  [jvm.dll+0x722bd5]
V  [jvm.dll+0x72412d]
V  [jvm.dll+0x7247e3]
V  [jvm.dll+0x242928]
V  [jvm.dll+0xbc4fc]
V  [jvm.dll+0xbca0c]
V  [jvm.dll+0x352d3b]
V  [jvm.dll+0x19800c]
V  [jvm.dll+0x1fb70e]
V  [jvm.dll+0x1fa7f4]
V  [jvm.dll+0x18354c]
V  [jvm.dll+0x208ee7]
V  [jvm.dll+0x207731]
V  [jvm.dll+0x6eb1cf]
V  [jvm.dll+0x6e3d45]
V  [jvm.dll+0x5ebe96]
C  [ucrtbase.dll+0x21bb2]
C  [KERNEL32.DLL+0x17034]
C  [ntdll.dll+0x52651]


---------------  P R O C E S S  ---------------

Threads class SMR info:
_java_thread_list=0x0000018e77162a70, length=51, elements={
0x0000018e54ea5000, 0x0000018e6f31f800, 0x0000018e6f322800, 0x0000018e6fcab000,
0x0000018e6fcad000, 0x0000018e6fcb0000, 0x0000018e6fcb3800, 0x0000018e6f339800,
0x0000018e6f344800, 0x0000018e6fe1d800, 0x0000018e70f4e800, 0x0000018e707f8000,
0x0000018e72432800, 0x0000018e718df800, 0x0000018e72110800, 0x0000018e70f25800,
0x0000018e725fe800, 0x0000018e72a0a000, 0x0000018e722a6800, 0x0000018e723bc000,
0x0000018e723b6000, 0x0000018e723bc800, 0x0000018e723ba000, 0x0000018e72af0800,
0x0000018e731cd000, 0x0000018e723bb000, 0x0000018e723b7000, 0x0000018e723b7800,
0x0000018e723b8800, 0x0000018e723b9800, 0x0000018e7387c800, 0x0000018e7387c000,
0x0000018e73877000, 0x0000018e7387d800, 0x0000018e73878000, 0x0000018e7387e800,
0x0000018e73878800, 0x0000018e7387f000, 0x0000018e73879800, 0x0000018e73880000,
0x0000018e7387a800, 0x0000018e73882800, 0x0000018e73883800, 0x0000018e73885000,
0x0000018e73884000, 0x0000018e73885800, 0x0000018e73156000, 0x0000018e73153000,
0x0000018e73154000, 0x0000018e73151800, 0x0000018e73158000
}

Java Threads: ( => current thread )
  0x0000018e54ea5000 JavaThread "main" [_thread_blocked, id=17748, stack(0x00000005d9600000,0x00000005d9700000)]
  0x0000018e6f31f800 JavaThread "Reference Handler" daemon [_thread_blocked, id=9752, stack(0x00000005d9d00000,0x00000005d9e00000)]
  0x0000018e6f322800 JavaThread "Finalizer" daemon [_thread_blocked, id=2208, stack(0x00000005d9e00000,0x00000005d9f00000)]
  0x0000018e6fcab000 JavaThread "Signal Dispatcher" daemon [_thread_blocked, id=1444, stack(0x00000005d9f00000,0x00000005da000000)]
  0x0000018e6fcad000 JavaThread "Attach Listener" daemon [_thread_blocked, id=19756, stack(0x00000005da000000,0x00000005da100000)]
  0x0000018e6fcb0000 JavaThread "Service Thread" daemon [_thread_blocked, id=11836, stack(0x00000005da100000,0x00000005da200000)]
  0x0000018e6fcb3800 JavaThread "C2 CompilerThread0" daemon [_thread_in_native, id=14236, stack(0x00000005da200000,0x00000005da300000)]
  0x0000018e6f339800 JavaThread "C1 CompilerThread0" daemon [_thread_in_native, id=9068, stack(0x00000005da300000,0x00000005da400000)]
  0x0000018e6f344800 JavaThread "Sweeper thread" daemon [_thread_blocked, id=20456, stack(0x00000005da400000,0x00000005da500000)]
  0x0000018e6fe1d800 JavaThread "Common-Cleaner" daemon [_thread_blocked, id=8996, stack(0x00000005da500000,0x00000005da600000)]
  0x0000018e70f4e800 JavaThread "Daemon health stats" [_thread_blocked, id=10776, stack(0x00000005dab00000,0x00000005dac00000)]
  0x0000018e707f8000 JavaThread "Incoming local TCP Connector on port 61276" [_thread_in_native, id=3788, stack(0x00000005da700000,0x00000005da800000)]
  0x0000018e72432800 JavaThread "Daemon periodic checks" [_thread_blocked, id=3288, stack(0x00000005da800000,0x00000005da900000)]
  0x0000018e718df800 JavaThread "Daemon" [_thread_blocked, id=9032, stack(0x00000005dac00000,0x00000005dad00000)]
  0x0000018e72110800 JavaThread "Handler for socket connection from /127.0.0.1:61276 to /127.0.0.1:61277" [_thread_in_native, id=5980, stack(0x00000005dad00000,0x00000005dae00000)]
  0x0000018e70f25800 JavaThread "Cancel handler" [_thread_blocked, id=9632, stack(0x00000005dae00000,0x00000005daf00000)]
  0x0000018e725fe800 JavaThread "Daemon worker" [_thread_in_Java, id=1356, stack(0x00000005daf00000,0x00000005db000000)]
  0x0000018e72a0a000 JavaThread "Asynchronous log dispatcher for DefaultDaemonConnection: socket connection from /127.0.0.1:61276 to /127.0.0.1:61277" [_thread_blocked, id=20336, stack(0x00000005db000000,0x00000005db100000)]
  0x0000018e722a6800 JavaThread "Stdin handler" [_thread_blocked, id=20072, stack(0x00000005db100000,0x00000005db200000)]
  0x0000018e723bc000 JavaThread "Daemon client event forwarder" [_thread_blocked, id=4640, stack(0x00000005db200000,0x00000005db300000)]
  0x0000018e723b6000 JavaThread "Cache worker for file hash cache (C:\Users\99670\.gradle\caches\7.0.2\fileHashes)" [_thread_blocked, id=8316, stack(0x00000005db800000,0x00000005db900000)]
  0x0000018e723bc800 JavaThread "File lock request listener" [_thread_in_native, id=17420, stack(0x00000005db900000,0x00000005dba00000)]
  0x0000018e723ba000 JavaThread "Cache worker for journal cache (C:\Users\99670\.gradle\caches\journal-1)" [_thread_blocked, id=10692, stack(0x00000005dbb00000,0x00000005dbc00000)]
  0x0000018e72af0800 JavaThread "C2 CompilerThread1" daemon [_thread_in_native, id=4780, stack(0x00000005dbc00000,0x00000005dbd00000)]
=>0x0000018e731cd000 JavaThread "C2 CompilerThread2" daemon [_thread_in_native, id=8480, stack(0x00000005dbd00000,0x00000005dbe00000)]
  0x0000018e723bb000 JavaThread "Cache worker for file hash cache (C:\Users\99670\Weather\.gradle\7.0.2\fileHashes)" [_thread_blocked, id=9060, stack(0x00000005dbe00000,0x00000005dbf00000)]
  0x0000018e723b7000 JavaThread "File watcher server" daemon [_thread_in_native, id=12828, stack(0x00000005dbf00000,0x00000005dc000000)]
  0x0000018e723b7800 JavaThread "File watcher consumer" daemon [_thread_blocked, id=360, stack(0x00000005dc000000,0x00000005dc100000)]
  0x0000018e723b8800 JavaThread "jar transforms" [_thread_blocked, id=1212, stack(0x00000005dc100000,0x00000005dc200000)]
  0x0000018e723b9800 JavaThread "jar transforms Thread 2" [_thread_blocked, id=15676, stack(0x00000005dc200000,0x00000005dc300000)]
  0x0000018e7387c800 JavaThread "jar transforms Thread 3" [_thread_blocked, id=5056, stack(0x00000005dc300000,0x00000005dc400000)]
  0x0000018e7387c000 JavaThread "jar transforms Thread 4" [_thread_blocked, id=20208, stack(0x00000005dc400000,0x00000005dc500000)]
  0x0000018e73877000 JavaThread "jar transforms Thread 5" [_thread_blocked, id=11312, stack(0x00000005dc500000,0x00000005dc600000)]
  0x0000018e7387d800 JavaThread "jar transforms Thread 6" [_thread_blocked, id=19420, stack(0x00000005dc600000,0x00000005dc700000)]
  0x0000018e73878000 JavaThread "jar transforms Thread 7" [_thread_blocked, id=9492, stack(0x00000005dc700000,0x00000005dc800000)]
  0x0000018e7387e800 JavaThread "jar transforms Thread 8" [_thread_blocked, id=12420, stack(0x00000005dc800000,0x00000005dc900000)]
  0x0000018e73878800 JavaThread "Cache worker for checksums cache (C:\Users\99670\Weather\.gradle\checksums)" [_thread_blocked, id=14848, stack(0x00000005dc900000,0x00000005dca00000)]
  0x0000018e7387f000 JavaThread "Cache worker for cache directory md-supplier (C:\Users\99670\.gradle\caches\7.0.2\md-supplier)" [_thread_blocked, id=11168, stack(0x00000005dca00000,0x00000005dcb00000)]
  0x0000018e73879800 JavaThread "Cache worker for cache directory md-rule (C:\Users\99670\.gradle\caches\7.0.2\md-rule)" [_thread_blocked, id=11528, stack(0x00000005dcb00000,0x00000005dcc00000)]
  0x0000018e73880000 JavaThread "Cache worker for execution history cache (C:\Users\99670\.gradle\caches\7.0.2\executionHistory)" [_thread_blocked, id=2888, stack(0x00000005dcc00000,0x00000005dcd00000)]
  0x0000018e7387a800 JavaThread "Cache worker for file content cache (C:\Users\99670\.gradle\caches\7.0.2\fileContent)" [_thread_blocked, id=6980, stack(0x00000005dcd00000,0x00000005dce00000)]
  0x0000018e73882800 JavaThread "Cache worker for dependencies-accessors (C:\Users\99670\Weather\.gradle\7.0.2\dependencies-accessors)" [_thread_blocked, id=18824, stack(0x00000005dce00000,0x00000005dcf00000)]
  0x0000018e73883800 JavaThread "Cache worker for Build Output Cleanup Cache (C:\Users\99670\Weather\.gradle\buildOutputCleanup)" [_thread_blocked, id=16600, stack(0x00000005dcf00000,0x00000005dd000000)]
  0x0000018e73885000 JavaThread "Build operations" [_thread_blocked, id=16096, stack(0x00000005dd000000,0x00000005dd100000)]
  0x0000018e73884000 JavaThread "Build operations Thread 2" [_thread_blocked, id=10080, stack(0x00000005dd100000,0x00000005dd200000)]
  0x0000018e73885800 JavaThread "Build operations Thread 3" [_thread_blocked, id=19264, stack(0x00000005dd200000,0x00000005dd300000)]
  0x0000018e73156000 JavaThread "Build operations Thread 4" [_thread_blocked, id=9000, stack(0x00000005dd300000,0x00000005dd400000)]
  0x0000018e73153000 JavaThread "Build operations Thread 5" [_thread_blocked, id=15840, stack(0x00000005dd400000,0x00000005dd500000)]
  0x0000018e73154000 JavaThread "Build operations Thread 6" [_thread_blocked, id=6596, stack(0x00000005dd500000,0x00000005dd600000)]
  0x0000018e73151800 JavaThread "Build operations Thread 7" [_thread_blocked, id=18416, stack(0x00000005dd600000,0x00000005dd700000)]
  0x0000018e73158000 JavaThread "Build operations Thread 8" [_thread_blocked, id=10368, stack(0x00000005dd700000,0x00000005dd800000)]

Other Threads:
  0x0000018e6f31d800 VMThread "VM Thread" [stack: 0x00000005d9c00000,0x00000005d9d00000] [id=7396]
  0x0000018e6fe41000 WatcherThread [stack: 0x00000005da600000,0x00000005da700000] [id=14724]
  0x0000018e54ec0800 GCTaskThread "GC Thread#0" [stack: 0x00000005d9700000,0x00000005d9800000] [id=10936]
  0x0000018e710dc800 GCTaskThread "GC Thread#1" [stack: 0x00000005da900000,0x00000005daa00000] [id=14796]
  0x0000018e70c8c800 GCTaskThread "GC Thread#2" [stack: 0x00000005daa00000,0x00000005dab00000] [id=13772]
  0x0000018e71f64800 GCTaskThread "GC Thread#3" [stack: 0x00000005db300000,0x00000005db400000] [id=13600]
  0x0000018e7161d800 GCTaskThread "GC Thread#4" [stack: 0x00000005db400000,0x00000005db500000] [id=10544]
  0x0000018e71da0800 GCTaskThread "GC Thread#5" [stack: 0x00000005db500000,0x00000005db600000] [id=15372]
  0x0000018e72052800 GCTaskThread "GC Thread#6" [stack: 0x00000005db600000,0x00000005db700000] [id=8956]
  0x0000018e725d5800 GCTaskThread "GC Thread#7" [stack: 0x00000005db700000,0x00000005db800000] [id=18760]
  0x0000018e54ef2800 ConcurrentGCThread "G1 Main Marker" [stack: 0x00000005d9800000,0x00000005d9900000] [id=18464]
  0x0000018e54ef5000 ConcurrentGCThread "G1 Conc#0" [stack: 0x00000005d9900000,0x00000005d9a00000] [id=2124]
  0x0000018e7198b800 ConcurrentGCThread "G1 Conc#1" [stack: 0x00000005dba00000,0x00000005dbb00000] [id=4092]
  0x0000018e6f168800 ConcurrentGCThread "G1 Refine#0" [stack: 0x00000005d9a00000,0x00000005d9b00000] [id=20188]
  0x0000018e6f169000 ConcurrentGCThread "G1 Young RemSet Sampling" [stack: 0x00000005d9b00000,0x00000005d9c00000] [id=19680]

Threads with active compile tasks:
C2 CompilerThread0   6911 5811       4       org.objectweb.asm.SymbolTable::addConstantMemberReference (147 bytes)
C2 CompilerThread1   6911 5926   !   4       com.google.common.reflect.TypeVisitor::visit (225 bytes)
C2 CompilerThread2   6911 5837       4       org.objectweb.asm.Frame::execute (2318 bytes)

VM state:not at safepoint (normal execution)

VM Mutex/Monitor currently owned by a thread: None

Heap address: 0x0000000080000000, size: 2048 MB, Compressed Oops mode: 32-bit
Narrow klass base: 0x0000000000000000, Narrow klass shift: 3
Compressed class space size: 1073741824 Address: 0x0000000100000000

Heap:
 garbage-first heap   total 193536K, used 130323K [0x0000000080000000, 0x0000000100000000)
  region size 1024K, 66 young (67584K), 8 survivors (8192K)
 Metaspace       used 58026K, capacity 59745K, committed 60032K, reserved 1101824K
  class space    used 7410K, capacity 7975K, committed 8064K, reserved 1048576K
Heap Regions: E=young(eden), S=young(survivor), O=old, HS=humongous(starts), HC=humongous(continues), CS=collection set, F=free, A=archive, TAMS=top-at-mark-start (previous, next)
|   0|0x0000000080000000, 0x0000000080100000, 0x0000000080100000|100%| O|  |TAMS 0x0000000080100000, 0x0000000080000000| Untracked 
|   1|0x0000000080100000, 0x0000000080200000, 0x0000000080200000|100%| O|  |TAMS 0x0000000080200000, 0x0000000080100000| Untracked 
|   2|0x0000000080200000, 0x0000000080300000, 0x0000000080300000|100%| O|  |TAMS 0x0000000080300000, 0x0000000080200000| Untracked 
|   3|0x0000000080300000, 0x0000000080400000, 0x0000000080400000|100%|HS|  |TAMS 0x0000000080400000, 0x0000000080300000| Complete 
|   4|0x0000000080400000, 0x0000000080500000, 0x0000000080500000|100%|HC|  |TAMS 0x0000000080500000, 0x0000000080400000| Complete 
|   5|0x0000000080500000, 0x0000000080600000, 0x0000000080600000|100%|HC|  |TAMS 0x0000000080600000, 0x0000000080500000| Complete 
|   6|0x0000000080600000, 0x0000000080700000, 0x0000000080700000|100%| O|  |TAMS 0x0000000080700000, 0x0000000080600000| Untracked 
|   7|0x0000000080700000, 0x0000000080800000, 0x0000000080800000|100%| O|  |TAMS 0x0000000080800000, 0x0000000080700000| Untracked 
|   8|0x0000000080800000, 0x0000000080900000, 0x0000000080900000|100%| O|  |TAMS 0x0000000080900000, 0x0000000080800000| Untracked 
|   9|0x0000000080900000, 0x0000000080a00000, 0x0000000080a00000|100%| O|  |TAMS 0x0000000080a00000, 0x0000000080900000| Untracked 
|  10|0x0000000080a00000, 0x0000000080b00000, 0x0000000080b00000|100%| O|  |TAMS 0x0000000080b00000, 0x0000000080a00000| Untracked 
|  11|0x0000000080b00000, 0x0000000080c00000, 0x0000000080c00000|100%| O|  |TAMS 0x0000000080c00000, 0x0000000080b00000| Untracked 
|  12|0x0000000080c00000, 0x0000000080d00000, 0x0000000080d00000|100%| O|  |TAMS 0x0000000080d00000, 0x0000000080c00000| Untracked 
|  13|0x0000000080d00000, 0x0000000080e00000, 0x0000000080e00000|100%| O|  |TAMS 0x0000000080e00000, 0x0000000080d00000| Untracked 
|  14|0x0000000080e00000, 0x0000000080f00000, 0x0000000080f00000|100%| O|  |TAMS 0x0000000080f00000, 0x0000000080e00000| Untracked 
|  15|0x0000000080f00000, 0x0000000081000000, 0x0000000081000000|100%| O|  |TAMS 0x0000000081000000, 0x0000000080f00000| Untracked 
|  16|0x0000000081000000, 0x0000000081100000, 0x0000000081100000|100%|HS|  |TAMS 0x0000000081100000, 0x0000000081000000| Complete 
|  17|0x0000000081100000, 0x0000000081200000, 0x0000000081200000|100%|HC|  |TAMS 0x0000000081200000, 0x0000000081100000| Complete 
|  18|0x0000000081200000, 0x0000000081300000, 0x0000000081300000|100%|HS|  |TAMS 0x0000000081300000, 0x0000000081200000| Complete 
|  19|0x0000000081300000, 0x0000000081400000, 0x0000000081400000|100%|HC|  |TAMS 0x0000000081400000, 0x0000000081300000| Complete 
|  20|0x0000000081400000, 0x0000000081500000, 0x0000000081500000|100%|HC|  |TAMS 0x0000000081500000, 0x0000000081400000| Complete 
|  21|0x0000000081500000, 0x0000000081600000, 0x0000000081600000|100%|HS|  |TAMS 0x0000000081600000, 0x0000000081500000| Complete 
|  22|0x0000000081600000, 0x0000000081700000, 0x0000000081700000|100%|HC|  |TAMS 0x0000000081700000, 0x0000000081600000| Complete 
|  23|0x0000000081700000, 0x0000000081800000, 0x0000000081800000|100%|HC|  |TAMS 0x0000000081800000, 0x0000000081700000| Complete 
|  24|0x0000000081800000, 0x0000000081900000, 0x0000000081900000|100%|HC|  |TAMS 0x0000000081900000, 0x0000000081800000| Complete 
|  25|0x0000000081900000, 0x0000000081a00000, 0x0000000081a00000|100%|HC|  |TAMS 0x0000000081a00000, 0x0000000081900000| Complete 
|  26|0x0000000081a00000, 0x0000000081b00000, 0x0000000081b00000|100%| O|  |TAMS 0x0000000081b00000, 0x0000000081a00000| Untracked 
|  27|0x0000000081b00000, 0x0000000081c00000, 0x0000000081c00000|100%| O|  |TAMS 0x0000000081c00000, 0x0000000081b00000| Untracked 
|  28|0x0000000081c00000, 0x0000000081d00000, 0x0000000081d00000|100%| O|  |TAMS 0x0000000081d00000, 0x0000000081c00000| Untracked 
|  29|0x0000000081d00000, 0x0000000081e00000, 0x0000000081e00000|100%|HS|  |TAMS 0x0000000081d00000, 0x0000000081d00000| Complete 
|  30|0x0000000081e00000, 0x0000000081f00000, 0x0000000081f00000|100%|HC|  |TAMS 0x0000000081e00000, 0x0000000081e00000| Complete 
|  31|0x0000000081f00000, 0x0000000082000000, 0x0000000082000000|100%|HC|  |TAMS 0x0000000081f00000, 0x0000000081f00000| Complete 
|  32|0x0000000082000000, 0x0000000082100000, 0x0000000082100000|100%| O|  |TAMS 0x0000000082100000, 0x0000000082000000| Untracked 
|  33|0x0000000082100000, 0x0000000082200000, 0x0000000082200000|100%| O|  |TAMS 0x0000000082200000, 0x0000000082100000| Untracked 
|  34|0x0000000082200000, 0x0000000082300000, 0x0000000082300000|100%| O|  |TAMS 0x0000000082300000, 0x0000000082200000| Untracked 
|  35|0x0000000082300000, 0x0000000082400000, 0x0000000082400000|100%| O|  |TAMS 0x000000008233fe00, 0x0000000082300000| Untracked 
|  36|0x0000000082400000, 0x0000000082500000, 0x0000000082500000|100%|HS|  |TAMS 0x0000000082400000, 0x0000000082400000| Complete 
|  37|0x0000000082500000, 0x0000000082600000, 0x0000000082600000|100%|HC|  |TAMS 0x0000000082500000, 0x0000000082500000| Complete 
|  38|0x0000000082600000, 0x0000000082700000, 0x0000000082700000|100%|HC|  |TAMS 0x0000000082600000, 0x0000000082600000| Complete 
|  39|0x0000000082700000, 0x0000000082800000, 0x0000000082800000|100%|HC|  |TAMS 0x0000000082700000, 0x0000000082700000| Complete 
|  40|0x0000000082800000, 0x0000000082900000, 0x0000000082900000|100%|HC|  |TAMS 0x0000000082800000, 0x0000000082800000| Complete 
|  41|0x0000000082900000, 0x0000000082a00000, 0x0000000082a00000|100%| O|  |TAMS 0x0000000082900000, 0x0000000082900000| Untracked 
|  42|0x0000000082a00000, 0x0000000082b00000, 0x0000000082b00000|100%| O|  |TAMS 0x0000000082a00000, 0x0000000082a00000| Untracked 
|  43|0x0000000082b00000, 0x0000000082c00000, 0x0000000082c00000|100%| O|  |TAMS 0x0000000082b00000, 0x0000000082b00000| Untracked 
|  44|0x0000000082c00000, 0x0000000082d00000, 0x0000000082d00000|100%| O|  |TAMS 0x0000000082c00000, 0x0000000082c00000| Untracked 
|  45|0x0000000082d00000, 0x0000000082e00000, 0x0000000082e00000|100%| O|  |TAMS 0x0000000082d00000, 0x0000000082d00000| Untracked 
|  46|0x0000000082e00000, 0x0000000082f00000, 0x0000000082f00000|100%| O|  |TAMS 0x0000000082e00000, 0x0000000082e00000| Untracked 
|  47|0x0000000082f00000, 0x0000000083000000, 0x0000000083000000|100%| O|  |TAMS 0x0000000082f00000, 0x0000000082f00000| Untracked 
|  48|0x0000000083000000, 0x0000000083100000, 0x0000000083100000|100%| O|  |TAMS 0x0000000083000000, 0x0000000083000000| Untracked 
|  49|0x0000000083100000, 0x0000000083200000, 0x0000000083200000|100%| O|  |TAMS 0x0000000083100000, 0x0000000083100000| Untracked 
|  50|0x0000000083200000, 0x0000000083300000, 0x0000000083300000|100%| O|  |TAMS 0x0000000083200000, 0x0000000083200000| Untracked 
|  51|0x0000000083300000, 0x0000000083400000, 0x0000000083400000|100%| O|  |TAMS 0x0000000083300000, 0x0000000083300000| Untracked 
|  52|0x0000000083400000, 0x0000000083500000, 0x0000000083500000|100%|HS|  |TAMS 0x0000000083400000, 0x0000000083400000| Complete 
|  53|0x0000000083500000, 0x0000000083600000, 0x0000000083600000|100%|HS|  |TAMS 0x0000000083500000, 0x0000000083500000| Complete 
|  54|0x0000000083600000, 0x0000000083700000, 0x0000000083700000|100%|HS|  |TAMS 0x0000000083600000, 0x0000000083600000| Complete 
|  55|0x0000000083700000, 0x0000000083800000, 0x0000000083800000|100%|HS|  |TAMS 0x0000000083700000, 0x0000000083700000| Complete 
|  56|0x0000000083800000, 0x0000000083900000, 0x0000000083900000|100%|HC|  |TAMS 0x0000000083800000, 0x0000000083800000| Complete 
|  57|0x0000000083900000, 0x0000000083a00000, 0x0000000083a00000|100%|HC|  |TAMS 0x0000000083900000, 0x0000000083900000| Complete 
|  58|0x0000000083a00000, 0x0000000083b00000, 0x0000000083b00000|100%|HS|  |TAMS 0x0000000083a00000, 0x0000000083a00000| Complete 
|  59|0x0000000083b00000, 0x0000000083c00000, 0x0000000083c00000|100%|HC|  |TAMS 0x0000000083b00000, 0x0000000083b00000| Complete 
|  60|0x0000000083c00000, 0x0000000083d00000, 0x0000000083d00000|100%| O|  |TAMS 0x0000000083c00000, 0x0000000083c00000| Untracked 
|  61|0x0000000083d00000, 0x0000000083e00000, 0x0000000083e00000|100%| O|  |TAMS 0x0000000083d00000, 0x0000000083d00000| Untracked 
|  62|0x0000000083e00000, 0x0000000083e44e00, 0x0000000083f00000| 26%| O|  |TAMS 0x0000000083e00000, 0x0000000083e00000| Untracked 
|  63|0x0000000083f00000, 0x0000000083f00000, 0x0000000084000000|  0%| F|  |TAMS 0x0000000083f00000, 0x0000000083f00000| Untracked 
|  64|0x0000000084000000, 0x0000000084000000, 0x0000000084100000|  0%| F|  |TAMS 0x0000000084000000, 0x0000000084000000| Untracked 
|  65|0x0000000084100000, 0x0000000084100000, 0x0000000084200000|  0%| F|  |TAMS 0x0000000084100000, 0x0000000084100000| Untracked 
|  66|0x0000000084200000, 0x0000000084200000, 0x0000000084300000|  0%| F|  |TAMS 0x0000000084200000, 0x0000000084200000| Untracked 
|  67|0x0000000084300000, 0x0000000084300000, 0x0000000084400000|  0%| F|  |TAMS 0x0000000084300000, 0x0000000084300000| Untracked 
|  68|0x0000000084400000, 0x0000000084400000, 0x0000000084500000|  0%| F|  |TAMS 0x0000000084400000, 0x0000000084400000| Untracked 
|  69|0x0000000084500000, 0x0000000084500000, 0x0000000084600000|  0%| F|  |TAMS 0x0000000084500000, 0x0000000084500000| Untracked 
|  70|0x0000000084600000, 0x0000000084600000, 0x0000000084700000|  0%| F|  |TAMS 0x0000000084600000, 0x0000000084600000| Untracked 
|  71|0x0000000084700000, 0x0000000084700000, 0x0000000084800000|  0%| F|  |TAMS 0x0000000084700000, 0x0000000084700000| Untracked 
|  72|0x0000000084800000, 0x0000000084800000, 0x0000000084900000|  0%| F|  |TAMS 0x0000000084800000, 0x0000000084800000| Untracked 
|  73|0x0000000084900000, 0x0000000084900000, 0x0000000084a00000|  0%| F|  |TAMS 0x0000000084900000, 0x0000000084900000| Untracked 
|  74|0x0000000084a00000, 0x0000000084a00000, 0x0000000084b00000|  0%| F|  |TAMS 0x0000000084a00000, 0x0000000084a00000| Untracked 
|  75|0x0000000084b00000, 0x0000000084b00000, 0x0000000084c00000|  0%| F|  |TAMS 0x0000000084b00000, 0x0000000084b00000| Untracked 
|  76|0x0000000084c00000, 0x0000000084c00000, 0x0000000084d00000|  0%| F|  |TAMS 0x0000000084c00000, 0x0000000084c00000| Untracked 
|  77|0x0000000084d00000, 0x0000000084d00000, 0x0000000084e00000|  0%| F|  |TAMS 0x0000000084d00000, 0x0000000084d00000| Untracked 
|  78|0x0000000084e00000, 0x0000000084e00000, 0x0000000084f00000|  0%| F|  |TAMS 0x0000000084e00000, 0x0000000084e00000| Untracked 
|  79|0x0000000084f00000, 0x0000000084f00000, 0x0000000085000000|  0%| F|  |TAMS 0x0000000084f00000, 0x0000000084f00000| Untracked 
|  80|0x0000000085000000, 0x0000000085000000, 0x0000000085100000|  0%| F|  |TAMS 0x0000000085000000, 0x0000000085000000| Untracked 
|  81|0x0000000085100000, 0x0000000085100000, 0x0000000085200000|  0%| F|  |TAMS 0x0000000085100000, 0x0000000085100000| Untracked 
|  82|0x0000000085200000, 0x0000000085200000, 0x0000000085300000|  0%| F|  |TAMS 0x0000000085200000, 0x0000000085200000| Untracked 
|  83|0x0000000085300000, 0x0000000085300000, 0x0000000085400000|  0%| F|  |TAMS 0x0000000085300000, 0x0000000085300000| Untracked 
|  84|0x0000000085400000, 0x0000000085400000, 0x0000000085500000|  0%| F|  |TAMS 0x0000000085400000, 0x0000000085400000| Untracked 
|  85|0x0000000085500000, 0x0000000085500000, 0x0000000085600000|  0%| F|  |TAMS 0x0000000085500000, 0x0000000085500000| Untracked 
|  86|0x0000000085600000, 0x0000000085600000, 0x0000000085700000|  0%| F|  |TAMS 0x0000000085600000, 0x0000000085600000| Untracked 
|  87|0x0000000085700000, 0x0000000085700000, 0x0000000085800000|  0%| F|  |TAMS 0x0000000085700000, 0x0000000085700000| Untracked 
|  88|0x0000000085800000, 0x0000000085900000, 0x0000000085900000|100%| S|CS|TAMS 0x0000000085800000, 0x0000000085800000| Complete 
|  89|0x0000000085900000, 0x0000000085a00000, 0x0000000085a00000|100%| S|CS|TAMS 0x0000000085900000, 0x0000000085900000| Complete 
|  90|0x0000000085a00000, 0x0000000085b00000, 0x0000000085b00000|100%| S|CS|TAMS 0x0000000085a00000, 0x0000000085a00000| Complete 
|  91|0x0000000085b00000, 0x0000000085c00000, 0x0000000085c00000|100%| S|CS|TAMS 0x0000000085b00000, 0x0000000085b00000| Complete 
|  92|0x0000000085c00000, 0x0000000085c00000, 0x0000000085d00000|  0%| F|  |TAMS 0x0000000085c00000, 0x0000000085c00000| Untracked 
|  93|0x0000000085d00000, 0x0000000085e00000, 0x0000000085e00000|100%| S|CS|TAMS 0x0000000085d00000, 0x0000000085d00000| Complete 
|  94|0x0000000085e00000, 0x0000000085f00000, 0x0000000085f00000|100%| S|CS|TAMS 0x0000000085e00000, 0x0000000085e00000| Complete 
|  95|0x0000000085f00000, 0x0000000086000000, 0x0000000086000000|100%| S|CS|TAMS 0x0000000085f00000, 0x0000000085f00000| Complete 
|  96|0x0000000086000000, 0x0000000086100000, 0x0000000086100000|100%| S|CS|TAMS 0x0000000086000000, 0x0000000086000000| Complete 
|  97|0x0000000086100000, 0x0000000086100000, 0x0000000086200000|  0%| F|  |TAMS 0x0000000086100000, 0x0000000086100000| Untracked 
|  98|0x0000000086200000, 0x0000000086200000, 0x0000000086300000|  0%| F|  |TAMS 0x0000000086200000, 0x0000000086200000| Untracked 
|  99|0x0000000086300000, 0x0000000086300000, 0x0000000086400000|  0%| F|  |TAMS 0x0000000086300000, 0x0000000086300000| Untracked 
| 100|0x0000000086400000, 0x0000000086400000, 0x0000000086500000|  0%| F|  |TAMS 0x0000000086400000, 0x0000000086400000| Untracked 
| 101|0x0000000086500000, 0x0000000086500000, 0x0000000086600000|  0%| F|  |TAMS 0x0000000086500000, 0x0000000086500000| Untracked 
| 102|0x0000000086600000, 0x0000000086600000, 0x0000000086700000|  0%| F|  |TAMS 0x0000000086600000, 0x0000000086600000| Untracked 
| 103|0x0000000086700000, 0x0000000086700000, 0x0000000086800000|  0%| F|  |TAMS 0x0000000086700000, 0x0000000086700000| Untracked 
| 104|0x0000000086800000, 0x0000000086800000, 0x0000000086900000|  0%| F|  |TAMS 0x0000000086800000, 0x0000000086800000| Untracked 
| 105|0x0000000086900000, 0x0000000086900000, 0x0000000086a00000|  0%| F|  |TAMS 0x0000000086900000, 0x0000000086900000| Untracked 
| 106|0x0000000086a00000, 0x0000000086a00000, 0x0000000086b00000|  0%| F|  |TAMS 0x0000000086a00000, 0x0000000086a00000| Untracked 
| 107|0x0000000086b00000, 0x0000000086b00000, 0x0000000086c00000|  0%| F|  |TAMS 0x0000000086b00000, 0x0000000086b00000| Untracked 
| 108|0x0000000086c00000, 0x0000000086c00000, 0x0000000086d00000|  0%| F|  |TAMS 0x0000000086c00000, 0x0000000086c00000| Untracked 
| 109|0x0000000086d00000, 0x0000000086d00000, 0x0000000086e00000|  0%| F|  |TAMS 0x0000000086d00000, 0x0000000086d00000| Untracked 
| 110|0x0000000086e00000, 0x0000000086e00000, 0x0000000086f00000|  0%| F|  |TAMS 0x0000000086e00000, 0x0000000086e00000| Untracked 
| 111|0x0000000086f00000, 0x0000000086f00000, 0x0000000087000000|  0%| F|  |TAMS 0x0000000086f00000, 0x0000000086f00000| Untracked 
| 112|0x0000000087000000, 0x0000000087000000, 0x0000000087100000|  0%| F|  |TAMS 0x0000000087000000, 0x0000000087000000| Untracked 
| 113|0x0000000087100000, 0x0000000087100000, 0x0000000087200000|  0%| F|  |TAMS 0x0000000087100000, 0x0000000087100000| Untracked 
| 114|0x0000000087200000, 0x0000000087200000, 0x0000000087300000|  0%| F|  |TAMS 0x0000000087200000, 0x0000000087200000| Untracked 
| 115|0x0000000087300000, 0x0000000087300000, 0x0000000087400000|  0%| F|  |TAMS 0x0000000087300000, 0x0000000087300000| Untracked 
| 116|0x0000000087400000, 0x0000000087400000, 0x0000000087500000|  0%| F|  |TAMS 0x0000000087400000, 0x0000000087400000| Untracked 
| 117|0x0000000087500000, 0x0000000087500000, 0x0000000087600000|  0%| F|  |TAMS 0x0000000087500000, 0x0000000087500000| Untracked 
| 118|0x0000000087600000, 0x0000000087600000, 0x0000000087700000|  0%| F|  |TAMS 0x0000000087600000, 0x0000000087600000| Untracked 
| 119|0x0000000087700000, 0x0000000087700000, 0x0000000087800000|  0%| F|  |TAMS 0x0000000087700000, 0x0000000087700000| Untracked 
| 120|0x0000000087800000, 0x0000000087800000, 0x0000000087900000|  0%| F|  |TAMS 0x0000000087800000, 0x0000000087800000| Untracked 
| 121|0x0000000087900000, 0x0000000087900000, 0x0000000087a00000|  0%| F|  |TAMS 0x0000000087900000, 0x0000000087900000| Untracked 
| 122|0x0000000087a00000, 0x0000000087a00000, 0x0000000087b00000|  0%| F|  |TAMS 0x0000000087a00000, 0x0000000087a00000| Untracked 
| 123|0x0000000087b00000, 0x0000000087b00000, 0x0000000087c00000|  0%| F|  |TAMS 0x0000000087b00000, 0x0000000087b00000| Untracked 
| 124|0x0000000087c00000, 0x0000000087c00000, 0x0000000087d00000|  0%| F|  |TAMS 0x0000000087c00000, 0x0000000087c00000| Untracked 
| 125|0x0000000087d00000, 0x0000000087d00000, 0x0000000087e00000|  0%| F|  |TAMS 0x0000000087d00000, 0x0000000087d00000| Untracked 
| 126|0x0000000087e00000, 0x0000000087e00000, 0x0000000087f00000|  0%| F|  |TAMS 0x0000000087e00000, 0x0000000087e00000| Untracked 
| 127|0x0000000087f00000, 0x0000000087f00000, 0x0000000088000000|  0%| F|  |TAMS 0x0000000087f00000, 0x0000000087f00000| Untracked 
| 128|0x0000000088000000, 0x0000000088000000, 0x0000000088100000|  0%| F|  |TAMS 0x0000000088000000, 0x0000000088000000| Untracked 
| 129|0x0000000088100000, 0x0000000088100000, 0x0000000088200000|  0%| F|  |TAMS 0x0000000088100000, 0x0000000088100000| Untracked 
| 130|0x0000000088200000, 0x0000000088200000, 0x0000000088300000|  0%| F|  |TAMS 0x0000000088200000, 0x0000000088200000| Untracked 
| 131|0x0000000088300000, 0x0000000088380800, 0x0000000088400000| 50%| E|  |TAMS 0x0000000088300000, 0x0000000088300000| Complete 
| 132|0x0000000088400000, 0x0000000088500000, 0x0000000088500000|100%| E|CS|TAMS 0x0000000088400000, 0x0000000088400000| Complete 
| 133|0x0000000088500000, 0x0000000088600000, 0x0000000088600000|100%| E|CS|TAMS 0x0000000088500000, 0x0000000088500000| Complete 
| 134|0x0000000088600000, 0x0000000088700000, 0x0000000088700000|100%| E|CS|TAMS 0x0000000088600000, 0x0000000088600000| Complete 
| 135|0x0000000088700000, 0x0000000088800000, 0x0000000088800000|100%| E|CS|TAMS 0x0000000088700000, 0x0000000088700000| Complete 
| 136|0x0000000088800000, 0x0000000088900000, 0x0000000088900000|100%| E|CS|TAMS 0x0000000088800000, 0x0000000088800000| Complete 
| 137|0x0000000088900000, 0x0000000088a00000, 0x0000000088a00000|100%| E|CS|TAMS 0x0000000088900000, 0x0000000088900000| Complete 
| 138|0x0000000088a00000, 0x0000000088b00000, 0x0000000088b00000|100%| E|CS|TAMS 0x0000000088a00000, 0x0000000088a00000| Complete 
| 139|0x0000000088b00000, 0x0000000088c00000, 0x0000000088c00000|100%| E|CS|TAMS 0x0000000088b00000, 0x0000000088b00000| Complete 
| 140|0x0000000088c00000, 0x0000000088d00000, 0x0000000088d00000|100%| E|CS|TAMS 0x0000000088c00000, 0x0000000088c00000| Complete 
| 141|0x0000000088d00000, 0x0000000088e00000, 0x0000000088e00000|100%| E|CS|TAMS 0x0000000088d00000, 0x0000000088d00000| Complete 
| 142|0x0000000088e00000, 0x0000000088f00000, 0x0000000088f00000|100%| E|CS|TAMS 0x0000000088e00000, 0x0000000088e00000| Complete 
| 143|0x0000000088f00000, 0x0000000089000000, 0x0000000089000000|100%| E|CS|TAMS 0x0000000088f00000, 0x0000000088f00000| Complete 
| 144|0x0000000089000000, 0x0000000089100000, 0x0000000089100000|100%| E|CS|TAMS 0x0000000089000000, 0x0000000089000000| Complete 
| 145|0x0000000089100000, 0x0000000089200000, 0x0000000089200000|100%| E|CS|TAMS 0x0000000089100000, 0x0000000089100000| Complete 
| 146|0x0000000089200000, 0x0000000089300000, 0x0000000089300000|100%| E|CS|TAMS 0x0000000089200000, 0x0000000089200000| Complete 
| 147|0x0000000089300000, 0x0000000089400000, 0x0000000089400000|100%| E|CS|TAMS 0x0000000089300000, 0x0000000089300000| Complete 
| 148|0x0000000089400000, 0x0000000089500000, 0x0000000089500000|100%| E|CS|TAMS 0x0000000089400000, 0x0000000089400000| Complete 
| 149|0x0000000089500000, 0x0000000089600000, 0x0000000089600000|100%| E|CS|TAMS 0x0000000089500000, 0x0000000089500000| Complete 
| 150|0x0000000089600000, 0x0000000089700000, 0x0000000089700000|100%| E|CS|TAMS 0x0000000089600000, 0x0000000089600000| Complete 
| 151|0x0000000089700000, 0x0000000089800000, 0x0000000089800000|100%| E|CS|TAMS 0x0000000089700000, 0x0000000089700000| Complete 
| 152|0x0000000089800000, 0x0000000089900000, 0x0000000089900000|100%| E|CS|TAMS 0x0000000089800000, 0x0000000089800000| Complete 
| 153|0x0000000089900000, 0x0000000089a00000, 0x0000000089a00000|100%| E|CS|TAMS 0x0000000089900000, 0x0000000089900000| Complete 
| 154|0x0000000089a00000, 0x0000000089b00000, 0x0000000089b00000|100%| E|CS|TAMS 0x0000000089a00000, 0x0000000089a00000| Complete 
| 155|0x0000000089b00000, 0x0000000089c00000, 0x0000000089c00000|100%| E|CS|TAMS 0x0000000089b00000, 0x0000000089b00000| Complete 
| 156|0x0000000089c00000, 0x0000000089d00000, 0x0000000089d00000|100%| E|CS|TAMS 0x0000000089c00000, 0x0000000089c00000| Complete 
| 157|0x0000000089d00000, 0x0000000089e00000, 0x0000000089e00000|100%| E|CS|TAMS 0x0000000089d00000, 0x0000000089d00000| Complete 
| 158|0x0000000089e00000, 0x0000000089f00000, 0x0000000089f00000|100%| E|CS|TAMS 0x0000000089e00000, 0x0000000089e00000| Complete 
| 159|0x0000000089f00000, 0x000000008a000000, 0x000000008a000000|100%| E|CS|TAMS 0x0000000089f00000, 0x0000000089f00000| Complete 
| 160|0x000000008a000000, 0x000000008a100000, 0x000000008a100000|100%| E|CS|TAMS 0x000000008a000000, 0x000000008a000000| Complete 
| 161|0x000000008a100000, 0x000000008a200000, 0x000000008a200000|100%| E|CS|TAMS 0x000000008a100000, 0x000000008a100000| Complete 
| 162|0x000000008a200000, 0x000000008a300000, 0x000000008a300000|100%| E|CS|TAMS 0x000000008a200000, 0x000000008a200000| Complete 
| 163|0x000000008a300000, 0x000000008a400000, 0x000000008a400000|100%| E|CS|TAMS 0x000000008a300000, 0x000000008a300000| Complete 
| 164|0x000000008a400000, 0x000000008a500000, 0x000000008a500000|100%| E|CS|TAMS 0x000000008a400000, 0x000000008a400000| Complete 
| 165|0x000000008a500000, 0x000000008a600000, 0x000000008a600000|100%| E|CS|TAMS 0x000000008a500000, 0x000000008a500000| Complete 
| 166|0x000000008a600000, 0x000000008a700000, 0x000000008a700000|100%| E|CS|TAMS 0x000000008a600000, 0x000000008a600000| Complete 
| 167|0x000000008a700000, 0x000000008a800000, 0x000000008a800000|100%| E|CS|TAMS 0x000000008a700000, 0x000000008a700000| Complete 
| 168|0x000000008a800000, 0x000000008a900000, 0x000000008a900000|100%| E|CS|TAMS 0x000000008a800000, 0x000000008a800000| Complete 
| 169|0x000000008a900000, 0x000000008aa00000, 0x000000008aa00000|100%| E|CS|TAMS 0x000000008a900000, 0x000000008a900000| Complete 
| 170|0x000000008aa00000, 0x000000008ab00000, 0x000000008ab00000|100%| E|CS|TAMS 0x000000008aa00000, 0x000000008aa00000| Complete 
| 171|0x000000008ab00000, 0x000000008ac00000, 0x000000008ac00000|100%| E|CS|TAMS 0x000000008ab00000, 0x000000008ab00000| Complete 
| 172|0x000000008ac00000, 0x000000008ad00000, 0x000000008ad00000|100%| E|CS|TAMS 0x000000008ac00000, 0x000000008ac00000| Complete 
| 173|0x000000008ad00000, 0x000000008ae00000, 0x000000008ae00000|100%| E|CS|TAMS 0x000000008ad00000, 0x000000008ad00000| Complete 
| 174|0x000000008ae00000, 0x000000008af00000, 0x000000008af00000|100%| E|CS|TAMS 0x000000008ae00000, 0x000000008ae00000| Complete 
| 175|0x000000008af00000, 0x000000008b000000, 0x000000008b000000|100%| E|CS|TAMS 0x000000008af00000, 0x000000008af00000| Complete 
| 176|0x000000008b000000, 0x000000008b100000, 0x000000008b100000|100%| E|CS|TAMS 0x000000008b000000, 0x000000008b000000| Complete 
| 177|0x000000008b100000, 0x000000008b200000, 0x000000008b200000|100%| E|CS|TAMS 0x000000008b100000, 0x000000008b100000| Complete 
| 178|0x000000008b200000, 0x000000008b300000, 0x000000008b300000|100%| E|CS|TAMS 0x000000008b200000, 0x000000008b200000| Complete 
| 179|0x000000008b300000, 0x000000008b400000, 0x000000008b400000|100%| E|CS|TAMS 0x000000008b300000, 0x000000008b300000| Complete 
| 180|0x000000008b400000, 0x000000008b500000, 0x000000008b500000|100%| E|CS|TAMS 0x000000008b400000, 0x000000008b400000| Complete 
| 181|0x000000008b500000, 0x000000008b600000, 0x000000008b600000|100%| E|CS|TAMS 0x000000008b500000, 0x000000008b500000| Complete 
| 182|0x000000008b600000, 0x000000008b700000, 0x000000008b700000|100%| E|CS|TAMS 0x000000008b600000, 0x000000008b600000| Complete 
| 183|0x000000008b700000, 0x000000008b800000, 0x000000008b800000|100%| E|CS|TAMS 0x000000008b700000, 0x000000008b700000| Complete 
| 184|0x000000008b800000, 0x000000008b900000, 0x000000008b900000|100%| E|CS|TAMS 0x000000008b800000, 0x000000008b800000| Complete 
| 185|0x000000008b900000, 0x000000008ba00000, 0x000000008ba00000|100%| E|CS|TAMS 0x000000008b900000, 0x000000008b900000| Complete 
| 186|0x000000008ba00000, 0x000000008bb00000, 0x000000008bb00000|100%| E|CS|TAMS 0x000000008ba00000, 0x000000008ba00000| Complete 
| 187|0x000000008bb00000, 0x000000008bc00000, 0x000000008bc00000|100%| E|CS|TAMS 0x000000008bb00000, 0x000000008bb00000| Complete 
| 188|0x000000008bc00000, 0x000000008bd00000, 0x000000008bd00000|100%| E|CS|TAMS 0x000000008bc00000, 0x000000008bc00000| Complete 

Card table byte_map: [0x0000018e680c0000,0x0000018e684c0000] _byte_map_base: 0x0000018e67cc0000

Marking Bits (Prev, Next): (CMBitMap*) 0x0000018e54ee88b0, (CMBitMap*) 0x0000018e54ee8878
 Prev Bits: [0x0000018e6a8c0000, 0x0000018e6c8c0000)
 Next Bits: [0x0000018e688c0000, 0x0000018e6a8c0000)

Polling page: 0x0000018e52eb0000

Metaspace:

Usage:
  Non-class:     50.56 MB capacity,    49.46 MB ( 98%) used,   966.65 KB (  2%) free+waste,   156.00 KB ( <1%) overhead. 
      Class:      7.79 MB capacity,     7.24 MB ( 93%) used,   486.04 KB (  6%) free+waste,    74.81 KB ( <1%) overhead. 
       Both:     58.35 MB capacity,    56.71 MB ( 97%) used,     1.42 MB (  2%) free+waste,   230.81 KB ( <1%) overhead. 

Virtual space:
  Non-class space:       52.00 MB reserved,      50.75 MB ( 98%) committed 
      Class space:        1.00 GB reserved,       7.88 MB ( <1%) committed 
             Both:        1.05 GB reserved,      58.63 MB (  5%) committed 

Chunk freelists:
   Non-Class:  2.00 KB
       Class:  23.00 KB
        Both:  25.00 KB

MaxMetaspaceSize: 17179869184.00 GB
CompressedClassSpaceSize: 1.00 GB

CodeHeap 'non-profiled nmethods': size=120000Kb used=3461Kb max_used=3461Kb free=116538Kb
 bounds [0x0000018e60460000, 0x0000018e607d0000, 0x0000018e67990000]
CodeHeap 'profiled nmethods': size=120000Kb used=12409Kb max_used=12409Kb free=107590Kb
 bounds [0x0000018e58f30000, 0x0000018e59b50000, 0x0000018e60460000]
CodeHeap 'non-nmethods': size=5760Kb used=2242Kb max_used=2276Kb free=3517Kb
 bounds [0x0000018e58990000, 0x0000018e58c00000, 0x0000018e58f30000]
 total_blobs=6801 nmethods=5977 adapters=735
 compilation: enabled
              stopped_count=0, restarted_count=0
 full_count=0

Compilation events (20 events):
Event: 6.833 Thread 0x0000018e6f339800 5960       3       org.gradle.internal.Try::successful (9 bytes)
Event: 6.833 Thread 0x0000018e6f339800 nmethod 5960 0x0000018e59b22310 code [0x0000018e59b224e0, 0x0000018e59b227f8]
Event: 6.833 Thread 0x0000018e6f339800 5961       3       org.gradle.internal.Try$Success::<init> (11 bytes)
Event: 6.834 Thread 0x0000018e6f339800 nmethod 5961 0x0000018e59b22990 code [0x0000018e59b22b60, 0x0000018e59b22dd8]
Event: 6.834 Thread 0x0000018e6f339800 5962       3       org.gradle.internal.Try::<init> (5 bytes)
Event: 6.834 Thread 0x0000018e6f339800 nmethod 5962 0x0000018e59b22f10 code [0x0000018e59b230c0, 0x0000018e59b23278]
Event: 6.834 Thread 0x0000018e6f339800 5963       3       org.gradle.internal.Try::<init> (5 bytes)
Event: 6.834 Thread 0x0000018e6f339800 nmethod 5963 0x0000018e59b23390 code [0x0000018e59b23540, 0x0000018e59b23698]
Event: 6.834 Thread 0x0000018e6f339800 5965       3       org.gradle.internal.snapshot.impl.IsolatedManagedValue::isolate (26 bytes)
Event: 6.834 Thread 0x0000018e6f339800 nmethod 5965 0x0000018e59b23790 code [0x0000018e59b23960, 0x0000018e59b23cf8]
Event: 6.834 Thread 0x0000018e6f339800 5964       3       org.gradle.api.internal.provider.Providers::internal (8 bytes)
Event: 6.834 Thread 0x0000018e6f339800 nmethod 5964 0x0000018e59b23e10 code [0x0000018e59b23fc0, 0x0000018e59b241f8]
Event: 6.853 Thread 0x0000018e6f339800 5968       2       java.util.HashSet::contains (9 bytes)
Event: 6.853 Thread 0x0000018e6f339800 nmethod 5968 0x0000018e59b24310 code [0x0000018e59b244c0, 0x0000018e59b245e8]
Event: 6.854 Thread 0x0000018e6f339800 5969       3       org.gradle.internal.instantiation.generator.AbstractClassGenerator$InjectionAnnotationValidator::validateMethod (166 bytes)
Event: 6.856 Thread 0x0000018e6f339800 nmethod 5969 0x0000018e59b24690 code [0x0000018e59b24a20, 0x0000018e59b260a8]
Event: 6.856 Thread 0x0000018e6f339800 5970       3       java.lang.Class::isLocalClass (27 bytes)
Event: 6.857 Thread 0x0000018e6f339800 nmethod 5970 0x0000018e59b26790 code [0x0000018e59b26980, 0x0000018e59b26d18]
Event: 6.862 Thread 0x0000018e6f339800 5971 %     3       org.gradle.internal.instantiation.generator.AbstractClassGenerator::inspectType @ 517 (560 bytes)
Event: 6.866 Thread 0x0000018e6f339800 nmethod 5971% 0x0000018e59b26e90 code [0x0000018e59b276a0, 0x0000018e59b2cb08]

GC Heap History (20 events):
Event: 0.777 GC heap before
{Heap before GC invocations=1 (full 0):
 garbage-first heap   total 131072K, used 31651K [0x0000000080000000, 0x0000000100000000)
  region size 1024K, 25 young (25600K), 3 survivors (3072K)
 Metaspace       used 11093K, capacity 11318K, committed 11520K, reserved 1058816K
  class space    used 1165K, capacity 1243K, committed 1280K, reserved 1048576K
}
Event: 0.781 GC heap after
{Heap after GC invocations=2 (full 0):
 garbage-first heap   total 131072K, used 9899K [0x0000000080000000, 0x0000000100000000)
  region size 1024K, 1 young (1024K), 1 survivors (1024K)
 Metaspace       used 11093K, capacity 11318K, committed 11520K, reserved 1058816K
  class space    used 1165K, capacity 1243K, committed 1280K, reserved 1048576K
}
Event: 1.954 GC heap before
{Heap before GC invocations=2 (full 0):
 garbage-first heap   total 131072K, used 64171K [0x0000000080000000, 0x0000000100000000)
  region size 1024K, 54 young (55296K), 1 survivors (1024K)
 Metaspace       used 18182K, capacity 18679K, committed 18816K, reserved 1064960K
  class space    used 2176K, capacity 2316K, committed 2432K, reserved 1048576K
}
Event: 1.959 GC heap after
{Heap after GC invocations=3 (full 0):
 garbage-first heap   total 131072K, used 16440K [0x0000000080000000, 0x0000000100000000)
  region size 1024K, 7 young (7168K), 7 survivors (7168K)
 Metaspace       used 18182K, capacity 18679K, committed 18816K, reserved 1064960K
  class space    used 2176K, capacity 2316K, committed 2432K, reserved 1048576K
}
Event: 2.143 GC heap before
{Heap before GC invocations=3 (full 0):
 garbage-first heap   total 131072K, used 35896K [0x0000000080000000, 0x0000000100000000)
  region size 1024K, 27 young (27648K), 7 survivors (7168K)
 Metaspace       used 20582K, capacity 21127K, committed 21248K, reserved 1067008K
  class space    used 2518K, capacity 2733K, committed 2816K, reserved 1048576K
}
Event: 2.150 GC heap after
{Heap after GC invocations=4 (full 0):
 garbage-first heap   total 131072K, used 16944K [0x0000000080000000, 0x0000000100000000)
  region size 1024K, 1 young (1024K), 1 survivors (1024K)
 Metaspace       used 20582K, capacity 21127K, committed 21248K, reserved 1067008K
  class space    used 2518K, capacity 2733K, committed 2816K, reserved 1048576K
}
Event: 2.630 GC heap before
{Heap before GC invocations=5 (full 0):
 garbage-first heap   total 131072K, used 65072K [0x0000000080000000, 0x0000000100000000)
  region size 1024K, 49 young (50176K), 1 survivors (1024K)
 Metaspace       used 25790K, capacity 26471K, committed 26752K, reserved 1073152K
  class space    used 3377K, capacity 3626K, committed 3712K, reserved 1048576K
}
Event: 2.635 GC heap after
{Heap after GC invocations=6 (full 0):
 garbage-first heap   total 131072K, used 18666K [0x0000000080000000, 0x0000000100000000)
  region size 1024K, 3 young (3072K), 3 survivors (3072K)
 Metaspace       used 25790K, capacity 26471K, committed 26752K, reserved 1073152K
  class space    used 3377K, capacity 3626K, committed 3712K, reserved 1048576K
}
Event: 3.308 GC heap before
{Heap before GC invocations=6 (full 0):
 garbage-first heap   total 131072K, used 83178K [0x0000000080000000, 0x0000000100000000)
  region size 1024K, 56 young (57344K), 3 survivors (3072K)
 Metaspace       used 30449K, capacity 31356K, committed 31616K, reserved 1077248K
  class space    used 4125K, capacity 4421K, committed 4480K, reserved 1048576K
}
Event: 3.313 GC heap after
{Heap after GC invocations=7 (full 0):
 garbage-first heap   total 157696K, used 33333K [0x0000000080000000, 0x0000000100000000)
  region size 1024K, 7 young (7168K), 7 survivors (7168K)
 Metaspace       used 30449K, capacity 31356K, committed 31616K, reserved 1077248K
  class space    used 4125K, capacity 4421K, committed 4480K, reserved 1048576K
}
Event: 3.663 GC heap before
{Heap before GC invocations=7 (full 0):
 garbage-first heap   total 157696K, used 47669K [0x0000000080000000, 0x0000000100000000)
  region size 1024K, 22 young (22528K), 7 survivors (7168K)
 Metaspace       used 34863K, capacity 35727K, committed 35840K, reserved 1081344K
  class space    used 4562K, capacity 4899K, committed 4992K, reserved 1048576K
}
Event: 3.678 GC heap after
{Heap after GC invocations=8 (full 0):
 garbage-first heap   total 157696K, used 35279K [0x0000000080000000, 0x0000000100000000)
  region size 1024K, 7 young (7168K), 7 survivors (7168K)
 Metaspace       used 34863K, capacity 35727K, committed 35840K, reserved 1081344K
  class space    used 4562K, capacity 4899K, committed 4992K, reserved 1048576K
}
Event: 4.292 GC heap before
{Heap before GC invocations=9 (full 0):
 garbage-first heap   total 157696K, used 92623K [0x0000000080000000, 0x0000000100000000)
  region size 1024K, 61 young (62464K), 7 survivors (7168K)
 Metaspace       used 40378K, capacity 41362K, committed 41472K, reserved 1085440K
  class space    used 5185K, capacity 5539K, committed 5632K, reserved 1048576K
}
Event: 4.312 GC heap after
{Heap after GC invocations=10 (full 0):
 garbage-first heap   total 157696K, used 39634K [0x0000000080000000, 0x0000000100000000)
  region size 1024K, 7 young (7168K), 7 survivors (7168K)
 Metaspace       used 40378K, capacity 41362K, committed 41472K, reserved 1085440K
  class space    used 5185K, capacity 5539K, committed 5632K, reserved 1048576K
}
Event: 4.954 GC heap before
{Heap before GC invocations=11 (full 0):
 garbage-first heap   total 157696K, used 106194K [0x0000000080000000, 0x0000000100000000)
  region size 1024K, 64 young (65536K), 7 survivors (7168K)
 Metaspace       used 44400K, capacity 45616K, committed 45824K, reserved 1089536K
  class space    used 5599K, capacity 6053K, committed 6144K, reserved 1048576K
}
Event: 4.965 GC heap after
{Heap after GC invocations=12 (full 0):
 garbage-first heap   total 157696K, used 52183K [0x0000000080000000, 0x0000000100000000)
  region size 1024K, 8 young (8192K), 8 survivors (8192K)
 Metaspace       used 44400K, capacity 45616K, committed 45824K, reserved 1089536K
  class space    used 5599K, capacity 6053K, committed 6144K, reserved 1048576K
}
Event: 5.464 GC heap before
{Heap before GC invocations=12 (full 0):
 garbage-first heap   total 157696K, used 107479K [0x0000000080000000, 0x0000000100000000)
  region size 1024K, 62 young (63488K), 8 survivors (8192K)
 Metaspace       used 47654K, capacity 49029K, committed 49152K, reserved 1091584K
  class space    used 6141K, capacity 6595K, committed 6656K, reserved 1048576K
}
Event: 5.475 GC heap after
{Heap after GC invocations=13 (full 0):
 garbage-first heap   total 157696K, used 55697K [0x0000000080000000, 0x0000000100000000)
  region size 1024K, 4 young (4096K), 4 survivors (4096K)
 Metaspace       used 47654K, capacity 49029K, committed 49152K, reserved 1091584K
  class space    used 6141K, capacity 6595K, committed 6656K, reserved 1048576K
}
Event: 6.160 GC heap before
{Heap before GC invocations=13 (full 0):
 garbage-first heap   total 157696K, used 118161K [0x0000000080000000, 0x0000000100000000)
  region size 1024K, 58 young (59392K), 4 survivors (4096K)
 Metaspace       used 49985K, capacity 51520K, committed 51840K, reserved 1093632K
  class space    used 6411K, capacity 6943K, committed 7040K, reserved 1048576K
}
Event: 6.168 GC heap after
{Heap after GC invocations=14 (full 0):
 garbage-first heap   total 193536K, used 71955K [0x0000000080000000, 0x0000000100000000)
  region size 1024K, 8 young (8192K), 8 survivors (8192K)
 Metaspace       used 49985K, capacity 51520K, committed 51840K, reserved 1093632K
  class space    used 6411K, capacity 6943K, committed 7040K, reserved 1048576K
}

Deoptimization events (20 events):
Event: 6.656 Thread 0x0000018e725fe800 Uncommon trap: trap_request=0xffffff4d fr.pc=0x0000018e60758fa0 relative=0x0000000000000420
Event: 6.656 Thread 0x0000018e725fe800 Uncommon trap: reason=unstable_if action=reinterpret pc=0x0000018e60758fa0 method=org.gradle.internal.instantiation.generator.AbstractClassGenerator$InjectionAnnotationValidator.validateMethod(Ljava/lang/reflect/Method;Lorg/gradle/internal/reflect/Propert
Event: 6.656 Thread 0x0000018e725fe800 DEOPT PACKING pc=0x0000018e60758fa0 sp=0x00000005daff7b90
Event: 6.656 Thread 0x0000018e725fe800 DEOPT UNPACKING pc=0x0000018e589b78af sp=0x00000005daff7b58 mode 2
Event: 6.777 Thread 0x0000018e725fe800 Uncommon trap: trap_request=0xffffffde fr.pc=0x0000018e6062be04 relative=0x00000000000014e4
Event: 6.777 Thread 0x0000018e725fe800 Uncommon trap: reason=class_check action=maybe_recompile pc=0x0000018e6062be04 method=jdk.internal.loader.BuiltinClassLoader.loadClassOrNull(Ljava/lang/String;Z)Ljava/lang/Class; @ 86 c2
Event: 6.777 Thread 0x0000018e725fe800 DEOPT PACKING pc=0x0000018e6062be04 sp=0x00000005daff60b0
Event: 6.777 Thread 0x0000018e725fe800 DEOPT UNPACKING pc=0x0000018e589b78af sp=0x00000005daff6018 mode 2
Event: 6.793 Thread 0x0000018e725fe800 Uncommon trap: trap_request=0xffffffdc fr.pc=0x0000018e607bc0ec relative=0x00000000000002ac
Event: 6.793 Thread 0x0000018e725fe800 Uncommon trap: reason=class_check action=make_not_entrant pc=0x0000018e607bc0ec method=java.util.ArrayList.toArray([Ljava/lang/Object;)[Ljava/lang/Object; @ 21 c2
Event: 6.793 Thread 0x0000018e725fe800 DEOPT PACKING pc=0x0000018e607bc0ec sp=0x00000005daff7d00
Event: 6.793 Thread 0x0000018e725fe800 DEOPT UNPACKING pc=0x0000018e589b78af sp=0x00000005daff7cd0 mode 2
Event: 6.835 Thread 0x0000018e725fe800 Uncommon trap: trap_request=0xffffffde fr.pc=0x0000018e60679aec relative=0x000000000000022c
Event: 6.835 Thread 0x0000018e725fe800 Uncommon trap: reason=class_check action=maybe_recompile pc=0x0000018e60679aec method=java.util.HashSet.contains(Ljava/lang/Object;)Z @ 5 c2
Event: 6.835 Thread 0x0000018e725fe800 DEOPT PACKING pc=0x0000018e60679aec sp=0x00000005daff8460
Event: 6.835 Thread 0x0000018e725fe800 DEOPT UNPACKING pc=0x0000018e589b78af sp=0x00000005daff8408 mode 2
Event: 6.835 Thread 0x0000018e725fe800 Uncommon trap: trap_request=0xffffffde fr.pc=0x0000018e60679aec relative=0x000000000000022c
Event: 6.836 Thread 0x0000018e725fe800 Uncommon trap: reason=class_check action=maybe_recompile pc=0x0000018e60679aec method=java.util.HashSet.contains(Ljava/lang/Object;)Z @ 5 c2
Event: 6.836 Thread 0x0000018e725fe800 DEOPT PACKING pc=0x0000018e60679aec sp=0x00000005daff8460
Event: 6.836 Thread 0x0000018e725fe800 DEOPT UNPACKING pc=0x0000018e589b78af sp=0x00000005daff8408 mode 2

Classes redefined (0 events):
No events

Internal exceptions (20 events):
Event: 6.079 Thread 0x0000018e725fe800 Exception <a 'java/lang/ClassNotFoundException'{0x0000000086a5bb80}: org/gradle/api/tasks/DeleteBeanInfo> (0x0000000086a5bb80) thrown at [./src/hotspot/share/classfile/systemDictionary.cpp, line 231]
Event: 6.080 Thread 0x0000018e725fe800 Exception <a 'java/lang/ClassNotFoundException'{0x0000000086a87ef0}: org/gradle/api/internal/ConventionTaskBeanInfo> (0x0000000086a87ef0) thrown at [./src/hotspot/share/classfile/systemDictionary.cpp, line 231]
Event: 6.081 Thread 0x0000018e725fe800 Exception <a 'java/lang/ClassNotFoundException'{0x0000000086ab0828}: org/gradle/api/DefaultTaskBeanInfo> (0x0000000086ab0828) thrown at [./src/hotspot/share/classfile/systemDictionary.cpp, line 231]
Event: 6.082 Thread 0x0000018e725fe800 Exception <a 'java/lang/ClassNotFoundException'{0x0000000086add410}: org/gradle/api/internal/AbstractTaskBeanInfo> (0x0000000086add410) thrown at [./src/hotspot/share/classfile/systemDictionary.cpp, line 231]
Event: 6.083 Thread 0x0000018e725fe800 Exception <a 'java/lang/ClassNotFoundException'{0x000000008690a4d0}: org/gradle/api/internal/AbstractTaskCustomizer> (0x000000008690a4d0) thrown at [./src/hotspot/share/classfile/systemDictionary.cpp, line 231]
Event: 6.086 Thread 0x0000018e725fe800 Exception <a 'java/lang/ClassNotFoundException'{0x000000008697b5d8}: org/gradle/api/DefaultTaskCustomizer> (0x000000008697b5d8) thrown at [./src/hotspot/share/classfile/systemDictionary.cpp, line 231]
Event: 6.089 Thread 0x0000018e725fe800 Exception <a 'java/lang/ClassNotFoundException'{0x00000000869fc410}: org/gradle/api/internal/ConventionTaskCustomizer> (0x00000000869fc410) thrown at [./src/hotspot/share/classfile/systemDictionary.cpp, line 231]
Event: 6.090 Thread 0x0000018e725fe800 Exception <a 'java/lang/ClassNotFoundException'{0x0000000086846c68}: org/gradle/api/tasks/DeleteCustomizer> (0x0000000086846c68) thrown at [./src/hotspot/share/classfile/systemDictionary.cpp, line 231]
Event: 6.092 Thread 0x0000018e725fe800 Exception <a 'java/lang/ClassNotFoundException'{0x0000000086885ea8}: org/gradle/api/tasks/Delete_DecoratedCustomizer> (0x0000000086885ea8) thrown at [./src/hotspot/share/classfile/systemDictionary.cpp, line 231]
Event: 6.117 Thread 0x0000018e725fe800 Exception <a 'java/lang/ClassNotFoundException'{0x00000000867a9a98}: build_c5kdik7fs5wkqrxmgbi2krqomBeanInfo> (0x00000000867a9a98) thrown at [./src/hotspot/share/classfile/systemDictionary.cpp, line 231]
Event: 6.118 Thread 0x0000018e725fe800 Exception <a 'java/lang/ClassNotFoundException'{0x00000000867b49c0}: build_c5kdik7fs5wkqrxmgbi2krqomCustomizer> (0x00000000867b49c0) thrown at [./src/hotspot/share/classfile/systemDictionary.cpp, line 231]
Event: 6.126 Thread 0x0000018e725fe800 Exception <a 'java/lang/ClassNotFoundException'{0x00000000866398e0}: org/gradle/plugin/use/internal/PluginRequestCollector$PluginDependenciesSpecImplBeanInfo> (0x00000000866398e0) thrown at [./src/hotspot/share/classfile/systemDictionary.cpp, line 231]
Event: 6.126 Thread 0x0000018e725fe800 Exception <a 'java/lang/ClassNotFoundException'{0x0000000086667790}: org/gradle/plugin/use/internal/PluginRequestCollector$PluginDependenciesSpecImplCustomizer> (0x0000000086667790) thrown at [./src/hotspot/share/classfile/systemDictionary.cpp, line 231]
Event: 6.264 Thread 0x0000018e725fe800 Exception <a 'java/lang/NoSuchMethodError'{0x000000008b383b88}: 'java.lang.Object java.lang.invoke.DirectMethodHandle$Holder.invokeStatic(java.lang.Object, java.lang.Object, java.lang.Object, java.lang.Object, int)'> (0x000000008b383b88) thrown at [./src/hotspot/share/interpreter/linkResolver.cpp, line 773]
Event: 6.264 Thread 0x0000018e725fe800 Exception <a 'java/lang/NoSuchMethodError'{0x000000008b388580}: 'java.lang.Object java.lang.invoke.DirectMethodHandle$Holder.invokeSpecial(java.lang.Object, java.lang.Object, java.lang.Object, java.lang.Object, java.lang.Object, int)'> (0x000000008b388580) thrown at [./src/hotspot/share/interpreter/linkResolver.cpp, line 773]
Event: 6.265 Thread 0x0000018e725fe800 Exception <a 'java/lang/NoSuchMethodError'{0x000000008b38cbc0}: 'java.lang.Object java.lang.invoke.Invokers$Holder.linkToTargetMethod(java.lang.Object, java.lang.Object, java.lang.Object, int, java.lang.Object)'> (0x000000008b38cbc0) thrown at [./src/hotspot/share/interpreter/linkResolver.cpp, line 773]
Event: 6.473 Thread 0x0000018e725fe800 Exception <a 'java/lang/NoSuchMethodError'{0x000000008a44d708}: 'java.lang.Object java.lang.invoke.DirectMethodHandle$Holder.invokeSpecial(java.lang.Object, java.lang.Object, int, int, java.lang.Object, java.lang.Object, java.lang.Object)'> (0x000000008a44d708) thrown at [./src/hotspot/share/interpreter/linkResolver.cpp, line 773]
Event: 6.473 Thread 0x0000018e725fe800 Exception <a 'java/lang/NoSuchMethodError'{0x000000008a451c88}: 'java.lang.Object java.lang.invoke.DelegatingMethodHandle$Holder.reinvoke_L(java.lang.Object, int, int, java.lang.Object, java.lang.Object, java.lang.Object)'> (0x000000008a451c88) thrown at [./src/hotspot/share/interpreter/linkResolver.cpp, line 773]
Event: 6.644 Thread 0x0000018e725fe800 Exception <a 'java/lang/NoSuchMethodError'{0x0000000089840858}: 'int java.lang.invoke.DirectMethodHandle$Holder.invokeInterface(java.lang.Object, java.lang.Object, java.lang.Object, java.lang.Object)'> (0x0000000089840858) thrown at [./src/hotspot/share/interpreter/linkResolver.cpp, line 773]
Event: 6.834 Thread 0x0000018e725fe800 Exception <a 'java/lang/NoSuchMethodError'{0x0000000088ac9ea0}: 'void java.lang.invoke.DirectMethodHandle$Holder.invokeInterface(java.lang.Object, java.lang.Object, java.lang.Object, java.lang.Object)'> (0x0000000088ac9ea0) thrown at [./src/hotspot/share/interpreter/linkResolver.cpp, line 773]

Events (20 events):
Event: 6.873 loading class org/gradle/api/Task
Event: 6.873 loading class org/gradle/api/Task done
Event: 6.873 loading class org/gradle/api/Action
Event: 6.873 loading class org/gradle/api/Action done
Event: 6.873 loading class org/gradle/api/Task
Event: 6.873 loading class org/gradle/api/Task done
Event: 6.873 loading class org/gradle/api/Action
Event: 6.873 loading class org/gradle/api/Action done
Event: 6.873 loading class org/gradle/api/Task
Event: 6.873 loading class org/gradle/api/Task done
Event: 6.873 loading class org/gradle/api/Action
Event: 6.873 loading class org/gradle/api/Action done
Event: 6.874 loading class org/gradle/api/internal/file/DefaultFilePropertyFactory$PathToDirectoryTransformer
Event: 6.874 loading class org/gradle/api/internal/file/DefaultFilePropertyFactory$PathToDirectoryTransformer done
Event: 6.874 loading class org/gradle/api/internal/plugins/BuildConfigurationRule
Event: 6.874 loading class org/gradle/api/internal/plugins/BuildConfigurationRule done
Event: 6.875 loading class org/gradle/api/internal/plugins/AbstractRule
Event: 6.875 loading class org/gradle/api/internal/plugins/AbstractRule done
Event: 6.875 loading class org/gradle/api/internal/tasks/DefaultRealizableTaskCollection
Event: 6.875 loading class org/gradle/api/internal/tasks/DefaultRealizableTaskCollection done


Dynamic libraries:
0x00007ff68d740000 - 0x00007ff68d74a000 	C:\android\STUDIO\jre\bin\java.exe
0x00007ffaa1710000 - 0x00007ffaa1905000 	C:\WINDOWS\SYSTEM32\ntdll.dll
0x00007ffaa1420000 - 0x00007ffaa14de000 	C:\WINDOWS\System32\KERNEL32.DLL
0x00007ffa9ee30000 - 0x00007ffa9f0f9000 	C:\WINDOWS\System32\KERNELBASE.dll
0x00007ffa9f250000 - 0x00007ffa9f350000 	C:\WINDOWS\System32\ucrtbase.dll
0x00007ffa95670000 - 0x00007ffa95689000 	C:\android\STUDIO\jre\bin\jli.dll
0x00007ffa95690000 - 0x00007ffa956a7000 	C:\android\STUDIO\jre\bin\VCRUNTIME140.dll
0x00007ffaa1210000 - 0x00007ffaa13b1000 	C:\WINDOWS\System32\USER32.dll
0x00007ffa9f6b0000 - 0x00007ffa9f6d2000 	C:\WINDOWS\System32\win32u.dll
0x00007ffa7e610000 - 0x00007ffa7e8aa000 	C:\WINDOWS\WinSxS\amd64_microsoft.windows.common-controls_6595b64144ccf1df_6.0.19041.1110_none_60b5254171f9507e\COMCTL32.dll
0x00007ffaa0f00000 - 0x00007ffaa0f2b000 	C:\WINDOWS\System32\GDI32.dll
0x00007ffaa04c0000 - 0x00007ffaa055e000 	C:\WINDOWS\System32\msvcrt.dll
0x00007ffa9f440000 - 0x00007ffa9f54b000 	C:\WINDOWS\System32\gdi32full.dll
0x00007ffa9f1b0000 - 0x00007ffa9f24d000 	C:\WINDOWS\System32\msvcp_win.dll
0x00007ffaa0b20000 - 0x00007ffaa0b50000 	C:\WINDOWS\System32\IMM32.DLL
0x00007ffa6e290000 - 0x00007ffa6e32d000 	C:\android\STUDIO\jre\bin\msvcp140.dll
0x00007ffa5bbc0000 - 0x00007ffa5c68f000 	C:\android\STUDIO\jre\bin\server\jvm.dll
0x00007ffaa0f40000 - 0x00007ffaa0fec000 	C:\WINDOWS\System32\ADVAPI32.dll
0x00007ffaa0a80000 - 0x00007ffaa0b1b000 	C:\WINDOWS\System32\sechost.dll
0x00007ffaa0390000 - 0x00007ffaa04ba000 	C:\WINDOWS\System32\RPCRT4.dll
0x00007ffaa0b50000 - 0x00007ffaa0b58000 	C:\WINDOWS\System32\PSAPI.DLL
0x00007ffa8a4b0000 - 0x00007ffa8a4d7000 	C:\WINDOWS\SYSTEM32\WINMM.dll
0x00007ffa96ec0000 - 0x00007ffa96eca000 	C:\WINDOWS\SYSTEM32\VERSION.dll
0x00007ffa847d0000 - 0x00007ffa847d9000 	C:\WINDOWS\SYSTEM32\WSOCK32.dll
0x00007ffaa1120000 - 0x00007ffaa118b000 	C:\WINDOWS\System32\WS2_32.dll
0x00007ffa9d670000 - 0x00007ffa9d682000 	C:\WINDOWS\SYSTEM32\kernel.appcore.dll
0x00007ffa98750000 - 0x00007ffa98761000 	C:\android\STUDIO\jre\bin\verify.dll
0x00007ffa9c630000 - 0x00007ffa9c814000 	C:\WINDOWS\SYSTEM32\DBGHELP.DLL
0x00007ffa84810000 - 0x00007ffa8483c000 	C:\WINDOWS\SYSTEM32\dbgcore.DLL
0x00007ffa9f350000 - 0x00007ffa9f3d3000 	C:\WINDOWS\System32\bcryptPrimitives.dll
0x00007ffa98720000 - 0x00007ffa98749000 	C:\android\STUDIO\jre\bin\java.dll
0x00007ffa98d70000 - 0x00007ffa98d7b000 	C:\android\STUDIO\jre\bin\jimage.dll
0x00007ffa98700000 - 0x00007ffa98718000 	C:\android\STUDIO\jre\bin\zip.dll
0x00007ffa9fc40000 - 0x00007ffaa037f000 	C:\WINDOWS\System32\SHELL32.dll
0x00007ffa9ced0000 - 0x00007ffa9d660000 	C:\WINDOWS\SYSTEM32\windows.storage.dll
0x00007ffaa05f0000 - 0x00007ffaa0945000 	C:\WINDOWS\System32\combase.dll
0x00007ffa9e860000 - 0x00007ffa9e88c000 	C:\WINDOWS\SYSTEM32\Wldp.dll
0x00007ffaa0d70000 - 0x00007ffaa0e1e000 	C:\WINDOWS\System32\SHCORE.dll
0x00007ffaa1190000 - 0x00007ffaa11e5000 	C:\WINDOWS\System32\shlwapi.dll
0x00007ffa9ed70000 - 0x00007ffa9ed8f000 	C:\WINDOWS\SYSTEM32\profapi.dll
0x00007ffa981c0000 - 0x00007ffa981da000 	C:\android\STUDIO\jre\bin\net.dll
0x00007ffa8e470000 - 0x00007ffa8e578000 	C:\WINDOWS\SYSTEM32\WINHTTP.dll
0x00007ffa761b0000 - 0x00007ffa761d0000 	C:\WINDOWS\system32\PrxerDrv.dll
0x00007ffa9e590000 - 0x00007ffa9e5fa000 	C:\WINDOWS\system32\mswsock.dll
0x00007ffa96c60000 - 0x00007ffa96c74000 	C:\android\STUDIO\jre\bin\nio.dll
0x00007ffa77400000 - 0x00007ffa77427000 	C:\Users\99670\.gradle\native\8bec1ad78214c89d9ad589b4d07fe93259594b29d510b10fafb7a158f7737e5d\windows-amd64\native-platform.dll
0x00007ffa66980000 - 0x00007ffa66abd000 	C:\Users\99670\.gradle\native\53dbd7edfb1c66fb8903c78663c9afc45aea4f116125fa6feffd364cf09443e8\windows-amd64\native-platform-file-events.dll
0x00007ffa98a90000 - 0x00007ffa98a9a000 	C:\android\STUDIO\jre\bin\management.dll
0x00007ffa989b0000 - 0x00007ffa989bc000 	C:\android\STUDIO\jre\bin\management_ext.dll
0x00007ffa9e750000 - 0x00007ffa9e768000 	C:\WINDOWS\SYSTEM32\CRYPTSP.dll
0x00007ffa9deb0000 - 0x00007ffa9dee4000 	C:\WINDOWS\system32\rsaenh.dll
0x00007ffa9f730000 - 0x00007ffa9f757000 	C:\WINDOWS\System32\bcrypt.dll
0x00007ffa9ed30000 - 0x00007ffa9ed5e000 	C:\WINDOWS\SYSTEM32\USERENV.dll
0x00007ffa9e740000 - 0x00007ffa9e74c000 	C:\WINDOWS\SYSTEM32\CRYPTBASE.dll
0x00007ffa9e240000 - 0x00007ffa9e27b000 	C:\WINDOWS\SYSTEM32\IPHLPAPI.DLL
0x00007ffaa0f30000 - 0x00007ffaa0f38000 	C:\WINDOWS\System32\NSI.dll
0x00007ffa95160000 - 0x00007ffa95177000 	C:\WINDOWS\SYSTEM32\dhcpcsvc6.DLL
0x00007ffa96d50000 - 0x00007ffa96d6d000 	C:\WINDOWS\SYSTEM32\dhcpcsvc.DLL
0x00007ffa9e290000 - 0x00007ffa9e35c000 	C:\WINDOWS\SYSTEM32\DNSAPI.dll

dbghelp: loaded successfully - version: 4.0.5 - missing functions: none
symbol engine: initialized successfully - sym options: 0x614 - pdb path: .;C:\android\STUDIO\jre\bin;C:\WINDOWS\SYSTEM32;C:\WINDOWS\WinSxS\amd64_microsoft.windows.common-controls_6595b64144ccf1df_6.0.19041.1110_none_60b5254171f9507e;C:\android\STUDIO\jre\bin\server;C:\Users\99670\.gradle\native\8bec1ad78214c89d9ad589b4d07fe93259594b29d510b10fafb7a158f7737e5d\windows-amd64;C:\Users\99670\.gradle\native\53dbd7edfb1c66fb8903c78663c9afc45aea4f116125fa6feffd364cf09443e8\windows-amd64

VM Arguments:
jvm_args: --add-opens=java.base/java.util=ALL-UNNAMED --add-opens=java.base/java.lang=ALL-UNNAMED --add-opens=java.base/java.lang.invoke=ALL-UNNAMED --add-opens=java.base/java.util=ALL-UNNAMED --add-opens=java.prefs/java.util.prefs=ALL-UNNAMED --add-opens=java.prefs/java.util.prefs=ALL-UNNAMED --add-opens=java.base/java.nio.charset=ALL-UNNAMED --add-opens=java.base/java.net=ALL-UNNAMED --add-opens=java.base/java.util.concurrent.atomic=ALL-UNNAMED -Xmx2048m -Dfile.encoding=UTF-8 -Duser.country=RU -Duser.language=ru -Duser.variant 
java_command: org.gradle.launcher.daemon.bootstrap.GradleDaemon 7.0.2
java_class_path (initial): C:\Users\99670\.gradle\wrapper\dists\gradle-7.0.2-bin\857tjihv64xamwrf0h14cai3r\gradle-7.0.2\lib\gradle-launcher-7.0.2.jar
Launcher Type: SUN_STANDARD

[Global flags]
     intx CICompilerCount                          = 4                                         {product} {ergonomic}
     uint ConcGCThreads                            = 2                                         {product} {ergonomic}
     uint G1ConcRefinementThreads                  = 8                                         {product} {ergonomic}
   size_t G1HeapRegionSize                         = 1048576                                   {product} {ergonomic}
    uintx GCDrainStackTargetSize                   = 64                                        {product} {ergonomic}
   size_t InitialHeapSize                          = 134217728                                 {product} {ergonomic}
   size_t MarkStackSize                            = 4194304                                   {product} {ergonomic}
   size_t MaxHeapSize                              = 2147483648                                {product} {command line}
   size_t MaxNewSize                               = 1287651328                                {product} {ergonomic}
   size_t MinHeapDeltaBytes                        = 1048576                                   {product} {ergonomic}
    uintx NonNMethodCodeHeapSize                   = 5836300                                {pd product} {ergonomic}
    uintx NonProfiledCodeHeapSize                  = 122910970                              {pd product} {ergonomic}
    uintx ProfiledCodeHeapSize                     = 122910970                              {pd product} {ergonomic}
    uintx ReservedCodeCacheSize                    = 251658240                              {pd product} {ergonomic}
     bool SegmentedCodeCache                       = true                                      {product} {ergonomic}
     bool UseCompressedClassPointers               = true                                 {lp64_product} {ergonomic}
     bool UseCompressedOops                        = true                                 {lp64_product} {ergonomic}
     bool UseG1GC                                  = true                                      {product} {ergonomic}
     bool UseLargePagesIndividualAllocation        = false                                  {pd product} {ergonomic}

Logging:
Log output configuration:
 #0: stdout all=warning uptime,level,tags
 #1: stderr all=off uptime,level,tags

Environment Variables:
PATH=C:\Users\99670\Downloads\WINDOWS.X64_193000_db_home\bin;C:\Program Files\Common Files\Oracle\Java\javapath;C:\Program Files (x86)\Razer Chroma SDK\bin;C:\Program Files\Razer Chroma SDK\bin;C:\Program Files (x86)\Razer\ChromaBroadcast\bin;C:\Program Files\Razer\ChromaBroadcast\bin;C:\Windows\system32;C:\Windows;C:\Windows\System32\Wbem;C:\Windows\System32\WindowsPowerShell\v1.0\;C:\Windows\System32\OpenSSH\;C:\Program Files (x86)\Intel\Intel(R) Management Engine Components\DAL;C:\Program Files\Intel\Intel(R) Management Engine Components\DAL;C:\WINDOWS\system32;C:\WINDOWS;C:\WINDOWS\System32\Wbem;C:\WINDOWS\System32\WindowsPowerShell\v1.0\;C:\WINDOWS\System32\OpenSSH\;C:\Program Files\Git\cmd;C:\Users\99670\AppData\Local\Microsoft\WindowsApps;C:\Program Files\JetBrains\IntelliJ IDEA 2020.3.3\bin
USERNAME=99670
OS=Windows_NT
PROCESSOR_IDENTIFIER=Intel64 Family 6 Model 142 Stepping 11, GenuineIntel



---------------  S Y S T E M  ---------------

OS: Windows 10 , 64 bit Build 19041 (10.0.19041.1202)
OS uptime: 12 days 19:59 hours
Hyper-V role detected

CPU:total 8 (initial active 8) (4 cores per cpu, 2 threads per core) family 6 model 142 stepping 11 microcode 0xb8, cmov, cx8, fxsr, mmx, sse, sse2, sse3, ssse3, sse4.1, sse4.2, popcnt, avx, avx2, aes, clmul, erms, 3dnowpref, lzcnt, ht, tsc, tscinvbit, bmi1, bmi2, adx, fma

Memory: 4k page, system-wide physical 8092M (589M free)
TotalPageFile size 10140M (AvailPageFile size 9M)
current process WorkingSet (physical memory assigned to process): 386M, peak: 389M
current process commit charge ("private bytes"): 429M, peak: 433M

vm_info: OpenJDK 64-Bit Server VM (11.0.10+0-b96-7249189) for windows-amd64 JRE (11.0.10+0-b96-7249189), built on Mar 31 2021 21:44:00 by "builder" with MS VC++ 14.0 (VS2015)

END.
