#
# There is insufficient memory for the Java Runtime Environment to continue.
# Native memory allocation (mmap) failed to map 32505856 bytes for Failed to commit area from 0x0000000089a00000 to 0x000000008b900000 of length 32505856.
# Possible reasons:
#   The system is out of physical RAM or swap space
#   The process is running with CompressedOops enabled, and the Java Heap may be blocking the growth of the native heap
# Possible solutions:
#   Reduce memory load on the system
#   Increase physical memory or swap space
#   Check if swap backing store is full
#   Decrease Java heap size (-Xmx/-Xms)
#   Decrease number of Java threads
#   Decrease Java thread stack sizes (-Xss)
#   Set larger code cache with -XX:ReservedCodeCacheSize=
#   JVM is running with Unscaled Compressed Oops mode in which the Java heap is
#     placed in the first 4GB address space. The Java Heap base address is the
#     maximum limit for the native heap growth. Please use -XX:HeapBaseMinAddress
#     to set the Java Heap base and to place the Java Heap above 4GB virtual address.
# This output file may be truncated or incomplete.
#
#  Out of Memory Error (./src/hotspot/os/windows/os_windows.cpp:3301), pid=14268, tid=8488
#
# JRE version: OpenJDK Runtime Environment (11.0.10) (build 11.0.10+0-b96-7249189)
# Java VM: OpenJDK 64-Bit Server VM (11.0.10+0-b96-7249189, mixed mode, tiered, compressed oops, g1 gc, windows-amd64)
# No core dump will be written. Minidumps are not enabled by default on client versions of Windows
#

---------------  S U M M A R Y ------------

Command Line: --add-opens=java.base/java.util=ALL-UNNAMED --add-opens=java.base/java.lang=ALL-UNNAMED --add-opens=java.base/java.lang.invoke=ALL-UNNAMED --add-opens=java.base/java.util=ALL-UNNAMED --add-opens=java.prefs/java.util.prefs=ALL-UNNAMED --add-opens=java.prefs/java.util.prefs=ALL-UNNAMED --add-opens=java.base/java.nio.charset=ALL-UNNAMED --add-opens=java.base/java.net=ALL-UNNAMED --add-opens=java.base/java.util.concurrent.atomic=ALL-UNNAMED -Xmx2048m -Dfile.encoding=UTF-8 -Duser.country=RU -Duser.language=ru -Duser.variant org.gradle.launcher.daemon.bootstrap.GradleDaemon 7.0.2

Host: Intel(R) Core(TM) i7-8565U CPU @ 1.80GHz, 8 cores, 7G,  Windows 10 , 64 bit Build 19041 (10.0.19041.1202)
Time: Sat Oct 16 19:59:48 2021 Центральная Азия (зима) elapsed time: 8.727910 seconds (0d 0h 0m 8s)

---------------  T H R E A D  ---------------

Current thread (0x00000234a906c800):  VMThread "VM Thread" [stack: 0x000000e858700000,0x000000e858800000] [id=8488]

Stack: [0x000000e858700000,0x000000e858800000]
[error occurred during error reporting (printing stack bounds), id 0xc0000005, EXCEPTION_ACCESS_VIOLATION (0xc0000005) at pc=0x0000023491f20f2d]

Native frames: (J=compiled Java code, j=interpreted, Vv=VM code, C=native code)
V  [jvm.dll+0x5ecfaa]
V  [jvm.dll+0x722bd5]
V  [jvm.dll+0x72412d]
V  [jvm.dll+0x724745]
V  [jvm.dll+0x7246fb]
V  [jvm.dll+0x5ec348]
V  [jvm.dll+0x5ecad8]
C  [ntdll.dll+0xa20cf]
C  [ntdll.dll+0x51454]
C  [ntdll.dll+0xa0bfe]
C  0x0000023491f20f2d

VM_Operation (0x000000e858efe6e0): G1CollectForAllocation, mode: safepoint, requested by thread 0x00000234a90a0800


---------------  P R O C E S S  ---------------

Threads class SMR info:
_java_thread_list=0x00000234af7f8a50, length=51, elements={
0x000002348e42e800, 0x00000234a906f000, 0x00000234a9070800, 0x00000234a908e000,
0x00000234a9090000, 0x00000234a9092000, 0x00000234a9095800, 0x00000234a90a0800,
0x00000234a990e000, 0x00000234a990f800, 0x00000234a990c000, 0x00000234a9910800,
0x00000234a990e800, 0x00000234a9911000, 0x00000234a9912000, 0x00000234a9913000,
0x00000234a990d000, 0x00000234abca1800, 0x00000234abca0000, 0x00000234abca1000,
0x00000234abca2800, 0x00000234abca3000, 0x00000234abc9e800, 0x00000234abca4000,
0x00000234abca5000, 0x00000234abc9f000, 0x00000234abca5800, 0x00000234abcaa000,
0x00000234abcaa800, 0x00000234abca8000, 0x00000234abcab800, 0x00000234abca6800,
0x00000234abca9000, 0x00000234abcac000, 0x00000234ac824000, 0x00000234abcad000,
0x00000234abca7800, 0x00000234adba0800, 0x00000234ae0ca000, 0x00000234adba2000,
0x00000234adb9f000, 0x00000234adb9f800, 0x00000234adba1800, 0x00000234adb9d800,
0x00000234adba4800, 0x00000234adba5800, 0x00000234adba7000, 0x00000234adba8000,
0x00000234adba8800, 0x00000234adba6800, 0x00000234adba4000
}

Java Threads: ( => current thread )
  0x000002348e42e800 JavaThread "main" [_thread_blocked, id=14832, stack(0x000000e858100000,0x000000e858200000)]
  0x00000234a906f000 JavaThread "Reference Handler" daemon [_thread_blocked, id=8244, stack(0x000000e858800000,0x000000e858900000)]
  0x00000234a9070800 JavaThread "Finalizer" daemon [_thread_blocked, id=9096, stack(0x000000e858900000,0x000000e858a00000)]
  0x00000234a908e000 JavaThread "Signal Dispatcher" daemon [_thread_blocked, id=16840, stack(0x000000e858a00000,0x000000e858b00000)]
  0x00000234a9090000 JavaThread "Attach Listener" daemon [_thread_blocked, id=17768, stack(0x000000e858b00000,0x000000e858c00000)]
  0x00000234a9092000 JavaThread "Service Thread" daemon [_thread_blocked, id=10200, stack(0x000000e858c00000,0x000000e858d00000)]
  0x00000234a9095800 JavaThread "C2 CompilerThread0" daemon [_thread_in_native, id=14856, stack(0x000000e858d00000,0x000000e858e00000)]
  0x00000234a90a0800 JavaThread "C1 CompilerThread0" daemon [_thread_blocked, id=13676, stack(0x000000e858e00000,0x000000e858f00000)]
  0x00000234a990e000 JavaThread "Sweeper thread" daemon [_thread_blocked, id=17508, stack(0x000000e858f00000,0x000000e859000000)]
  0x00000234a990f800 JavaThread "Common-Cleaner" daemon [_thread_blocked, id=8212, stack(0x000000e859000000,0x000000e859100000)]
  0x00000234a990c000 JavaThread "Daemon health stats" [_thread_blocked, id=7524, stack(0x000000e859600000,0x000000e859700000)]
  0x00000234a9910800 JavaThread "Incoming local TCP Connector on port 50675" [_thread_in_native, id=8324, stack(0x000000e859200000,0x000000e859300000)]
  0x00000234a990e800 JavaThread "Daemon periodic checks" [_thread_blocked, id=14112, stack(0x000000e859300000,0x000000e859400000)]
  0x00000234a9911000 JavaThread "Daemon" [_thread_blocked, id=17668, stack(0x000000e859700000,0x000000e859800000)]
  0x00000234a9912000 JavaThread "Handler for socket connection from /127.0.0.1:50675 to /127.0.0.1:50676" [_thread_in_native, id=11188, stack(0x000000e859800000,0x000000e859900000)]
  0x00000234a9913000 JavaThread "Cancel handler" [_thread_blocked, id=6120, stack(0x000000e859a00000,0x000000e859b00000)]
  0x00000234a990d000 JavaThread "Daemon worker" [_thread_blocked, id=19180, stack(0x000000e859b00000,0x000000e859c00000)]
  0x00000234abca1800 JavaThread "Asynchronous log dispatcher for DefaultDaemonConnection: socket connection from /127.0.0.1:50675 to /127.0.0.1:50676" [_thread_blocked, id=9548, stack(0x000000e859c00000,0x000000e859d00000)]
  0x00000234abca0000 JavaThread "Stdin handler" [_thread_blocked, id=19368, stack(0x000000e859d00000,0x000000e859e00000)]
  0x00000234abca1000 JavaThread "Daemon client event forwarder" [_thread_blocked, id=3676, stack(0x000000e859e00000,0x000000e859f00000)]
  0x00000234abca2800 JavaThread "Cache worker for file hash cache (C:\Users\99670\.gradle\caches\7.0.2\fileHashes)" [_thread_blocked, id=9604, stack(0x000000e859900000,0x000000e859a00000)]
  0x00000234abca3000 JavaThread "File lock request listener" [_thread_in_native, id=160, stack(0x000000e85a500000,0x000000e85a600000)]
  0x00000234abc9e800 JavaThread "Cache worker for journal cache (C:\Users\99670\.gradle\caches\journal-1)" [_thread_blocked, id=12952, stack(0x000000e85a700000,0x000000e85a800000)]
  0x00000234abca4000 JavaThread "Cache worker for file hash cache (C:\Users\99670\Weather\.gradle\7.0.2\fileHashes)" [_thread_blocked, id=13852, stack(0x000000e85a800000,0x000000e85a900000)]
  0x00000234abca5000 JavaThread "File watcher server" daemon [_thread_in_native, id=17976, stack(0x000000e85a900000,0x000000e85aa00000)]
  0x00000234abc9f000 JavaThread "File watcher consumer" daemon [_thread_blocked, id=19484, stack(0x000000e85aa00000,0x000000e85ab00000)]
  0x00000234abca5800 JavaThread "jar transforms" [_thread_blocked, id=16744, stack(0x000000e85ab00000,0x000000e85ac00000)]
  0x00000234abcaa000 JavaThread "jar transforms Thread 2" [_thread_blocked, id=12992, stack(0x000000e85ac00000,0x000000e85ad00000)]
  0x00000234abcaa800 JavaThread "jar transforms Thread 3" [_thread_blocked, id=16632, stack(0x000000e85ad00000,0x000000e85ae00000)]
  0x00000234abca8000 JavaThread "jar transforms Thread 4" [_thread_blocked, id=19128, stack(0x000000e85ae00000,0x000000e85af00000)]
  0x00000234abcab800 JavaThread "jar transforms Thread 5" [_thread_blocked, id=10376, stack(0x000000e85af00000,0x000000e85b000000)]
  0x00000234abca6800 JavaThread "jar transforms Thread 6" [_thread_blocked, id=3632, stack(0x000000e85b000000,0x000000e85b100000)]
  0x00000234abca9000 JavaThread "jar transforms Thread 7" [_thread_blocked, id=16940, stack(0x000000e85b100000,0x000000e85b200000)]
  0x00000234abcac000 JavaThread "jar transforms Thread 8" [_thread_blocked, id=5024, stack(0x000000e85b200000,0x000000e85b300000)]
  0x00000234ac824000 JavaThread "C2 CompilerThread1" daemon [_thread_in_native, id=2852, stack(0x000000e85b300000,0x000000e85b400000)]
  0x00000234abcad000 JavaThread "Cache worker for checksums cache (C:\Users\99670\Weather\.gradle\checksums)" [_thread_blocked, id=19616, stack(0x000000e85b400000,0x000000e85b500000)]
  0x00000234abca7800 JavaThread "Cache worker for cache directory md-supplier (C:\Users\99670\.gradle\caches\7.0.2\md-supplier)" [_thread_blocked, id=17196, stack(0x000000e85b500000,0x000000e85b600000)]
  0x00000234adba0800 JavaThread "Cache worker for cache directory md-rule (C:\Users\99670\.gradle\caches\7.0.2\md-rule)" [_thread_blocked, id=13356, stack(0x000000e85b600000,0x000000e85b700000)]
  0x00000234ae0ca000 JavaThread "C2 CompilerThread2" daemon [_thread_blocked, id=9384, stack(0x000000e85b700000,0x000000e85b800000)]
  0x00000234adba2000 JavaThread "Cache worker for execution history cache (C:\Users\99670\.gradle\caches\7.0.2\executionHistory)" [_thread_blocked, id=15964, stack(0x000000e85b800000,0x000000e85b900000)]
  0x00000234adb9f000 JavaThread "Cache worker for file content cache (C:\Users\99670\.gradle\caches\7.0.2\fileContent)" [_thread_blocked, id=8900, stack(0x000000e85b900000,0x000000e85ba00000)]
  0x00000234adb9f800 JavaThread "Cache worker for dependencies-accessors (C:\Users\99670\Weather\.gradle\7.0.2\dependencies-accessors)" [_thread_blocked, id=13516, stack(0x000000e85ba00000,0x000000e85bb00000)]
  0x00000234adba1800 JavaThread "Cache worker for Build Output Cleanup Cache (C:\Users\99670\Weather\.gradle\buildOutputCleanup)" [_thread_blocked, id=8584, stack(0x000000e85bb00000,0x000000e85bc00000)]
  0x00000234adb9d800 JavaThread "Build operations" [_thread_blocked, id=16036, stack(0x000000e85bc00000,0x000000e85bd00000)]
  0x00000234adba4800 JavaThread "Build operations Thread 2" [_thread_blocked, id=19460, stack(0x000000e85bd00000,0x000000e85be00000)]
  0x00000234adba5800 JavaThread "Build operations Thread 3" [_thread_blocked, id=5228, stack(0x000000e85be00000,0x000000e85bf00000)]
  0x00000234adba7000 JavaThread "Build operations Thread 4" [_thread_blocked, id=5324, stack(0x000000e85bf00000,0x000000e85c000000)]
  0x00000234adba8000 JavaThread "Build operations Thread 5" [_thread_blocked, id=10464, stack(0x000000e85c000000,0x000000e85c100000)]
  0x00000234adba8800 JavaThread "Build operations Thread 6" [_thread_blocked, id=8216, stack(0x000000e85c100000,0x000000e85c200000)]
  0x00000234adba6800 JavaThread "Build operations Thread 7" [_thread_blocked, id=14340, stack(0x000000e85c200000,0x000000e85c300000)]
  0x00000234adba4000 JavaThread "Build operations Thread 8" [_thread_blocked, id=11132, stack(0x000000e85c300000,0x000000e85c400000)]

Other Threads:
=>0x00000234a906c800 VMThread "VM Thread" [stack: 0x000000e858700000,0x000000e858800000] [id=8488]
  0x00000234a9a57000 WatcherThread [stack: 0x000000e859100000,0x000000e859200000] [id=3936]
  0x000002348e446800 GCTaskThread "GC Thread#0" [stack: 0x000000e858200000,0x000000e858300000] [id=7196]
  0x00000234aaa19800 GCTaskThread "GC Thread#1" [stack: 0x000000e859400000,0x000000e859500000] [id=15744]
  0x00000234aa5c8000 GCTaskThread "GC Thread#2" [stack: 0x000000e859500000,0x000000e859600000] [id=12380]
  0x00000234ac08a800 GCTaskThread "GC Thread#3" [stack: 0x000000e859f00000,0x000000e85a000000] [id=19428]
  0x00000234ab17e800 GCTaskThread "GC Thread#4" [stack: 0x000000e85a000000,0x000000e85a100000] [id=3104]
  0x00000234abf1a800 GCTaskThread "GC Thread#5" [stack: 0x000000e85a100000,0x000000e85a200000] [id=9044]
  0x00000234abcaf800 GCTaskThread "GC Thread#6" [stack: 0x000000e85a200000,0x000000e85a300000] [id=8836]
  0x00000234aabc8800 GCTaskThread "GC Thread#7" [stack: 0x000000e85a300000,0x000000e85a400000] [id=8856]
  0x000002348e47b000 ConcurrentGCThread "G1 Main Marker" [stack: 0x000000e858300000,0x000000e858400000] [id=2760]
  0x000002348e47e800 ConcurrentGCThread "G1 Conc#0" [stack: 0x000000e858400000,0x000000e858500000] [id=17300]
  0x00000234ac5c5800 ConcurrentGCThread "G1 Conc#1" [stack: 0x000000e85a600000,0x000000e85a700000] [id=1752]
  0x00000234a8ed2800 ConcurrentGCThread "G1 Refine#0" [stack: 0x000000e858500000,0x000000e858600000] [id=1120]
  0x00000234aab8c800 ConcurrentGCThread "G1 Refine#1" [stack: 0x000000e85a400000,0x000000e85a500000] [id=12696]
  0x00000234a8ed3000 ConcurrentGCThread "G1 Young RemSet Sampling" [stack: 0x000000e858600000,0x000000e858700000] [id=8308]

Threads with active compile tasks:
C2 CompilerThread0   8760 6484       4       org.objectweb.asm.Frame::execute (2318 bytes)
C1 CompilerThread0   8760 6600       3       org.gradle.api.internal.model.DefaultObjectFactory::property (172 bytes)
C2 CompilerThread1   8760 6456       4       org.objectweb.asm.SymbolTable::addConstantMemberReference (147 bytes)
C2 CompilerThread2   8760 6568   !   4       com.google.common.reflect.TypeVisitor::visit (225 bytes)

VM state:at safepoint (normal execution)

VM Mutex/Monitor currently owned by a thread:  ([mutex/lock_event])
[0x000002348e42d740] Threads_lock - owner thread: 0x00000234a906c800
[0x000002348e42d350] Heap_lock - owner thread: 0x00000234a90a0800

Heap address: 0x0000000080000000, size: 2048 MB, Compressed Oops mode: 32-bit
Narrow klass base: 0x0000000000000000, Narrow klass shift: 3
Compressed class space size: 1073741824 Address: 0x0000000100000000

Heap:
 garbage-first heap   total 189440K, used 76934K [0x0000000080000000, 0x0000000100000000)
  region size 1024K, 5 young (5120K), 5 survivors (5120K)
 Metaspace       used 62247K, capacity 63975K, committed 64256K, reserved 1105920K
  class space    used 7994K, capacity 8592K, committed 8704K, reserved 1048576K
Heap Regions: E=young(eden), S=young(survivor), O=old, HS=humongous(starts), HC=humongous(continues), CS=collection set, F=free, A=archive, TAMS=top-at-mark-start (previous, next)
|   0|0x0000000080000000, 0x0000000080100000, 0x0000000080100000|100%| O|  |TAMS 0x0000000080100000, 0x0000000080100000| Untracked 
|   1|0x0000000080100000, 0x0000000080200000, 0x0000000080200000|100%| O|  |TAMS 0x0000000080200000, 0x0000000080200000| Untracked 
|   2|0x0000000080200000, 0x0000000080300000, 0x0000000080300000|100%| O|  |TAMS 0x0000000080300000, 0x0000000080300000| Untracked 
|   3|0x0000000080300000, 0x0000000080400000, 0x0000000080400000|100%|HS|  |TAMS 0x0000000080400000, 0x0000000080400000| Complete 
|   4|0x0000000080400000, 0x0000000080500000, 0x0000000080500000|100%|HC|  |TAMS 0x0000000080500000, 0x0000000080500000| Complete 
|   5|0x0000000080500000, 0x0000000080600000, 0x0000000080600000|100%|HC|  |TAMS 0x0000000080600000, 0x0000000080600000| Complete 
|   6|0x0000000080600000, 0x0000000080700000, 0x0000000080700000|100%| O|  |TAMS 0x0000000080700000, 0x0000000080700000| Untracked 
|   7|0x0000000080700000, 0x0000000080800000, 0x0000000080800000|100%| O|  |TAMS 0x0000000080800000, 0x0000000080800000| Untracked 
|   8|0x0000000080800000, 0x0000000080900000, 0x0000000080900000|100%| O|  |TAMS 0x0000000080900000, 0x0000000080900000| Untracked 
|   9|0x0000000080900000, 0x0000000080a00000, 0x0000000080a00000|100%| O|  |TAMS 0x0000000080a00000, 0x0000000080a00000| Untracked 
|  10|0x0000000080a00000, 0x0000000080b00000, 0x0000000080b00000|100%| O|  |TAMS 0x0000000080b00000, 0x0000000080b00000| Untracked 
|  11|0x0000000080b00000, 0x0000000080c00000, 0x0000000080c00000|100%| O|  |TAMS 0x0000000080c00000, 0x0000000080c00000| Untracked 
|  12|0x0000000080c00000, 0x0000000080d00000, 0x0000000080d00000|100%| O|  |TAMS 0x0000000080d00000, 0x0000000080d00000| Untracked 
|  13|0x0000000080d00000, 0x0000000080e00000, 0x0000000080e00000|100%| O|  |TAMS 0x0000000080e00000, 0x0000000080e00000| Untracked 
|  14|0x0000000080e00000, 0x0000000080f00000, 0x0000000080f00000|100%| O|  |TAMS 0x0000000080f00000, 0x0000000080f00000| Untracked 
|  15|0x0000000080f00000, 0x0000000081000000, 0x0000000081000000|100%| O|  |TAMS 0x0000000081000000, 0x0000000081000000| Untracked 
|  16|0x0000000081000000, 0x0000000081100000, 0x0000000081100000|100%|HS|  |TAMS 0x0000000081100000, 0x0000000081100000| Complete 
|  17|0x0000000081100000, 0x0000000081200000, 0x0000000081200000|100%|HC|  |TAMS 0x0000000081200000, 0x0000000081200000| Complete 
|  18|0x0000000081200000, 0x0000000081300000, 0x0000000081300000|100%|HS|  |TAMS 0x0000000081300000, 0x0000000081300000| Complete 
|  19|0x0000000081300000, 0x0000000081400000, 0x0000000081400000|100%|HC|  |TAMS 0x0000000081400000, 0x0000000081400000| Complete 
|  20|0x0000000081400000, 0x0000000081500000, 0x0000000081500000|100%|HC|  |TAMS 0x0000000081500000, 0x0000000081500000| Complete 
|  21|0x0000000081500000, 0x0000000081600000, 0x0000000081600000|100%|HS|  |TAMS 0x0000000081600000, 0x0000000081600000| Complete 
|  22|0x0000000081600000, 0x0000000081700000, 0x0000000081700000|100%|HC|  |TAMS 0x0000000081700000, 0x0000000081700000| Complete 
|  23|0x0000000081700000, 0x0000000081800000, 0x0000000081800000|100%|HC|  |TAMS 0x0000000081800000, 0x0000000081800000| Complete 
|  24|0x0000000081800000, 0x0000000081900000, 0x0000000081900000|100%|HC|  |TAMS 0x0000000081900000, 0x0000000081900000| Complete 
|  25|0x0000000081900000, 0x0000000081a00000, 0x0000000081a00000|100%|HC|  |TAMS 0x0000000081a00000, 0x0000000081a00000| Complete 
|  26|0x0000000081a00000, 0x0000000081b00000, 0x0000000081b00000|100%| O|  |TAMS 0x0000000081b00000, 0x0000000081b00000| Untracked 
|  27|0x0000000081b00000, 0x0000000081c00000, 0x0000000081c00000|100%| O|  |TAMS 0x0000000081c00000, 0x0000000081c00000| Untracked 
|  28|0x0000000081c00000, 0x0000000081d00000, 0x0000000081d00000|100%| O|  |TAMS 0x0000000081d00000, 0x0000000081d00000| Untracked 
|  29|0x0000000081d00000, 0x0000000081e00000, 0x0000000081e00000|100%| O|  |TAMS 0x0000000081e00000, 0x0000000081e00000| Untracked 
|  30|0x0000000081e00000, 0x0000000081f00000, 0x0000000081f00000|100%| O|  |TAMS 0x0000000081f00000, 0x0000000081f00000| Untracked 
|  31|0x0000000081f00000, 0x0000000082000000, 0x0000000082000000|100%| O|  |TAMS 0x0000000082000000, 0x0000000082000000| Untracked 
|  32|0x0000000082000000, 0x0000000082100000, 0x0000000082100000|100%| O|  |TAMS 0x0000000082038400, 0x0000000082100000| Untracked 
|  33|0x0000000082100000, 0x0000000082200000, 0x0000000082200000|100%|HS|  |TAMS 0x0000000082100000, 0x0000000082200000| Complete 
|  34|0x0000000082200000, 0x0000000082300000, 0x0000000082300000|100%|HC|  |TAMS 0x0000000082200000, 0x0000000082300000| Complete 
|  35|0x0000000082300000, 0x0000000082400000, 0x0000000082400000|100%|HC|  |TAMS 0x0000000082300000, 0x0000000082400000| Complete 
|  36|0x0000000082400000, 0x0000000082500000, 0x0000000082500000|100%|HC|  |TAMS 0x0000000082400000, 0x0000000082500000| Complete 
|  37|0x0000000082500000, 0x0000000082600000, 0x0000000082600000|100%|HC|  |TAMS 0x0000000082500000, 0x0000000082600000| Complete 
|  38|0x0000000082600000, 0x0000000082700000, 0x0000000082700000|100%|HS|  |TAMS 0x0000000082600000, 0x0000000082700000| Complete 
|  39|0x0000000082700000, 0x0000000082800000, 0x0000000082800000|100%|HC|  |TAMS 0x0000000082700000, 0x0000000082800000| Complete 
|  40|0x0000000082800000, 0x0000000082900000, 0x0000000082900000|100%|HC|  |TAMS 0x0000000082800000, 0x0000000082900000| Complete 
|  41|0x0000000082900000, 0x0000000082a00000, 0x0000000082a00000|100%| O|  |TAMS 0x0000000082900000, 0x0000000082a00000| Untracked 
|  42|0x0000000082a00000, 0x0000000082b00000, 0x0000000082b00000|100%| O|  |TAMS 0x0000000082a00000, 0x0000000082b00000| Untracked 
|  43|0x0000000082b00000, 0x0000000082c00000, 0x0000000082c00000|100%| O|  |TAMS 0x0000000082b00000, 0x0000000082c00000| Untracked 
|  44|0x0000000082c00000, 0x0000000082d00000, 0x0000000082d00000|100%| O|  |TAMS 0x0000000082c00000, 0x0000000082d00000| Untracked 
|  45|0x0000000082d00000, 0x0000000082e00000, 0x0000000082e00000|100%| O|  |TAMS 0x0000000082d00000, 0x0000000082e00000| Untracked 
|  46|0x0000000082e00000, 0x0000000082f00000, 0x0000000082f00000|100%| O|  |TAMS 0x0000000082e00000, 0x0000000082f00000| Untracked 
|  47|0x0000000082f00000, 0x0000000083000000, 0x0000000083000000|100%| O|  |TAMS 0x0000000082f00000, 0x0000000083000000| Untracked 
|  48|0x0000000083000000, 0x0000000083100000, 0x0000000083100000|100%| O|  |TAMS 0x0000000083000000, 0x0000000083100000| Untracked 
|  49|0x0000000083100000, 0x0000000083200000, 0x0000000083200000|100%| O|  |TAMS 0x0000000083100000, 0x0000000083200000| Untracked 
|  50|0x0000000083200000, 0x0000000083300000, 0x0000000083300000|100%| O|  |TAMS 0x0000000083200000, 0x0000000083300000| Untracked 
|  51|0x0000000083300000, 0x0000000083400000, 0x0000000083400000|100%| O|  |TAMS 0x0000000083300000, 0x0000000083400000| Untracked 
|  52|0x0000000083400000, 0x0000000083500000, 0x0000000083500000|100%|HS|  |TAMS 0x0000000083400000, 0x0000000083500000| Complete 
|  53|0x0000000083500000, 0x0000000083600000, 0x0000000083600000|100%|HS|  |TAMS 0x0000000083500000, 0x0000000083600000| Complete 
|  54|0x0000000083600000, 0x0000000083700000, 0x0000000083700000|100%|HS|  |TAMS 0x0000000083600000, 0x0000000083700000| Complete 
|  55|0x0000000083700000, 0x0000000083800000, 0x0000000083800000|100%|HS|  |TAMS 0x0000000083700000, 0x0000000083800000| Complete 
|  56|0x0000000083800000, 0x0000000083900000, 0x0000000083900000|100%|HC|  |TAMS 0x0000000083800000, 0x0000000083900000| Complete 
|  57|0x0000000083900000, 0x0000000083a00000, 0x0000000083a00000|100%|HC|  |TAMS 0x0000000083900000, 0x0000000083a00000| Complete 
|  58|0x0000000083a00000, 0x0000000083b00000, 0x0000000083b00000|100%|HS|  |TAMS 0x0000000083a00000, 0x0000000083b00000| Complete 
|  59|0x0000000083b00000, 0x0000000083c00000, 0x0000000083c00000|100%|HC|  |TAMS 0x0000000083b00000, 0x0000000083c00000| Complete 
|  60|0x0000000083c00000, 0x0000000083d00000, 0x0000000083d00000|100%| O|  |TAMS 0x0000000083c00000, 0x0000000083d00000| Untracked 
|  61|0x0000000083d00000, 0x0000000083e00000, 0x0000000083e00000|100%| O|  |TAMS 0x0000000083d00000, 0x0000000083e00000| Untracked 
|  62|0x0000000083e00000, 0x0000000083f00000, 0x0000000083f00000|100%| O|  |TAMS 0x0000000083e00000, 0x0000000083f00000| Untracked 
|  63|0x0000000083f00000, 0x0000000084000000, 0x0000000084000000|100%| O|  |TAMS 0x0000000083f00000, 0x0000000084000000| Untracked 
|  64|0x0000000084000000, 0x0000000084100000, 0x0000000084100000|100%| O|  |TAMS 0x0000000084000000, 0x0000000084100000| Untracked 
|  65|0x0000000084100000, 0x0000000084200000, 0x0000000084200000|100%| O|  |TAMS 0x0000000084100000, 0x0000000084200000| Untracked 
|  66|0x0000000084200000, 0x0000000084300000, 0x0000000084300000|100%| O|  |TAMS 0x0000000084200000, 0x0000000084300000| Untracked 
|  67|0x0000000084300000, 0x0000000084400000, 0x0000000084400000|100%| O|  |TAMS 0x0000000084300000, 0x0000000084400000| Untracked 
|  68|0x0000000084400000, 0x0000000084500000, 0x0000000084500000|100%| O|  |TAMS 0x0000000084400000, 0x0000000084500000| Untracked 
|  69|0x0000000084500000, 0x0000000084600000, 0x0000000084600000|100%| O|  |TAMS 0x0000000084500000, 0x0000000084600000| Untracked 
|  70|0x0000000084600000, 0x00000000846c2c00, 0x0000000084700000| 76%| O|  |TAMS 0x0000000084600000, 0x00000000846c2c00| Untracked 
|  71|0x0000000084700000, 0x0000000084700000, 0x0000000084800000|  0%| F|  |TAMS 0x0000000084700000, 0x0000000084700000| Untracked 
|  72|0x0000000084800000, 0x0000000084800000, 0x0000000084900000|  0%| F|  |TAMS 0x0000000084800000, 0x0000000084800000| Untracked 
|  73|0x0000000084900000, 0x0000000084900000, 0x0000000084a00000|  0%| F|  |TAMS 0x0000000084900000, 0x0000000084900000| Untracked 
|  74|0x0000000084a00000, 0x0000000084a00000, 0x0000000084b00000|  0%| F|  |TAMS 0x0000000084a00000, 0x0000000084a00000| Untracked 
|  75|0x0000000084b00000, 0x0000000084b00000, 0x0000000084c00000|  0%| F|  |TAMS 0x0000000084b00000, 0x0000000084b00000| Untracked 
|  76|0x0000000084c00000, 0x0000000084c00000, 0x0000000084d00000|  0%| F|  |TAMS 0x0000000084c00000, 0x0000000084c00000| Untracked 
|  77|0x0000000084d00000, 0x0000000084d00000, 0x0000000084e00000|  0%| F|  |TAMS 0x0000000084d00000, 0x0000000084d00000| Untracked 
|  78|0x0000000084e00000, 0x0000000084e00000, 0x0000000084f00000|  0%| F|  |TAMS 0x0000000084e00000, 0x0000000084e00000| Untracked 
|  79|0x0000000084f00000, 0x0000000084f00000, 0x0000000085000000|  0%| F|  |TAMS 0x0000000084f00000, 0x0000000084f00000| Untracked 
|  80|0x0000000085000000, 0x0000000085000000, 0x0000000085100000|  0%| F|  |TAMS 0x0000000085000000, 0x0000000085000000| Untracked 
|  81|0x0000000085100000, 0x0000000085100000, 0x0000000085200000|  0%| F|  |TAMS 0x0000000085100000, 0x0000000085100000| Untracked 
|  82|0x0000000085200000, 0x0000000085200000, 0x0000000085300000|  0%| F|  |TAMS 0x0000000085200000, 0x0000000085200000| Untracked 
|  83|0x0000000085300000, 0x0000000085300000, 0x0000000085400000|  0%| F|  |TAMS 0x0000000085300000, 0x0000000085300000| Untracked 
|  84|0x0000000085400000, 0x0000000085400000, 0x0000000085500000|  0%| F|  |TAMS 0x0000000085400000, 0x0000000085400000| Untracked 
|  85|0x0000000085500000, 0x0000000085500000, 0x0000000085600000|  0%| F|  |TAMS 0x0000000085500000, 0x0000000085500000| Untracked 
|  86|0x0000000085600000, 0x0000000085600000, 0x0000000085700000|  0%| F|  |TAMS 0x0000000085600000, 0x0000000085600000| Untracked 
|  87|0x0000000085700000, 0x0000000085700000, 0x0000000085800000|  0%| F|  |TAMS 0x0000000085700000, 0x0000000085700000| Untracked 
|  88|0x0000000085800000, 0x0000000085800000, 0x0000000085900000|  0%| F|  |TAMS 0x0000000085800000, 0x0000000085800000| Untracked 
|  89|0x0000000085900000, 0x0000000085900000, 0x0000000085a00000|  0%| F|  |TAMS 0x0000000085900000, 0x0000000085900000| Untracked 
|  90|0x0000000085a00000, 0x0000000085a00000, 0x0000000085b00000|  0%| F|  |TAMS 0x0000000085a00000, 0x0000000085a00000| Untracked 
|  91|0x0000000085b00000, 0x0000000085b00000, 0x0000000085c00000|  0%| F|  |TAMS 0x0000000085b00000, 0x0000000085b00000| Untracked 
|  92|0x0000000085c00000, 0x0000000085c00000, 0x0000000085d00000|  0%| F|  |TAMS 0x0000000085c00000, 0x0000000085c00000| Untracked 
|  93|0x0000000085d00000, 0x0000000085d00000, 0x0000000085e00000|  0%| F|  |TAMS 0x0000000085d00000, 0x0000000085d00000| Untracked 
|  94|0x0000000085e00000, 0x0000000085e00000, 0x0000000085f00000|  0%| F|  |TAMS 0x0000000085e00000, 0x0000000085e00000| Untracked 
|  95|0x0000000085f00000, 0x0000000085f00000, 0x0000000086000000|  0%| F|  |TAMS 0x0000000085f00000, 0x0000000085f00000| Untracked 
|  96|0x0000000086000000, 0x0000000086000000, 0x0000000086100000|  0%| F|  |TAMS 0x0000000086000000, 0x0000000086000000| Untracked 
|  97|0x0000000086100000, 0x0000000086100000, 0x0000000086200000|  0%| F|  |TAMS 0x0000000086100000, 0x0000000086100000| Untracked 
|  98|0x0000000086200000, 0x0000000086200000, 0x0000000086300000|  0%| F|  |TAMS 0x0000000086200000, 0x0000000086200000| Untracked 
|  99|0x0000000086300000, 0x000000008635ec18, 0x0000000086400000| 37%| S|CS|TAMS 0x0000000086300000, 0x0000000086300000| Complete 
| 100|0x0000000086400000, 0x0000000086500000, 0x0000000086500000|100%| S|CS|TAMS 0x0000000086400000, 0x0000000086400000| Complete 
| 101|0x0000000086500000, 0x0000000086600000, 0x0000000086600000|100%| S|CS|TAMS 0x0000000086500000, 0x0000000086500000| Complete 
| 102|0x0000000086600000, 0x0000000086700000, 0x0000000086700000|100%| S|CS|TAMS 0x0000000086600000, 0x0000000086600000| Complete 
| 103|0x0000000086700000, 0x0000000086700000, 0x0000000086800000|  0%| F|  |TAMS 0x0000000086700000, 0x0000000086700000| Untracked 
| 104|0x0000000086800000, 0x0000000086800000, 0x0000000086900000|  0%| F|  |TAMS 0x0000000086800000, 0x0000000086800000| Untracked 
| 105|0x0000000086900000, 0x0000000086900000, 0x0000000086a00000|  0%| F|  |TAMS 0x0000000086900000, 0x0000000086900000| Untracked 
| 106|0x0000000086a00000, 0x0000000086a00000, 0x0000000086b00000|  0%| F|  |TAMS 0x0000000086a00000, 0x0000000086a00000| Untracked 
| 107|0x0000000086b00000, 0x0000000086c00000, 0x0000000086c00000|100%| S|CS|TAMS 0x0000000086b00000, 0x0000000086b00000| Complete 
| 108|0x0000000086c00000, 0x0000000086c00000, 0x0000000086d00000|  0%| F|  |TAMS 0x0000000086c00000, 0x0000000086c00000| Untracked 
| 109|0x0000000086d00000, 0x0000000086d00000, 0x0000000086e00000|  0%| F|  |TAMS 0x0000000086d00000, 0x0000000086d00000| Untracked 
| 110|0x0000000086e00000, 0x0000000086e00000, 0x0000000086f00000|  0%| F|  |TAMS 0x0000000086e00000, 0x0000000086e00000| Untracked 
| 111|0x0000000086f00000, 0x0000000086f00000, 0x0000000087000000|  0%| F|  |TAMS 0x0000000086f00000, 0x0000000086f00000| Untracked 
| 112|0x0000000087000000, 0x0000000087000000, 0x0000000087100000|  0%| F|  |TAMS 0x0000000087000000, 0x0000000087000000| Untracked 
| 113|0x0000000087100000, 0x0000000087100000, 0x0000000087200000|  0%| F|  |TAMS 0x0000000087100000, 0x0000000087100000| Untracked 
| 114|0x0000000087200000, 0x0000000087200000, 0x0000000087300000|  0%| F|  |TAMS 0x0000000087200000, 0x0000000087200000| Untracked 
| 115|0x0000000087300000, 0x0000000087300000, 0x0000000087400000|  0%| F|  |TAMS 0x0000000087300000, 0x0000000087300000| Untracked 
| 116|0x0000000087400000, 0x0000000087400000, 0x0000000087500000|  0%| F|  |TAMS 0x0000000087400000, 0x0000000087400000| Untracked 
| 117|0x0000000087500000, 0x0000000087500000, 0x0000000087600000|  0%| F|  |TAMS 0x0000000087500000, 0x0000000087500000| Untracked 
| 118|0x0000000087600000, 0x0000000087600000, 0x0000000087700000|  0%| F|  |TAMS 0x0000000087600000, 0x0000000087600000| Untracked 
| 119|0x0000000087700000, 0x0000000087700000, 0x0000000087800000|  0%| F|  |TAMS 0x0000000087700000, 0x0000000087700000| Untracked 
| 120|0x0000000087800000, 0x0000000087800000, 0x0000000087900000|  0%| F|  |TAMS 0x0000000087800000, 0x0000000087800000| Untracked 
| 121|0x0000000087900000, 0x0000000087900000, 0x0000000087a00000|  0%| F|  |TAMS 0x0000000087900000, 0x0000000087900000| Untracked 
| 122|0x0000000087a00000, 0x0000000087a00000, 0x0000000087b00000|  0%| F|  |TAMS 0x0000000087a00000, 0x0000000087a00000| Untracked 
| 123|0x0000000087b00000, 0x0000000087b00000, 0x0000000087c00000|  0%| F|  |TAMS 0x0000000087b00000, 0x0000000087b00000| Untracked 
| 124|0x0000000087c00000, 0x0000000087c00000, 0x0000000087d00000|  0%| F|  |TAMS 0x0000000087c00000, 0x0000000087c00000| Untracked 
| 125|0x0000000087d00000, 0x0000000087d00000, 0x0000000087e00000|  0%| F|  |TAMS 0x0000000087d00000, 0x0000000087d00000| Untracked 
| 126|0x0000000087e00000, 0x0000000087e00000, 0x0000000087f00000|  0%| F|  |TAMS 0x0000000087e00000, 0x0000000087e00000| Untracked 
| 127|0x0000000087f00000, 0x0000000087f00000, 0x0000000088000000|  0%| F|  |TAMS 0x0000000087f00000, 0x0000000087f00000| Untracked 
| 128|0x0000000088000000, 0x0000000088000000, 0x0000000088100000|  0%| F|  |TAMS 0x0000000088000000, 0x0000000088000000| Untracked 
| 129|0x0000000088100000, 0x0000000088100000, 0x0000000088200000|  0%| F|  |TAMS 0x0000000088100000, 0x0000000088100000| Untracked 
| 130|0x0000000088200000, 0x0000000088200000, 0x0000000088300000|  0%| F|  |TAMS 0x0000000088200000, 0x0000000088200000| Untracked 
| 131|0x0000000088300000, 0x0000000088300000, 0x0000000088400000|  0%| F|  |TAMS 0x0000000088300000, 0x0000000088300000| Untracked 
| 132|0x0000000088400000, 0x0000000088400000, 0x0000000088500000|  0%| F|  |TAMS 0x0000000088400000, 0x0000000088400000| Untracked 
| 133|0x0000000088500000, 0x0000000088500000, 0x0000000088600000|  0%| F|  |TAMS 0x0000000088500000, 0x0000000088500000| Untracked 
| 134|0x0000000088600000, 0x0000000088600000, 0x0000000088700000|  0%| F|  |TAMS 0x0000000088600000, 0x0000000088600000| Untracked 
| 135|0x0000000088700000, 0x0000000088700000, 0x0000000088800000|  0%| F|  |TAMS 0x0000000088700000, 0x0000000088700000| Untracked 
| 136|0x0000000088800000, 0x0000000088800000, 0x0000000088900000|  0%| F|  |TAMS 0x0000000088800000, 0x0000000088800000| Untracked 
| 137|0x0000000088900000, 0x0000000088900000, 0x0000000088a00000|  0%| F|  |TAMS 0x0000000088900000, 0x0000000088900000| Untracked 
| 138|0x0000000088a00000, 0x0000000088a00000, 0x0000000088b00000|  0%| F|  |TAMS 0x0000000088a00000, 0x0000000088a00000| Untracked 
| 139|0x0000000088b00000, 0x0000000088b00000, 0x0000000088c00000|  0%| F|  |TAMS 0x0000000088b00000, 0x0000000088b00000| Untracked 
| 140|0x0000000088c00000, 0x0000000088c00000, 0x0000000088d00000|  0%| F|  |TAMS 0x0000000088c00000, 0x0000000088c00000| Untracked 
| 141|0x0000000088d00000, 0x0000000088d00000, 0x0000000088e00000|  0%| F|  |TAMS 0x0000000088d00000, 0x0000000088d00000| Untracked 
| 142|0x0000000088e00000, 0x0000000088e00000, 0x0000000088f00000|  0%| F|  |TAMS 0x0000000088e00000, 0x0000000088e00000| Untracked 
| 143|0x0000000088f00000, 0x0000000088f00000, 0x0000000089000000|  0%| F|  |TAMS 0x0000000088f00000, 0x0000000088f00000| Untracked 
| 144|0x0000000089000000, 0x0000000089000000, 0x0000000089100000|  0%| F|  |TAMS 0x0000000089000000, 0x0000000089000000| Untracked 
| 145|0x0000000089100000, 0x0000000089100000, 0x0000000089200000|  0%| F|  |TAMS 0x0000000089100000, 0x0000000089100000| Untracked 
| 146|0x0000000089200000, 0x0000000089200000, 0x0000000089300000|  0%| F|  |TAMS 0x0000000089200000, 0x0000000089200000| Untracked 
| 147|0x0000000089300000, 0x0000000089300000, 0x0000000089400000|  0%| F|  |TAMS 0x0000000089300000, 0x0000000089300000| Untracked 
| 148|0x0000000089400000, 0x0000000089400000, 0x0000000089500000|  0%| F|  |TAMS 0x0000000089400000, 0x0000000089400000| Untracked 
| 149|0x0000000089500000, 0x0000000089500000, 0x0000000089600000|  0%| F|  |TAMS 0x0000000089500000, 0x0000000089500000| Untracked 
| 150|0x0000000089600000, 0x0000000089600000, 0x0000000089700000|  0%| F|  |TAMS 0x0000000089600000, 0x0000000089600000| Untracked 
| 151|0x0000000089700000, 0x0000000089700000, 0x0000000089800000|  0%| F|  |TAMS 0x0000000089700000, 0x0000000089700000| Untracked 
| 152|0x0000000089800000, 0x0000000089800000, 0x0000000089900000|  0%| F|  |TAMS 0x0000000089800000, 0x0000000089800000| Untracked 
| 153|0x0000000089900000, 0x0000000089900000, 0x0000000089a00000|  0%| F|  |TAMS 0x0000000089900000, 0x0000000089900000| Untracked 

Card table byte_map: [0x00000234a1d80000,0x00000234a2180000] _byte_map_base: 0x00000234a1980000

Marking Bits (Prev, Next): (CMBitMap*) 0x000002348e4725e0, (CMBitMap*) 0x000002348e4725a8
 Prev Bits: [0x00000234a4580000, 0x00000234a6580000)
 Next Bits: [0x00000234a2580000, 0x00000234a4580000)

Polling page: 0x000002348cb10000

Metaspace:

Usage:
  Non-class:     54.08 MB capacity,    52.98 MB ( 98%) used,   961.88 KB (  2%) free+waste,   168.19 KB ( <1%) overhead. 
      Class:      8.39 MB capacity,     7.81 MB ( 93%) used,   517.68 KB (  6%) free+waste,    80.19 KB ( <1%) overhead. 
       Both:     62.48 MB capacity,    60.79 MB ( 97%) used,     1.44 MB (  2%) free+waste,   248.38 KB ( <1%) overhead. 

Virtual space:
  Non-class space:       56.00 MB reserved,      54.25 MB ( 97%) committed 
      Class space:        1.00 GB reserved,       8.50 MB ( <1%) committed 
             Both:        1.05 GB reserved,      62.75 MB (  6%) committed 

Chunk freelists:
   Non-Class:  41.00 KB
       Class:  16.00 KB
        Both:  57.00 KB

MaxMetaspaceSize: 17179869184.00 GB
CompressedClassSpaceSize: 1.00 GB

CodeHeap 'non-profiled nmethods': size=120000Kb used=3973Kb max_used=3973Kb free=116026Kb
 bounds [0x00000234999f0000, 0x0000023499de0000, 0x00000234a0f20000]
CodeHeap 'profiled nmethods': size=120000Kb used=13317Kb max_used=13317Kb free=106682Kb
 bounds [0x00000234924c0000, 0x00000234931d0000, 0x00000234999f0000]
CodeHeap 'non-nmethods': size=5760Kb used=2249Kb max_used=2296Kb free=3510Kb
 bounds [0x0000023491f20000, 0x0000023492190000, 0x00000234924c0000]
 total_blobs=7403 nmethods=6564 adapters=750
 compilation: enabled
              stopped_count=0, restarted_count=0
 full_count=0

Compilation events (20 events):
Event: 8.712 Thread 0x00000234a90a0800 nmethod 6586 0x00000234931b8c10 code [0x00000234931b8dc0, 0x00000234931b8ec8]
Event: 8.712 Thread 0x00000234a90a0800 6592       3       org.gradle.internal.state.DefaultManagedFactoryRegistry::lookup (41 bytes)
Event: 8.713 Thread 0x00000234a90a0800 nmethod 6592 0x00000234931b8f90 code [0x00000234931b91a0, 0x00000234931b9898]
Event: 8.713 Thread 0x00000234a90a0800 6590       3       com.google.common.reflect.TypeToken::getRawTypes (34 bytes)
Event: 8.714 Thread 0x00000234a90a0800 nmethod 6590 0x00000234931b9b90 code [0x00000234931b9e20, 0x00000234931bac48]
Event: 8.714 Thread 0x00000234a90a0800 6593       3       com.google.common.reflect.Types::newParameterizedTypeWithOwner (44 bytes)
Event: 8.715 Thread 0x00000234a90a0800 nmethod 6593 0x00000234931bb090 code [0x00000234931bb360, 0x00000234931bc008]
Event: 8.715 Thread 0x00000234a90a0800 6594       3       org.gradle.api.internal.provider.AbstractProperty::setSupplier (20 bytes)
Event: 8.715 Thread 0x00000234a90a0800 nmethod 6594 0x00000234931bc490 code [0x00000234931bc680, 0x00000234931bcc78]
Event: 8.715 Thread 0x00000234a90a0800 6595       3       org.gradle.api.internal.provider.ValueSupplier$Value::of (22 bytes)
Event: 8.715 Thread 0x00000234a90a0800 nmethod 6595 0x00000234931bce10 code [0x00000234931bd000, 0x00000234931bd3a8]
Event: 8.715 Thread 0x00000234a90a0800 6596       3       org.gradle.api.internal.provider.DefaultValueSourceProviderFactory$ValueSourceProvider::<init> (10 bytes)
Event: 8.715 Thread 0x00000234a90a0800 nmethod 6596 0x00000234931bd510 code [0x00000234931bd6c0, 0x00000234931bd8d8]
Event: 8.715 Thread 0x00000234a90a0800 6597       3       org.gradle.api.internal.provider.DefaultProperty::set (42 bytes)
Event: 8.716 Thread 0x00000234a90a0800 nmethod 6597 0x00000234931bda10 code [0x00000234931bdc60, 0x00000234931be7f8]
Event: 8.716 Thread 0x00000234a90a0800 6598       3       org.gradle.api.internal.provider.AbstractMinimalProvider::asSupplier (96 bytes)
Event: 8.717 Thread 0x00000234a90a0800 nmethod 6598 0x00000234931beb10 code [0x00000234931beea0, 0x00000234931c0888]
Event: 8.718 Thread 0x00000234a90a0800 6599       3       com.google.common.collect.RegularImmutableList::copyIntoArray (21 bytes)
Event: 8.718 Thread 0x00000234a90a0800 nmethod 6599 0x00000234931c1010 code [0x00000234931c11e0, 0x00000234931c1488]
Event: 8.718 Thread 0x00000234a90a0800 6600       3       org.gradle.api.internal.model.DefaultObjectFactory::property (172 bytes)

GC Heap History (20 events):
Event: 2.310 GC heap after
{Heap after GC invocations=2 (full 0):
 garbage-first heap   total 131072K, used 16672K [0x0000000080000000, 0x0000000100000000)
  region size 1024K, 10 young (10240K), 10 survivors (10240K)
 Metaspace       used 17990K, capacity 18524K, committed 18688K, reserved 1064960K
  class space    used 2142K, capacity 2283K, committed 2304K, reserved 1048576K
}
Event: 2.515 GC heap before
{Heap before GC invocations=2 (full 0):
 garbage-first heap   total 131072K, used 37152K [0x0000000080000000, 0x0000000100000000)
  region size 1024K, 31 young (31744K), 10 survivors (10240K)
 Metaspace       used 20542K, capacity 21135K, committed 21248K, reserved 1067008K
  class space    used 2512K, capacity 2733K, committed 2816K, reserved 1048576K
}
Event: 2.523 GC heap after
{Heap after GC invocations=3 (full 0):
 garbage-first heap   total 131072K, used 16881K [0x0000000080000000, 0x0000000100000000)
  region size 1024K, 1 young (1024K), 1 survivors (1024K)
 Metaspace       used 20542K, capacity 21135K, committed 21248K, reserved 1067008K
  class space    used 2512K, capacity 2733K, committed 2816K, reserved 1048576K
}
Event: 3.099 GC heap before
{Heap before GC invocations=4 (full 0):
 garbage-first heap   total 131072K, used 65009K [0x0000000080000000, 0x0000000100000000)
  region size 1024K, 49 young (50176K), 1 survivors (1024K)
 Metaspace       used 25786K, capacity 26436K, committed 26752K, reserved 1073152K
  class space    used 3370K, capacity 3590K, committed 3712K, reserved 1048576K
}
Event: 3.102 GC heap after
{Heap after GC invocations=5 (full 0):
 garbage-first heap   total 131072K, used 18566K [0x0000000080000000, 0x0000000100000000)
  region size 1024K, 3 young (3072K), 3 survivors (3072K)
 Metaspace       used 25786K, capacity 26436K, committed 26752K, reserved 1073152K
  class space    used 3370K, capacity 3590K, committed 3712K, reserved 1048576K
}
Event: 3.862 GC heap before
{Heap before GC invocations=5 (full 0):
 garbage-first heap   total 131072K, used 83078K [0x0000000080000000, 0x0000000100000000)
  region size 1024K, 57 young (58368K), 3 survivors (3072K)
 Metaspace       used 30670K, capacity 31524K, committed 31616K, reserved 1077248K
  class space    used 4152K, capacity 4453K, committed 4480K, reserved 1048576K
}
Event: 3.867 GC heap after
{Heap after GC invocations=6 (full 0):
 garbage-first heap   total 131072K, used 33046K [0x0000000080000000, 0x0000000100000000)
  region size 1024K, 7 young (7168K), 7 survivors (7168K)
 Metaspace       used 30670K, capacity 31524K, committed 31616K, reserved 1077248K
  class space    used 4152K, capacity 4453K, committed 4480K, reserved 1048576K
}
Event: 4.271 GC heap before
{Heap before GC invocations=6 (full 0):
 garbage-first heap   total 131072K, used 46358K [0x0000000080000000, 0x0000000100000000)
  region size 1024K, 21 young (21504K), 7 survivors (7168K)
 Metaspace       used 34871K, capacity 35735K, committed 35840K, reserved 1081344K
  class space    used 4560K, capacity 4899K, committed 4992K, reserved 1048576K
}
Event: 4.283 GC heap after
{Heap after GC invocations=7 (full 0):
 garbage-first heap   total 131072K, used 35226K [0x0000000080000000, 0x0000000100000000)
  region size 1024K, 3 young (3072K), 3 survivors (3072K)
 Metaspace       used 34871K, capacity 35735K, committed 35840K, reserved 1081344K
  class space    used 4560K, capacity 4899K, committed 4992K, reserved 1048576K
}
Event: 4.877 GC heap before
{Heap before GC invocations=8 (full 0):
 garbage-first heap   total 131072K, used 85402K [0x0000000080000000, 0x0000000100000000)
  region size 1024K, 50 young (51200K), 3 survivors (3072K)
 Metaspace       used 39753K, capacity 40738K, committed 40832K, reserved 1085440K
  class space    used 5077K, capacity 5433K, committed 5504K, reserved 1048576K
}
Event: 4.887 GC heap after
{Heap after GC invocations=9 (full 0):
 garbage-first heap   total 157696K, used 38756K [0x0000000080000000, 0x0000000100000000)
  region size 1024K, 6 young (6144K), 6 survivors (6144K)
 Metaspace       used 39753K, capacity 40738K, committed 40832K, reserved 1085440K
  class space    used 5077K, capacity 5433K, committed 5504K, reserved 1048576K
}
Event: 5.741 GC heap before
{Heap before GC invocations=10 (full 0):
 garbage-first heap   total 157696K, used 109412K [0x0000000080000000, 0x0000000100000000)
  region size 1024K, 67 young (68608K), 6 survivors (6144K)
 Metaspace       used 44404K, capacity 45611K, committed 45824K, reserved 1089536K
  class space    used 5594K, capacity 6049K, committed 6144K, reserved 1048576K
}
Event: 5.749 GC heap after
{Heap after GC invocations=11 (full 0):
 garbage-first heap   total 157696K, used 52069K [0x0000000080000000, 0x0000000100000000)
  region size 1024K, 9 young (9216K), 9 survivors (9216K)
 Metaspace       used 44404K, capacity 45611K, committed 45824K, reserved 1089536K
  class space    used 5594K, capacity 6049K, committed 6144K, reserved 1048576K
}
Event: 6.354 GC heap before
{Heap before GC invocations=11 (full 0):
 garbage-first heap   total 157696K, used 110437K [0x0000000080000000, 0x0000000100000000)
  region size 1024K, 66 young (67584K), 9 survivors (9216K)
 Metaspace       used 47684K, capacity 49037K, committed 49152K, reserved 1091584K
  class space    used 6143K, capacity 6595K, committed 6656K, reserved 1048576K
}
Event: 6.362 GC heap after
{Heap after GC invocations=12 (full 0):
 garbage-first heap   total 157696K, used 55823K [0x0000000080000000, 0x0000000100000000)
  region size 1024K, 4 young (4096K), 4 survivors (4096K)
 Metaspace       used 47684K, capacity 49037K, committed 49152K, reserved 1091584K
  class space    used 6143K, capacity 6595K, committed 6656K, reserved 1048576K
}
Event: 7.344 GC heap before
{Heap before GC invocations=12 (full 0):
 garbage-first heap   total 157696K, used 121359K [0x0000000080000000, 0x0000000100000000)
  region size 1024K, 61 young (62464K), 4 survivors (4096K)
 Metaspace       used 51116K, capacity 52609K, committed 52736K, reserved 1095680K
  class space    used 6632K, capacity 7136K, committed 7168K, reserved 1048576K
}
Event: 7.351 GC heap after
{Heap after GC invocations=13 (full 0):
 garbage-first heap   total 157696K, used 72086K [0x0000000080000000, 0x0000000100000000)
  region size 1024K, 8 young (8192K), 8 survivors (8192K)
 Metaspace       used 51116K, capacity 52609K, committed 52736K, reserved 1095680K
  class space    used 6632K, capacity 7136K, committed 7168K, reserved 1048576K
}
Event: 8.023 GC heap before
{Heap before GC invocations=13 (full 0):
 garbage-first heap   total 157696K, used 120214K [0x0000000080000000, 0x0000000100000000)
  region size 1024K, 55 young (56320K), 8 survivors (8192K)
 Metaspace       used 55409K, capacity 57005K, committed 57216K, reserved 1099776K
  class space    used 7176K, capacity 7701K, committed 7808K, reserved 1048576K
}
Event: 8.039 GC heap after
{Heap after GC invocations=14 (full 0):
 garbage-first heap   total 157696K, used 75630K [0x0000000080000000, 0x0000000100000000)
  region size 1024K, 4 young (4096K), 4 survivors (4096K)
 Metaspace       used 55409K, capacity 57005K, committed 57216K, reserved 1099776K
  class space    used 7176K, capacity 7701K, committed 7808K, reserved 1048576K
}
Event: 8.718 GC heap before
{Heap before GC invocations=14 (full 0):
 garbage-first heap   total 157696K, used 122734K [0x0000000080000000, 0x0000000100000000)
  region size 1024K, 50 young (51200K), 4 survivors (4096K)
 Metaspace       used 62247K, capacity 63975K, committed 64256K, reserved 1105920K
  class space    used 7994K, capacity 8592K, committed 8704K, reserved 1048576K
}

Deoptimization events (20 events):
Event: 8.244 Thread 0x00000234a990d000 Uncommon trap: trap_request=0xffffff4d fr.pc=0x0000023499a3d328 relative=0x0000000000000468
Event: 8.244 Thread 0x00000234a990d000 Uncommon trap: reason=unstable_if action=reinterpret pc=0x0000023499a3d328 method=java.lang.AbstractStringBuilder.putStringAt(ILjava/lang/String;)V @ 8 c2
Event: 8.244 Thread 0x00000234a990d000 DEOPT PACKING pc=0x0000023499a3d328 sp=0x000000e859bf7090
Event: 8.244 Thread 0x00000234a990d000 DEOPT UNPACKING pc=0x0000023491f478af sp=0x000000e859bf7000 mode 2
Event: 8.244 Thread 0x00000234a990d000 Uncommon trap: trap_request=0xffffff4d fr.pc=0x0000023499a6f058 relative=0x00000000000005f8
Event: 8.244 Thread 0x00000234a990d000 Uncommon trap: reason=unstable_if action=reinterpret pc=0x0000023499a6f058 method=java.lang.AbstractStringBuilder.isLatin1()Z @ 10 c2
Event: 8.244 Thread 0x00000234a990d000 DEOPT PACKING pc=0x0000023499a6f058 sp=0x000000e859bf7070
Event: 8.244 Thread 0x00000234a990d000 DEOPT UNPACKING pc=0x0000023491f478af sp=0x000000e859bf6f60 mode 2
Event: 8.244 Thread 0x00000234a990d000 Uncommon trap: trap_request=0xffffff4d fr.pc=0x0000023499a221ec relative=0x00000000000000cc
Event: 8.244 Thread 0x00000234a990d000 Uncommon trap: reason=unstable_if action=reinterpret pc=0x0000023499a221ec method=java.lang.String.getBytes([BIB)V @ 5 c2
Event: 8.244 Thread 0x00000234a990d000 DEOPT PACKING pc=0x0000023499a221ec sp=0x000000e859bf6fc0
Event: 8.244 Thread 0x00000234a990d000 DEOPT UNPACKING pc=0x0000023491f478af sp=0x000000e859bf6f68 mode 2
Event: 8.244 Thread 0x00000234a990d000 Uncommon trap: trap_request=0xffffff4d fr.pc=0x0000023499a1a54c relative=0x000000000000022c
Event: 8.244 Thread 0x00000234a990d000 Uncommon trap: reason=unstable_if action=reinterpret pc=0x0000023499a1a54c method=java.lang.AbstractStringBuilder.isLatin1()Z @ 10 c2
Event: 8.244 Thread 0x00000234a990d000 DEOPT PACKING pc=0x0000023499a1a54c sp=0x000000e859bf7020
Event: 8.244 Thread 0x00000234a990d000 DEOPT UNPACKING pc=0x0000023491f478af sp=0x000000e859bf6f60 mode 2
Event: 8.654 Thread 0x00000234a990d000 Uncommon trap: trap_request=0xffffffde fr.pc=0x0000023499bc6a1c relative=0x00000000000014fc
Event: 8.654 Thread 0x00000234a990d000 Uncommon trap: reason=class_check action=maybe_recompile pc=0x0000023499bc6a1c method=jdk.internal.loader.BuiltinClassLoader.loadClassOrNull(Ljava/lang/String;Z)Ljava/lang/Class; @ 86 c2
Event: 8.654 Thread 0x00000234a990d000 DEOPT PACKING pc=0x0000023499bc6a1c sp=0x000000e859bf6360
Event: 8.654 Thread 0x00000234a990d000 DEOPT UNPACKING pc=0x0000023491f478af sp=0x000000e859bf62c8 mode 2

Classes redefined (0 events):
No events

Internal exceptions (20 events):
Event: 7.204 Thread 0x00000234a990d000 Exception <a 'java/lang/ClassNotFoundException'{0x0000000086a7d8a8}: org/gradle/api/DefaultTaskBeanInfo> (0x0000000086a7d8a8) thrown at [./src/hotspot/share/classfile/systemDictionary.cpp, line 231]
Event: 7.204 Thread 0x00000234a990d000 Exception <a 'java/lang/ClassNotFoundException'{0x0000000086aaa728}: org/gradle/api/internal/AbstractTaskBeanInfo> (0x0000000086aaa728) thrown at [./src/hotspot/share/classfile/systemDictionary.cpp, line 231]
Event: 7.205 Thread 0x00000234a990d000 Exception <a 'java/lang/ClassNotFoundException'{0x0000000086ad72d0}: org/gradle/api/internal/AbstractTaskCustomizer> (0x0000000086ad72d0) thrown at [./src/hotspot/share/classfile/systemDictionary.cpp, line 231]
Event: 7.208 Thread 0x00000234a990d000 Exception <a 'java/lang/ClassNotFoundException'{0x0000000086948910}: org/gradle/api/DefaultTaskCustomizer> (0x0000000086948910) thrown at [./src/hotspot/share/classfile/systemDictionary.cpp, line 231]
Event: 7.210 Thread 0x00000234a990d000 Exception <a 'java/lang/ClassNotFoundException'{0x00000000869c9628}: org/gradle/api/internal/ConventionTaskCustomizer> (0x00000000869c9628) thrown at [./src/hotspot/share/classfile/systemDictionary.cpp, line 231]
Event: 7.211 Thread 0x00000234a990d000 Exception <a 'java/lang/ClassNotFoundException'{0x0000000086801a70}: org/gradle/api/tasks/DeleteCustomizer> (0x0000000086801a70) thrown at [./src/hotspot/share/classfile/systemDictionary.cpp, line 231]
Event: 7.212 Thread 0x00000234a990d000 Exception <a 'java/lang/ClassNotFoundException'{0x0000000086840cb0}: org/gradle/api/tasks/Delete_DecoratedCustomizer> (0x0000000086840cb0) thrown at [./src/hotspot/share/classfile/systemDictionary.cpp, line 231]
Event: 7.250 Thread 0x00000234a990d000 Exception <a 'java/lang/NoSuchMethodError'{0x000000008660e190}: 'void java.lang.invoke.DirectMethodHandle$Holder.invokeVirtual(java.lang.Object, java.lang.Object)'> (0x000000008660e190) thrown at [./src/hotspot/share/interpreter/linkResolver.cpp, line 773]
Event: 7.706 Thread 0x00000234a990d000 Exception <a 'java/lang/NoSuchMethodError'{0x0000000087d23a60}: 'void java.lang.invoke.DirectMethodHandle$Holder.invokeSpecialIFC(java.lang.Object, java.lang.Object, java.lang.Object)'> (0x0000000087d23a60) thrown at [./src/hotspot/share/interpreter/linkResolver.cpp, line 773]
Event: 7.800 Thread 0x00000234a990d000 Exception <a 'java/lang/NoSuchMethodError'{0x0000000087827a00}: 'int java.lang.invoke.DirectMethodHandle$Holder.invokeStatic(java.lang.Object, int, java.lang.Object, java.lang.Object)'> (0x0000000087827a00) thrown at [./src/hotspot/share/interpreter/linkResolver.cpp, line 773]
Event: 7.916 Thread 0x00000234a990d000 Exception <a 'java/lang/ClassNotFoundException'{0x00000000873d7838}: build_c5kdik7fs5wkqrxmgbi2krqomBeanInfo> (0x00000000873d7838) thrown at [./src/hotspot/share/classfile/systemDictionary.cpp, line 231]
Event: 7.916 Thread 0x00000234a990d000 Exception <a 'java/lang/ClassNotFoundException'{0x00000000873e2760}: build_c5kdik7fs5wkqrxmgbi2krqomCustomizer> (0x00000000873e2760) thrown at [./src/hotspot/share/classfile/systemDictionary.cpp, line 231]
Event: 7.924 Thread 0x00000234a990d000 Exception <a 'java/lang/ClassNotFoundException'{0x00000000872679f0}: org/gradle/plugin/use/internal/PluginRequestCollector$PluginDependenciesSpecImplBeanInfo> (0x00000000872679f0) thrown at [./src/hotspot/share/classfile/systemDictionary.cpp, line 231]
Event: 7.924 Thread 0x00000234a990d000 Exception <a 'java/lang/ClassNotFoundException'{0x0000000087295b18}: org/gradle/plugin/use/internal/PluginRequestCollector$PluginDependenciesSpecImplCustomizer> (0x0000000087295b18) thrown at [./src/hotspot/share/classfile/systemDictionary.cpp, line 231]
Event: 8.122 Thread 0x00000234a990d000 Exception <a 'java/lang/NoSuchMethodError'{0x00000000895abe70}: 'java.lang.Object java.lang.invoke.DirectMethodHandle$Holder.invokeStatic(java.lang.Object, java.lang.Object, java.lang.Object, java.lang.Object, int)'> (0x00000000895abe70) thrown at [./src/hotspot/share/interpreter/linkResolver.cpp, line 773]
Event: 8.122 Thread 0x00000234a990d000 Exception <a 'java/lang/NoSuchMethodError'{0x00000000895b0868}: 'java.lang.Object java.lang.invoke.DirectMethodHandle$Holder.invokeSpecial(java.lang.Object, java.lang.Object, java.lang.Object, java.lang.Object, java.lang.Object, int)'> (0x00000000895b0868) thrown at [./src/hotspot/share/interpreter/linkResolver.cpp, line 773]
Event: 8.122 Thread 0x00000234a990d000 Exception <a 'java/lang/NoSuchMethodError'{0x00000000895b4ea8}: 'java.lang.Object java.lang.invoke.Invokers$Holder.linkToTargetMethod(java.lang.Object, java.lang.Object, java.lang.Object, int, java.lang.Object)'> (0x00000000895b4ea8) thrown at [./src/hotspot/share/interpreter/linkResolver.cpp, line 773]
Event: 8.303 Thread 0x00000234a990d000 Exception <a 'java/lang/NoSuchMethodError'{0x0000000088686f60}: 'java.lang.Object java.lang.invoke.DirectMethodHandle$Holder.invokeSpecial(java.lang.Object, java.lang.Object, int, int, java.lang.Object, java.lang.Object, java.lang.Object)'> (0x0000000088686f60) thrown at [./src/hotspot/share/interpreter/linkResolver.cpp, line 773]
Event: 8.303 Thread 0x00000234a990d000 Exception <a 'java/lang/NoSuchMethodError'{0x000000008868b4e0}: 'java.lang.Object java.lang.invoke.DelegatingMethodHandle$Holder.reinvoke_L(java.lang.Object, int, int, java.lang.Object, java.lang.Object, java.lang.Object)'> (0x000000008868b4e0) thrown at [./src/hotspot/share/interpreter/linkResolver.cpp, line 773]
Event: 8.488 Thread 0x00000234a990d000 Exception <a 'java/lang/NoSuchMethodError'{0x0000000087a7a6d0}: 'int java.lang.invoke.DirectMethodHandle$Holder.invokeInterface(java.lang.Object, java.lang.Object, java.lang.Object, java.lang.Object)'> (0x0000000087a7a6d0) thrown at [./src/hotspot/share/interpreter/linkResolver.cpp, line 773]

Events (20 events):
Event: 8.681 loading class com/android/build/gradle/internal/services/SymbolTableBuildService$RegistrationAction done
Event: 8.681 loading class com/android/build/gradle/internal/services/SymbolTableBuildService
Event: 8.681 loading class com/android/build/gradle/internal/services/SymbolTableBuildService done
Event: 8.682 loading class com/android/build/gradle/internal/services/ClassesHierarchyBuildService$RegistrationAction
Event: 8.682 loading class com/android/build/gradle/internal/services/ClassesHierarchyBuildService$RegistrationAction done
Event: 8.683 loading class com/android/build/gradle/internal/services/ClassesHierarchyBuildService
Event: 8.683 loading class com/android/build/gradle/internal/services/ClassesHierarchyBuildService done
Event: 8.683 loading class com/android/build/gradle/internal/lint/LintFixBuildService$RegistrationAction
Event: 8.683 loading class com/android/build/gradle/internal/lint/LintFixBuildService$RegistrationAction done
Event: 8.684 loading class com/android/build/gradle/internal/lint/LintFixBuildService
Event: 8.684 loading class com/android/build/gradle/internal/lint/LintFixBuildService done
Event: 8.685 loading class com/android/build/gradle/internal/services/LintClassLoaderBuildService$RegistrationAction
Event: 8.685 loading class com/android/build/gradle/internal/services/LintClassLoaderBuildService$RegistrationAction done
Event: 8.686 loading class com/android/build/gradle/internal/services/LintClassLoaderBuildService
Event: 8.686 loading class com/android/build/gradle/internal/services/LintClassLoaderBuildService done
Event: 8.715 loading class com/google/common/collect/SingletonImmutableBiMap
Event: 8.715 loading class com/google/common/collect/SingletonImmutableBiMap done
Event: 8.716 loading class com/google/common/collect/RegularImmutableBiMap
Event: 8.716 loading class com/google/common/collect/RegularImmutableBiMap done
Event: 8.718 Executing VM operation: G1CollectForAllocation


Dynamic libraries:
0x00007ff68d740000 - 0x00007ff68d74a000 	C:\android\STUDIO\jre\bin\java.exe
0x00007ffaa1710000 - 0x00007ffaa1905000 	C:\WINDOWS\SYSTEM32\ntdll.dll
0x00007ffaa1420000 - 0x00007ffaa14de000 	C:\WINDOWS\System32\KERNEL32.DLL
0x00007ffa9ee30000 - 0x00007ffa9f0f9000 	C:\WINDOWS\System32\KERNELBASE.dll
0x00007ffa9f250000 - 0x00007ffa9f350000 	C:\WINDOWS\System32\ucrtbase.dll
0x00007ffa95670000 - 0x00007ffa95689000 	C:\android\STUDIO\jre\bin\jli.dll
0x00007ffa95690000 - 0x00007ffa956a7000 	C:\android\STUDIO\jre\bin\VCRUNTIME140.dll
0x00007ffaa1210000 - 0x00007ffaa13b1000 	C:\WINDOWS\System32\USER32.dll
0x00007ffa9f6b0000 - 0x00007ffa9f6d2000 	C:\WINDOWS\System32\win32u.dll
0x00007ffa7e610000 - 0x00007ffa7e8aa000 	C:\WINDOWS\WinSxS\amd64_microsoft.windows.common-controls_6595b64144ccf1df_6.0.19041.1110_none_60b5254171f9507e\COMCTL32.dll
0x00007ffaa0f00000 - 0x00007ffaa0f2b000 	C:\WINDOWS\System32\GDI32.dll
0x00007ffaa04c0000 - 0x00007ffaa055e000 	C:\WINDOWS\System32\msvcrt.dll
0x00007ffa9f440000 - 0x00007ffa9f54b000 	C:\WINDOWS\System32\gdi32full.dll
0x00007ffa9f1b0000 - 0x00007ffa9f24d000 	C:\WINDOWS\System32\msvcp_win.dll
0x00007ffaa0b20000 - 0x00007ffaa0b50000 	C:\WINDOWS\System32\IMM32.DLL
0x00007ffa6e290000 - 0x00007ffa6e32d000 	C:\android\STUDIO\jre\bin\msvcp140.dll
0x00007ffa5bbc0000 - 0x00007ffa5c68f000 	C:\android\STUDIO\jre\bin\server\jvm.dll
0x00007ffaa0f40000 - 0x00007ffaa0fec000 	C:\WINDOWS\System32\ADVAPI32.dll
0x00007ffaa0a80000 - 0x00007ffaa0b1b000 	C:\WINDOWS\System32\sechost.dll
0x00007ffaa0390000 - 0x00007ffaa04ba000 	C:\WINDOWS\System32\RPCRT4.dll
0x00007ffaa0b50000 - 0x00007ffaa0b58000 	C:\WINDOWS\System32\PSAPI.DLL
0x00007ffa847d0000 - 0x00007ffa847d9000 	C:\WINDOWS\SYSTEM32\WSOCK32.dll
0x00007ffa96ec0000 - 0x00007ffa96eca000 	C:\WINDOWS\SYSTEM32\VERSION.dll
0x00007ffa8a4b0000 - 0x00007ffa8a4d7000 	C:\WINDOWS\SYSTEM32\WINMM.dll
0x00007ffaa1120000 - 0x00007ffaa118b000 	C:\WINDOWS\System32\WS2_32.dll
0x00007ffa9d670000 - 0x00007ffa9d682000 	C:\WINDOWS\SYSTEM32\kernel.appcore.dll
0x00007ffa98750000 - 0x00007ffa98761000 	C:\android\STUDIO\jre\bin\verify.dll
0x00007ffa9c630000 - 0x00007ffa9c814000 	C:\WINDOWS\SYSTEM32\DBGHELP.DLL
0x00007ffa84810000 - 0x00007ffa8483c000 	C:\WINDOWS\SYSTEM32\dbgcore.DLL
0x00007ffa9f350000 - 0x00007ffa9f3d3000 	C:\WINDOWS\System32\bcryptPrimitives.dll
0x00007ffa98720000 - 0x00007ffa98749000 	C:\android\STUDIO\jre\bin\java.dll
0x00007ffa98d70000 - 0x00007ffa98d7b000 	C:\android\STUDIO\jre\bin\jimage.dll
0x00007ffa98700000 - 0x00007ffa98718000 	C:\android\STUDIO\jre\bin\zip.dll
0x00007ffa9fc40000 - 0x00007ffaa037f000 	C:\WINDOWS\System32\SHELL32.dll
0x00007ffa9ced0000 - 0x00007ffa9d660000 	C:\WINDOWS\SYSTEM32\windows.storage.dll
0x00007ffaa05f0000 - 0x00007ffaa0945000 	C:\WINDOWS\System32\combase.dll
0x00007ffa9e860000 - 0x00007ffa9e88c000 	C:\WINDOWS\SYSTEM32\Wldp.dll
0x00007ffaa0d70000 - 0x00007ffaa0e1e000 	C:\WINDOWS\System32\SHCORE.dll
0x00007ffaa1190000 - 0x00007ffaa11e5000 	C:\WINDOWS\System32\shlwapi.dll
0x00007ffa9ed70000 - 0x00007ffa9ed8f000 	C:\WINDOWS\SYSTEM32\profapi.dll
0x00007ffa981c0000 - 0x00007ffa981da000 	C:\android\STUDIO\jre\bin\net.dll
0x00007ffa8e470000 - 0x00007ffa8e578000 	C:\WINDOWS\SYSTEM32\WINHTTP.dll
0x00007ffa761b0000 - 0x00007ffa761d0000 	C:\WINDOWS\system32\PrxerDrv.dll
0x00007ffa9e590000 - 0x00007ffa9e5fa000 	C:\WINDOWS\system32\mswsock.dll
0x00007ffa96c60000 - 0x00007ffa96c74000 	C:\android\STUDIO\jre\bin\nio.dll
0x00007ffa77400000 - 0x00007ffa77427000 	C:\Users\99670\.gradle\native\8bec1ad78214c89d9ad589b4d07fe93259594b29d510b10fafb7a158f7737e5d\windows-amd64\native-platform.dll
0x00007ffa66980000 - 0x00007ffa66abd000 	C:\Users\99670\.gradle\native\53dbd7edfb1c66fb8903c78663c9afc45aea4f116125fa6feffd364cf09443e8\windows-amd64\native-platform-file-events.dll
0x00007ffa98a90000 - 0x00007ffa98a9a000 	C:\android\STUDIO\jre\bin\management.dll
0x00007ffa989b0000 - 0x00007ffa989bc000 	C:\android\STUDIO\jre\bin\management_ext.dll
0x00007ffa9e750000 - 0x00007ffa9e768000 	C:\WINDOWS\SYSTEM32\CRYPTSP.dll
0x00007ffa9deb0000 - 0x00007ffa9dee4000 	C:\WINDOWS\system32\rsaenh.dll
0x00007ffa9f730000 - 0x00007ffa9f757000 	C:\WINDOWS\System32\bcrypt.dll
0x00007ffa9ed30000 - 0x00007ffa9ed5e000 	C:\WINDOWS\SYSTEM32\USERENV.dll
0x00007ffa9e740000 - 0x00007ffa9e74c000 	C:\WINDOWS\SYSTEM32\CRYPTBASE.dll
0x00007ffa9e240000 - 0x00007ffa9e27b000 	C:\WINDOWS\SYSTEM32\IPHLPAPI.DLL
0x00007ffaa0f30000 - 0x00007ffaa0f38000 	C:\WINDOWS\System32\NSI.dll
0x00007ffa95160000 - 0x00007ffa95177000 	C:\WINDOWS\SYSTEM32\dhcpcsvc6.DLL
0x00007ffa96d50000 - 0x00007ffa96d6d000 	C:\WINDOWS\SYSTEM32\dhcpcsvc.DLL
0x00007ffa9e290000 - 0x00007ffa9e35c000 	C:\WINDOWS\SYSTEM32\DNSAPI.dll

dbghelp: loaded successfully - version: 4.0.5 - missing functions: none
symbol engine: initialized successfully - sym options: 0x614 - pdb path: .;C:\android\STUDIO\jre\bin;C:\WINDOWS\SYSTEM32;C:\WINDOWS\WinSxS\amd64_microsoft.windows.common-controls_6595b64144ccf1df_6.0.19041.1110_none_60b5254171f9507e;C:\android\STUDIO\jre\bin\server;C:\Users\99670\.gradle\native\8bec1ad78214c89d9ad589b4d07fe93259594b29d510b10fafb7a158f7737e5d\windows-amd64;C:\Users\99670\.gradle\native\53dbd7edfb1c66fb8903c78663c9afc45aea4f116125fa6feffd364cf09443e8\windows-amd64

VM Arguments:
jvm_args: --add-opens=java.base/java.util=ALL-UNNAMED --add-opens=java.base/java.lang=ALL-UNNAMED --add-opens=java.base/java.lang.invoke=ALL-UNNAMED --add-opens=java.base/java.util=ALL-UNNAMED --add-opens=java.prefs/java.util.prefs=ALL-UNNAMED --add-opens=java.prefs/java.util.prefs=ALL-UNNAMED --add-opens=java.base/java.nio.charset=ALL-UNNAMED --add-opens=java.base/java.net=ALL-UNNAMED --add-opens=java.base/java.util.concurrent.atomic=ALL-UNNAMED -Xmx2048m -Dfile.encoding=UTF-8 -Duser.country=RU -Duser.language=ru -Duser.variant 
java_command: org.gradle.launcher.daemon.bootstrap.GradleDaemon 7.0.2
java_class_path (initial): C:\Users\99670\.gradle\wrapper\dists\gradle-7.0.2-bin\857tjihv64xamwrf0h14cai3r\gradle-7.0.2\lib\gradle-launcher-7.0.2.jar
Launcher Type: SUN_STANDARD

[Global flags]
     intx CICompilerCount                          = 4                                         {product} {ergonomic}
     uint ConcGCThreads                            = 2                                         {product} {ergonomic}
     uint G1ConcRefinementThreads                  = 8                                         {product} {ergonomic}
   size_t G1HeapRegionSize                         = 1048576                                   {product} {ergonomic}
    uintx GCDrainStackTargetSize                   = 64                                        {product} {ergonomic}
   size_t InitialHeapSize                          = 134217728                                 {product} {ergonomic}
   size_t MarkStackSize                            = 4194304                                   {product} {ergonomic}
   size_t MaxHeapSize                              = 2147483648                                {product} {command line}
   size_t MaxNewSize                               = 1287651328                                {product} {ergonomic}
   size_t MinHeapDeltaBytes                        = 1048576                                   {product} {ergonomic}
    uintx NonNMethodCodeHeapSize                   = 5836300                                {pd product} {ergonomic}
    uintx NonProfiledCodeHeapSize                  = 122910970                              {pd product} {ergonomic}
    uintx ProfiledCodeHeapSize                     = 122910970                              {pd product} {ergonomic}
    uintx ReservedCodeCacheSize                    = 251658240                              {pd product} {ergonomic}
     bool SegmentedCodeCache                       = true                                      {product} {ergonomic}
     bool UseCompressedClassPointers               = true                                 {lp64_product} {ergonomic}
     bool UseCompressedOops                        = true                                 {lp64_product} {ergonomic}
     bool UseG1GC                                  = true                                      {product} {ergonomic}
     bool UseLargePagesIndividualAllocation        = false                                  {pd product} {ergonomic}

Logging:
Log output configuration:
 #0: stdout all=warning uptime,level,tags
 #1: stderr all=off uptime,level,tags

Environment Variables:
PATH=C:\Users\99670\Downloads\WINDOWS.X64_193000_db_home\bin;C:\Program Files\Common Files\Oracle\Java\javapath;C:\Program Files (x86)\Razer Chroma SDK\bin;C:\Program Files\Razer Chroma SDK\bin;C:\Program Files (x86)\Razer\ChromaBroadcast\bin;C:\Program Files\Razer\ChromaBroadcast\bin;C:\Windows\system32;C:\Windows;C:\Windows\System32\Wbem;C:\Windows\System32\WindowsPowerShell\v1.0\;C:\Windows\System32\OpenSSH\;C:\Program Files (x86)\Intel\Intel(R) Management Engine Components\DAL;C:\Program Files\Intel\Intel(R) Management Engine Components\DAL;C:\WINDOWS\system32;C:\WINDOWS;C:\WINDOWS\System32\Wbem;C:\WINDOWS\System32\WindowsPowerShell\v1.0\;C:\WINDOWS\System32\OpenSSH\;C:\Program Files\Git\cmd;C:\Users\99670\AppData\Local\Microsoft\WindowsApps;C:\Program Files\JetBrains\IntelliJ IDEA 2020.3.3\bin
USERNAME=99670
OS=Windows_NT
PROCESSOR_IDENTIFIER=Intel64 Family 6 Model 142 Stepping 11, GenuineIntel



---------------  S Y S T E M  ---------------

OS: Windows 10 , 64 bit Build 19041 (10.0.19041.1202)
OS uptime: 12 days 19:59 hours
Hyper-V role detected

CPU:total 8 (initial active 8) (4 cores per cpu, 2 threads per core) family 6 model 142 stepping 11 microcode 0xb8, cmov, cx8, fxsr, mmx, sse, sse2, sse3, ssse3, sse4.1, sse4.2, popcnt, avx, avx2, aes, clmul, erms, 3dnowpref, lzcnt, ht, tsc, tscinvbit, bmi1, bmi2, adx, fma

Memory: 4k page, system-wide physical 8092M (581M free)
TotalPageFile size 10140M (AvailPageFile size 26M)
current process WorkingSet (physical memory assigned to process): 368M, peak: 372M
current process commit charge ("private bytes"): 406M, peak: 437M

vm_info: OpenJDK 64-Bit Server VM (11.0.10+0-b96-7249189) for windows-amd64 JRE (11.0.10+0-b96-7249189), built on Mar 31 2021 21:44:00 by "builder" with MS VC++ 14.0 (VS2015)

END.
