#
# There is insufficient memory for the Java Runtime Environment to continue.
# Native memory allocation (mmap) failed to map 32505856 bytes for Failed to commit area from 0x0000000089a00000 to 0x000000008b900000 of length 32505856.
# Possible reasons:
#   The system is out of physical RAM or swap space
#   The process is running with CompressedOops enabled, and the Java Heap may be blocking the growth of the native heap
# Possible solutions:
#   Reduce memory load on the system
#   Increase physical memory or swap space
#   Check if swap backing store is full
#   Decrease Java heap size (-Xmx/-Xms)
#   Decrease number of Java threads
#   Decrease Java thread stack sizes (-Xss)
#   Set larger code cache with -XX:ReservedCodeCacheSize=
#   JVM is running with Unscaled Compressed Oops mode in which the Java heap is
#     placed in the first 4GB address space. The Java Heap base address is the
#     maximum limit for the native heap growth. Please use -XX:HeapBaseMinAddress
#     to set the Java Heap base and to place the Java Heap above 4GB virtual address.
# This output file may be truncated or incomplete.
#
#  Out of Memory Error (./src/hotspot/os/windows/os_windows.cpp:3301), pid=14672, tid=16928
#
# JRE version: OpenJDK Runtime Environment (11.0.10) (build 11.0.10+0-b96-7249189)
# Java VM: OpenJDK 64-Bit Server VM (11.0.10+0-b96-7249189, mixed mode, tiered, compressed oops, g1 gc, windows-amd64)
# No core dump will be written. Minidumps are not enabled by default on client versions of Windows
#

---------------  S U M M A R Y ------------

Command Line: --add-opens=java.base/java.util=ALL-UNNAMED --add-opens=java.base/java.lang=ALL-UNNAMED --add-opens=java.base/java.lang.invoke=ALL-UNNAMED --add-opens=java.base/java.util=ALL-UNNAMED --add-opens=java.prefs/java.util.prefs=ALL-UNNAMED --add-opens=java.prefs/java.util.prefs=ALL-UNNAMED --add-opens=java.base/java.nio.charset=ALL-UNNAMED --add-opens=java.base/java.net=ALL-UNNAMED --add-opens=java.base/java.util.concurrent.atomic=ALL-UNNAMED -Xmx2048m -Dfile.encoding=UTF-8 -Duser.country=RU -Duser.language=ru -Duser.variant org.gradle.launcher.daemon.bootstrap.GradleDaemon 7.0.2

Host: Intel(R) Core(TM) i7-8565U CPU @ 1.80GHz, 8 cores, 7G,  Windows 10 , 64 bit Build 19041 (10.0.19041.1202)
Time: Sat Oct 16 19:59:59 2021 Центральная Азия (зима) elapsed time: 6.697629 seconds (0d 0h 0m 6s)

---------------  T H R E A D  ---------------

Current thread (0x0000028c4a118800):  VMThread "VM Thread" [stack: 0x000000a9b6400000,0x000000a9b6500000] [id=16928]

Stack: [0x000000a9b6400000,0x000000a9b6500000]
[error occurred during error reporting (printing stack bounds), id 0xc0000005, EXCEPTION_ACCESS_VIOLATION (0xc0000005) at pc=0x0000028c32fb0f2d]

Native frames: (J=compiled Java code, j=interpreted, Vv=VM code, C=native code)
V  [jvm.dll+0x5ecfaa]
V  [jvm.dll+0x722bd5]
V  [jvm.dll+0x72412d]
V  [jvm.dll+0x724745]
V  [jvm.dll+0x7246fb]
V  [jvm.dll+0x5ec348]
V  [jvm.dll+0x5ecad8]
C  [ntdll.dll+0xa20cf]
C  [ntdll.dll+0x51454]
C  [ntdll.dll+0xa0bfe]
C  0x0000028c32fb0f2d

VM_Operation (0x000000a9b77f7130): G1CollectForAllocation, mode: safepoint, requested by thread 0x0000028c4cf0d800


---------------  P R O C E S S  ---------------

Threads class SMR info:
_java_thread_list=0x0000028c4dcbeba0, length=51, elements={
0x0000028c2f4be800, 0x0000028c4a11a000, 0x0000028c4a11b800, 0x0000028c4a939800,
0x0000028c4a93b800, 0x0000028c4a93c800, 0x0000028c4a985800, 0x0000028c4a988000,
0x0000028c4a98b000, 0x0000028c4aaf9800, 0x0000028c4d830000, 0x0000028c4ac15000,
0x0000028c4cd0d800, 0x0000028c4d56c800, 0x0000028c4d4f7800, 0x0000028c4b8c6800,
0x0000028c4cf0d800, 0x0000028c4cf0e000, 0x0000028c4cf10000, 0x0000028c4cf0b800,
0x0000028c4cf10800, 0x0000028c4cf11800, 0x0000028c4cf12800, 0x0000028c4c74a000,
0x0000028c4cf0c800, 0x0000028c4cf0f000, 0x0000028c4e340800, 0x0000028c4e33f000,
0x0000028c4e33d800, 0x0000028c4e33f800, 0x0000028c4e341800, 0x0000028c4e342000,
0x0000028c4e343000, 0x0000028c4ce16000, 0x0000028c4e344000, 0x0000028c4e33e000,
0x0000028c4e34a800, 0x0000028c4e344800, 0x0000028c4e348800, 0x0000028c4e345800,
0x0000028c4e34b000, 0x0000028c4e34c000, 0x0000028c4e348000, 0x0000028c4e66f800,
0x0000028c4e670000, 0x0000028c4e66e000, 0x0000028c4e66d000, 0x0000028c4e66c000,
0x0000028c4e66b800, 0x0000028c4e66e800, 0x0000028c4e66a800
}

Java Threads: ( => current thread )
  0x0000028c2f4be800 JavaThread "main" [_thread_blocked, id=4572, stack(0x000000a9b5e00000,0x000000a9b5f00000)]
  0x0000028c4a11a000 JavaThread "Reference Handler" daemon [_thread_blocked, id=20364, stack(0x000000a9b6500000,0x000000a9b6600000)]
  0x0000028c4a11b800 JavaThread "Finalizer" daemon [_thread_blocked, id=8852, stack(0x000000a9b6600000,0x000000a9b6700000)]
  0x0000028c4a939800 JavaThread "Signal Dispatcher" daemon [_thread_blocked, id=17324, stack(0x000000a9b6700000,0x000000a9b6800000)]
  0x0000028c4a93b800 JavaThread "Attach Listener" daemon [_thread_blocked, id=18080, stack(0x000000a9b6800000,0x000000a9b6900000)]
  0x0000028c4a93c800 JavaThread "Service Thread" daemon [_thread_blocked, id=7064, stack(0x000000a9b6900000,0x000000a9b6a00000)]
  0x0000028c4a985800 JavaThread "C2 CompilerThread0" daemon [_thread_in_native, id=1288, stack(0x000000a9b6a00000,0x000000a9b6b00000)]
  0x0000028c4a988000 JavaThread "C1 CompilerThread0" daemon [_thread_blocked, id=15604, stack(0x000000a9b6b00000,0x000000a9b6c00000)]
  0x0000028c4a98b000 JavaThread "Sweeper thread" daemon [_thread_blocked, id=10056, stack(0x000000a9b6c00000,0x000000a9b6d00000)]
  0x0000028c4aaf9800 JavaThread "Common-Cleaner" daemon [_thread_blocked, id=2200, stack(0x000000a9b6d00000,0x000000a9b6e00000)]
  0x0000028c4d830000 JavaThread "Daemon health stats" [_thread_blocked, id=5332, stack(0x000000a9b7300000,0x000000a9b7400000)]
  0x0000028c4ac15000 JavaThread "Incoming local TCP Connector on port 50689" [_thread_in_native, id=7860, stack(0x000000a9b6f00000,0x000000a9b7000000)]
  0x0000028c4cd0d800 JavaThread "Daemon periodic checks" [_thread_blocked, id=9872, stack(0x000000a9b7000000,0x000000a9b7100000)]
  0x0000028c4d56c800 JavaThread "Daemon" [_thread_blocked, id=17432, stack(0x000000a9b7400000,0x000000a9b7500000)]
  0x0000028c4d4f7800 JavaThread "Handler for socket connection from /127.0.0.1:50689 to /127.0.0.1:50690" [_thread_in_native, id=3848, stack(0x000000a9b7500000,0x000000a9b7600000)]
  0x0000028c4b8c6800 JavaThread "Cancel handler" [_thread_blocked, id=5492, stack(0x000000a9b7600000,0x000000a9b7700000)]
  0x0000028c4cf0d800 JavaThread "Daemon worker" [_thread_blocked, id=12252, stack(0x000000a9b7700000,0x000000a9b7800000)]
  0x0000028c4cf0e000 JavaThread "Asynchronous log dispatcher for DefaultDaemonConnection: socket connection from /127.0.0.1:50689 to /127.0.0.1:50690" [_thread_blocked, id=8880, stack(0x000000a9b7800000,0x000000a9b7900000)]
  0x0000028c4cf10000 JavaThread "Stdin handler" [_thread_blocked, id=18032, stack(0x000000a9b7900000,0x000000a9b7a00000)]
  0x0000028c4cf0b800 JavaThread "Daemon client event forwarder" [_thread_blocked, id=18556, stack(0x000000a9b7a00000,0x000000a9b7b00000)]
  0x0000028c4cf10800 JavaThread "Cache worker for file hash cache (C:\Users\99670\.gradle\caches\7.0.2\fileHashes)" [_thread_blocked, id=9292, stack(0x000000a9b8000000,0x000000a9b8100000)]
  0x0000028c4cf11800 JavaThread "File lock request listener" [_thread_in_native, id=10664, stack(0x000000a9b8100000,0x000000a9b8200000)]
  0x0000028c4cf12800 JavaThread "Cache worker for journal cache (C:\Users\99670\.gradle\caches\journal-1)" [_thread_blocked, id=8444, stack(0x000000a9b8300000,0x000000a9b8400000)]
  0x0000028c4c74a000 JavaThread "C2 CompilerThread1" daemon [_thread_blocked, id=5500, stack(0x000000a9b8400000,0x000000a9b8500000)]
  0x0000028c4cf0c800 JavaThread "Cache worker for file hash cache (C:\Users\99670\Weather\.gradle\7.0.2\fileHashes)" [_thread_blocked, id=6576, stack(0x000000a9b8500000,0x000000a9b8600000)]
  0x0000028c4cf0f000 JavaThread "File watcher server" daemon [_thread_in_native, id=3792, stack(0x000000a9b8600000,0x000000a9b8700000)]
  0x0000028c4e340800 JavaThread "File watcher consumer" daemon [_thread_blocked, id=7652, stack(0x000000a9b8700000,0x000000a9b8800000)]
  0x0000028c4e33f000 JavaThread "jar transforms" [_thread_blocked, id=3728, stack(0x000000a9b8800000,0x000000a9b8900000)]
  0x0000028c4e33d800 JavaThread "jar transforms Thread 2" [_thread_blocked, id=12272, stack(0x000000a9b8900000,0x000000a9b8a00000)]
  0x0000028c4e33f800 JavaThread "jar transforms Thread 3" [_thread_blocked, id=2664, stack(0x000000a9b8a00000,0x000000a9b8b00000)]
  0x0000028c4e341800 JavaThread "jar transforms Thread 4" [_thread_blocked, id=18452, stack(0x000000a9b8b00000,0x000000a9b8c00000)]
  0x0000028c4e342000 JavaThread "jar transforms Thread 5" [_thread_blocked, id=20004, stack(0x000000a9b8c00000,0x000000a9b8d00000)]
  0x0000028c4e343000 JavaThread "jar transforms Thread 6" [_thread_blocked, id=17008, stack(0x000000a9b8d00000,0x000000a9b8e00000)]
  0x0000028c4ce16000 JavaThread "C2 CompilerThread2" daemon [_thread_in_native, id=17672, stack(0x000000a9b8e00000,0x000000a9b8f00000)]
  0x0000028c4e344000 JavaThread "jar transforms Thread 7" [_thread_blocked, id=13884, stack(0x000000a9b8f00000,0x000000a9b9000000)]
  0x0000028c4e33e000 JavaThread "jar transforms Thread 8" [_thread_blocked, id=14772, stack(0x000000a9b9000000,0x000000a9b9100000)]
  0x0000028c4e34a800 JavaThread "Cache worker for checksums cache (C:\Users\99670\Weather\.gradle\checksums)" [_thread_blocked, id=18788, stack(0x000000a9b9100000,0x000000a9b9200000)]
  0x0000028c4e344800 JavaThread "Cache worker for cache directory md-supplier (C:\Users\99670\.gradle\caches\7.0.2\md-supplier)" [_thread_blocked, id=19016, stack(0x000000a9b9200000,0x000000a9b9300000)]
  0x0000028c4e348800 JavaThread "Cache worker for cache directory md-rule (C:\Users\99670\.gradle\caches\7.0.2\md-rule)" [_thread_blocked, id=14408, stack(0x000000a9b9300000,0x000000a9b9400000)]
  0x0000028c4e345800 JavaThread "Cache worker for execution history cache (C:\Users\99670\.gradle\caches\7.0.2\executionHistory)" [_thread_blocked, id=20384, stack(0x000000a9b9400000,0x000000a9b9500000)]
  0x0000028c4e34b000 JavaThread "Cache worker for file content cache (C:\Users\99670\.gradle\caches\7.0.2\fileContent)" [_thread_blocked, id=16496, stack(0x000000a9b9500000,0x000000a9b9600000)]
  0x0000028c4e34c000 JavaThread "Cache worker for dependencies-accessors (C:\Users\99670\Weather\.gradle\7.0.2\dependencies-accessors)" [_thread_blocked, id=6152, stack(0x000000a9b9600000,0x000000a9b9700000)]
  0x0000028c4e348000 JavaThread "Cache worker for Build Output Cleanup Cache (C:\Users\99670\Weather\.gradle\buildOutputCleanup)" [_thread_blocked, id=14392, stack(0x000000a9b9700000,0x000000a9b9800000)]
  0x0000028c4e66f800 JavaThread "Build operations" [_thread_blocked, id=14520, stack(0x000000a9b9800000,0x000000a9b9900000)]
  0x0000028c4e670000 JavaThread "Build operations Thread 2" [_thread_blocked, id=19520, stack(0x000000a9b9900000,0x000000a9b9a00000)]
  0x0000028c4e66e000 JavaThread "Build operations Thread 3" [_thread_blocked, id=17552, stack(0x000000a9b9a00000,0x000000a9b9b00000)]
  0x0000028c4e66d000 JavaThread "Build operations Thread 4" [_thread_blocked, id=17560, stack(0x000000a9b9b00000,0x000000a9b9c00000)]
  0x0000028c4e66c000 JavaThread "Build operations Thread 5" [_thread_blocked, id=7856, stack(0x000000a9b9c00000,0x000000a9b9d00000)]
  0x0000028c4e66b800 JavaThread "Build operations Thread 6" [_thread_blocked, id=14460, stack(0x000000a9b9d00000,0x000000a9b9e00000)]
  0x0000028c4e66e800 JavaThread "Build operations Thread 7" [_thread_blocked, id=20104, stack(0x000000a9b9e00000,0x000000a9b9f00000)]
  0x0000028c4e66a800 JavaThread "Build operations Thread 8" [_thread_blocked, id=7420, stack(0x000000a9b9f00000,0x000000a9ba000000)]

Other Threads:
=>0x0000028c4a118800 VMThread "VM Thread" [stack: 0x000000a9b6400000,0x000000a9b6500000] [id=16928]
  0x0000028c4ab26800 WatcherThread [stack: 0x000000a9b6e00000,0x000000a9b6f00000] [id=18204]
  0x0000028c2f4d8000 GCTaskThread "GC Thread#0" [stack: 0x000000a9b5f00000,0x000000a9b6000000] [id=14592]
  0x0000028c4b01d800 GCTaskThread "GC Thread#1" [stack: 0x000000a9b7100000,0x000000a9b7200000] [id=17072]
  0x0000028c4b9d1800 GCTaskThread "GC Thread#2" [stack: 0x000000a9b7200000,0x000000a9b7300000] [id=10268]
  0x0000028c4cddc800 GCTaskThread "GC Thread#3" [stack: 0x000000a9b7b00000,0x000000a9b7c00000] [id=16444]
  0x0000028c4cddd000 GCTaskThread "GC Thread#4" [stack: 0x000000a9b7c00000,0x000000a9b7d00000] [id=15720]
  0x0000028c4c72a800 GCTaskThread "GC Thread#5" [stack: 0x000000a9b7d00000,0x000000a9b7e00000] [id=4016]
  0x0000028c4c72b000 GCTaskThread "GC Thread#6" [stack: 0x000000a9b7e00000,0x000000a9b7f00000] [id=10652]
  0x0000028c4bfcd800 GCTaskThread "GC Thread#7" [stack: 0x000000a9b7f00000,0x000000a9b8000000] [id=14508]
  0x0000028c2f50c800 ConcurrentGCThread "G1 Main Marker" [stack: 0x000000a9b6000000,0x000000a9b6100000] [id=10644]
  0x0000028c2f50f800 ConcurrentGCThread "G1 Conc#0" [stack: 0x000000a9b6100000,0x000000a9b6200000] [id=16208]
  0x0000028c4b954800 ConcurrentGCThread "G1 Conc#1" [stack: 0x000000a9b8200000,0x000000a9b8300000] [id=9680]
  0x0000028c49f65800 ConcurrentGCThread "G1 Refine#0" [stack: 0x000000a9b6200000,0x000000a9b6300000] [id=4292]
  0x0000028c49f66800 ConcurrentGCThread "G1 Young RemSet Sampling" [stack: 0x000000a9b6300000,0x000000a9b6400000] [id=11108]

Threads with active compile tasks:
C2 CompilerThread0   6712 5870       4       org.objectweb.asm.Frame::execute (2318 bytes)
C2 CompilerThread2   6712 5851       4       org.objectweb.asm.SymbolTable::addConstantMemberReference (147 bytes)

VM state:at safepoint (normal execution)

VM Mutex/Monitor currently owned by a thread:  ([mutex/lock_event])
[0x0000028c2f4bd0f0] Threads_lock - owner thread: 0x0000028c4a118800
[0x0000028c2f4bc760] Heap_lock - owner thread: 0x0000028c4cf0d800

Heap address: 0x0000000080000000, size: 2048 MB, Compressed Oops mode: 32-bit
Narrow klass base: 0x0000000000000000, Narrow klass shift: 3
Compressed class space size: 1073741824 Address: 0x0000000100000000

Heap:
 garbage-first heap   total 189440K, used 73710K [0x0000000080000000, 0x0000000100000000)
  region size 1024K, 9 young (9216K), 9 survivors (9216K)
 Metaspace       used 56696K, capacity 58369K, committed 58624K, reserved 1099776K
  class space    used 7216K, capacity 7816K, committed 7936K, reserved 1048576K
Heap Regions: E=young(eden), S=young(survivor), O=old, HS=humongous(starts), HC=humongous(continues), CS=collection set, F=free, A=archive, TAMS=top-at-mark-start (previous, next)
|   0|0x0000000080000000, 0x0000000080100000, 0x0000000080100000|100%| O|  |TAMS 0x0000000080100000, 0x0000000080000000| Untracked 
|   1|0x0000000080100000, 0x0000000080200000, 0x0000000080200000|100%| O|  |TAMS 0x0000000080200000, 0x0000000080100000| Untracked 
|   2|0x0000000080200000, 0x0000000080300000, 0x0000000080300000|100%| O|  |TAMS 0x0000000080300000, 0x0000000080200000| Untracked 
|   3|0x0000000080300000, 0x0000000080400000, 0x0000000080400000|100%|HS|  |TAMS 0x0000000080400000, 0x0000000080300000| Complete 
|   4|0x0000000080400000, 0x0000000080500000, 0x0000000080500000|100%|HC|  |TAMS 0x0000000080500000, 0x0000000080400000| Complete 
|   5|0x0000000080500000, 0x0000000080600000, 0x0000000080600000|100%|HC|  |TAMS 0x0000000080600000, 0x0000000080500000| Complete 
|   6|0x0000000080600000, 0x0000000080700000, 0x0000000080700000|100%| O|  |TAMS 0x0000000080700000, 0x0000000080600000| Untracked 
|   7|0x0000000080700000, 0x0000000080800000, 0x0000000080800000|100%| O|  |TAMS 0x0000000080800000, 0x0000000080700000| Untracked 
|   8|0x0000000080800000, 0x0000000080900000, 0x0000000080900000|100%| O|  |TAMS 0x0000000080900000, 0x0000000080800000| Untracked 
|   9|0x0000000080900000, 0x0000000080a00000, 0x0000000080a00000|100%| O|  |TAMS 0x0000000080a00000, 0x0000000080900000| Untracked 
|  10|0x0000000080a00000, 0x0000000080b00000, 0x0000000080b00000|100%| O|  |TAMS 0x0000000080b00000, 0x0000000080a00000| Untracked 
|  11|0x0000000080b00000, 0x0000000080c00000, 0x0000000080c00000|100%| O|  |TAMS 0x0000000080c00000, 0x0000000080b00000| Untracked 
|  12|0x0000000080c00000, 0x0000000080d00000, 0x0000000080d00000|100%| O|  |TAMS 0x0000000080d00000, 0x0000000080c00000| Untracked 
|  13|0x0000000080d00000, 0x0000000080e00000, 0x0000000080e00000|100%| O|  |TAMS 0x0000000080e00000, 0x0000000080d00000| Untracked 
|  14|0x0000000080e00000, 0x0000000080f00000, 0x0000000080f00000|100%| O|  |TAMS 0x0000000080f00000, 0x0000000080e00000| Untracked 
|  15|0x0000000080f00000, 0x0000000081000000, 0x0000000081000000|100%| O|  |TAMS 0x0000000081000000, 0x0000000080f00000| Untracked 
|  16|0x0000000081000000, 0x0000000081100000, 0x0000000081100000|100%|HS|  |TAMS 0x0000000081100000, 0x0000000081000000| Complete 
|  17|0x0000000081100000, 0x0000000081200000, 0x0000000081200000|100%|HC|  |TAMS 0x0000000081200000, 0x0000000081100000| Complete 
|  18|0x0000000081200000, 0x0000000081300000, 0x0000000081300000|100%|HS|  |TAMS 0x0000000081300000, 0x0000000081200000| Complete 
|  19|0x0000000081300000, 0x0000000081400000, 0x0000000081400000|100%|HC|  |TAMS 0x0000000081400000, 0x0000000081300000| Complete 
|  20|0x0000000081400000, 0x0000000081500000, 0x0000000081500000|100%|HC|  |TAMS 0x0000000081500000, 0x0000000081400000| Complete 
|  21|0x0000000081500000, 0x0000000081600000, 0x0000000081600000|100%|HS|  |TAMS 0x0000000081600000, 0x0000000081500000| Complete 
|  22|0x0000000081600000, 0x0000000081700000, 0x0000000081700000|100%|HC|  |TAMS 0x0000000081700000, 0x0000000081600000| Complete 
|  23|0x0000000081700000, 0x0000000081800000, 0x0000000081800000|100%|HC|  |TAMS 0x0000000081800000, 0x0000000081700000| Complete 
|  24|0x0000000081800000, 0x0000000081900000, 0x0000000081900000|100%|HC|  |TAMS 0x0000000081900000, 0x0000000081800000| Complete 
|  25|0x0000000081900000, 0x0000000081a00000, 0x0000000081a00000|100%|HC|  |TAMS 0x0000000081a00000, 0x0000000081900000| Complete 
|  26|0x0000000081a00000, 0x0000000081b00000, 0x0000000081b00000|100%| O|  |TAMS 0x0000000081b00000, 0x0000000081a00000| Untracked 
|  27|0x0000000081b00000, 0x0000000081c00000, 0x0000000081c00000|100%| O|  |TAMS 0x0000000081c00000, 0x0000000081b00000| Untracked 
|  28|0x0000000081c00000, 0x0000000081d00000, 0x0000000081d00000|100%| O|  |TAMS 0x0000000081d00000, 0x0000000081c00000| Untracked 
|  29|0x0000000081d00000, 0x0000000081e00000, 0x0000000081e00000|100%|HS|  |TAMS 0x0000000081d00000, 0x0000000081d00000| Complete 
|  30|0x0000000081e00000, 0x0000000081f00000, 0x0000000081f00000|100%|HC|  |TAMS 0x0000000081e00000, 0x0000000081e00000| Complete 
|  31|0x0000000081f00000, 0x0000000082000000, 0x0000000082000000|100%|HC|  |TAMS 0x0000000081f00000, 0x0000000081f00000| Complete 
|  32|0x0000000082000000, 0x0000000082100000, 0x0000000082100000|100%| O|  |TAMS 0x0000000082100000, 0x0000000082000000| Untracked 
|  33|0x0000000082100000, 0x0000000082200000, 0x0000000082200000|100%| O|  |TAMS 0x0000000082200000, 0x0000000082100000| Untracked 
|  34|0x0000000082200000, 0x0000000082300000, 0x0000000082300000|100%| O|  |TAMS 0x0000000082300000, 0x0000000082200000| Untracked 
|  35|0x0000000082300000, 0x0000000082400000, 0x0000000082400000|100%| O|  |TAMS 0x0000000082400000, 0x0000000082300000| Untracked 
|  36|0x0000000082400000, 0x0000000082500000, 0x0000000082500000|100%| O|  |TAMS 0x00000000824a2600, 0x0000000082400000| Untracked 
|  37|0x0000000082500000, 0x0000000082600000, 0x0000000082600000|100%|HS|  |TAMS 0x0000000082500000, 0x0000000082500000| Complete 
|  38|0x0000000082600000, 0x0000000082700000, 0x0000000082700000|100%|HC|  |TAMS 0x0000000082600000, 0x0000000082600000| Complete 
|  39|0x0000000082700000, 0x0000000082800000, 0x0000000082800000|100%|HC|  |TAMS 0x0000000082700000, 0x0000000082700000| Complete 
|  40|0x0000000082800000, 0x0000000082900000, 0x0000000082900000|100%|HC|  |TAMS 0x0000000082800000, 0x0000000082800000| Complete 
|  41|0x0000000082900000, 0x0000000082a00000, 0x0000000082a00000|100%|HC|  |TAMS 0x0000000082900000, 0x0000000082900000| Complete 
|  42|0x0000000082a00000, 0x0000000082b00000, 0x0000000082b00000|100%| O|  |TAMS 0x0000000082a00000, 0x0000000082a00000| Untracked 
|  43|0x0000000082b00000, 0x0000000082c00000, 0x0000000082c00000|100%| O|  |TAMS 0x0000000082b00000, 0x0000000082b00000| Untracked 
|  44|0x0000000082c00000, 0x0000000082d00000, 0x0000000082d00000|100%| O|  |TAMS 0x0000000082c00000, 0x0000000082c00000| Untracked 
|  45|0x0000000082d00000, 0x0000000082e00000, 0x0000000082e00000|100%| O|  |TAMS 0x0000000082d00000, 0x0000000082d00000| Untracked 
|  46|0x0000000082e00000, 0x0000000082f00000, 0x0000000082f00000|100%| O|  |TAMS 0x0000000082e00000, 0x0000000082e00000| Untracked 
|  47|0x0000000082f00000, 0x0000000083000000, 0x0000000083000000|100%| O|  |TAMS 0x0000000082f00000, 0x0000000082f00000| Untracked 
|  48|0x0000000083000000, 0x0000000083100000, 0x0000000083100000|100%| O|  |TAMS 0x0000000083000000, 0x0000000083000000| Untracked 
|  49|0x0000000083100000, 0x0000000083200000, 0x0000000083200000|100%| O|  |TAMS 0x0000000083100000, 0x0000000083100000| Untracked 
|  50|0x0000000083200000, 0x0000000083300000, 0x0000000083300000|100%| O|  |TAMS 0x0000000083200000, 0x0000000083200000| Untracked 
|  51|0x0000000083300000, 0x0000000083400000, 0x0000000083400000|100%| O|  |TAMS 0x0000000083300000, 0x0000000083300000| Untracked 
|  52|0x0000000083400000, 0x0000000083500000, 0x0000000083500000|100%| O|  |TAMS 0x0000000083400000, 0x0000000083400000| Untracked 
|  53|0x0000000083500000, 0x0000000083600000, 0x0000000083600000|100%|HS|  |TAMS 0x0000000083500000, 0x0000000083500000| Complete 
|  54|0x0000000083600000, 0x0000000083700000, 0x0000000083700000|100%|HS|  |TAMS 0x0000000083600000, 0x0000000083600000| Complete 
|  55|0x0000000083700000, 0x0000000083800000, 0x0000000083800000|100%|HS|  |TAMS 0x0000000083700000, 0x0000000083700000| Complete 
|  56|0x0000000083800000, 0x0000000083900000, 0x0000000083900000|100%|HS|  |TAMS 0x0000000083800000, 0x0000000083800000| Complete 
|  57|0x0000000083900000, 0x0000000083a00000, 0x0000000083a00000|100%|HC|  |TAMS 0x0000000083900000, 0x0000000083900000| Complete 
|  58|0x0000000083a00000, 0x0000000083b00000, 0x0000000083b00000|100%|HC|  |TAMS 0x0000000083a00000, 0x0000000083a00000| Complete 
|  59|0x0000000083b00000, 0x0000000083c00000, 0x0000000083c00000|100%|HS|  |TAMS 0x0000000083b00000, 0x0000000083b00000| Complete 
|  60|0x0000000083c00000, 0x0000000083d00000, 0x0000000083d00000|100%|HC|  |TAMS 0x0000000083c00000, 0x0000000083c00000| Complete 
|  61|0x0000000083d00000, 0x0000000083e00000, 0x0000000083e00000|100%| O|  |TAMS 0x0000000083d00000, 0x0000000083d00000| Untracked 
|  62|0x0000000083e00000, 0x0000000083efba00, 0x0000000083f00000| 98%| O|  |TAMS 0x0000000083e00000, 0x0000000083e00000| Untracked 
|  63|0x0000000083f00000, 0x0000000083f00000, 0x0000000084000000|  0%| F|  |TAMS 0x0000000083f00000, 0x0000000083f00000| Untracked 
|  64|0x0000000084000000, 0x0000000084000000, 0x0000000084100000|  0%| F|  |TAMS 0x0000000084000000, 0x0000000084000000| Untracked 
|  65|0x0000000084100000, 0x0000000084100000, 0x0000000084200000|  0%| F|  |TAMS 0x0000000084100000, 0x0000000084100000| Untracked 
|  66|0x0000000084200000, 0x0000000084200000, 0x0000000084300000|  0%| F|  |TAMS 0x0000000084200000, 0x0000000084200000| Untracked 
|  67|0x0000000084300000, 0x0000000084300000, 0x0000000084400000|  0%| F|  |TAMS 0x0000000084300000, 0x0000000084300000| Untracked 
|  68|0x0000000084400000, 0x0000000084400000, 0x0000000084500000|  0%| F|  |TAMS 0x0000000084400000, 0x0000000084400000| Untracked 
|  69|0x0000000084500000, 0x0000000084500000, 0x0000000084600000|  0%| F|  |TAMS 0x0000000084500000, 0x0000000084500000| Untracked 
|  70|0x0000000084600000, 0x0000000084600000, 0x0000000084700000|  0%| F|  |TAMS 0x0000000084600000, 0x0000000084600000| Untracked 
|  71|0x0000000084700000, 0x0000000084700000, 0x0000000084800000|  0%| F|  |TAMS 0x0000000084700000, 0x0000000084700000| Untracked 
|  72|0x0000000084800000, 0x0000000084800000, 0x0000000084900000|  0%| F|  |TAMS 0x0000000084800000, 0x0000000084800000| Untracked 
|  73|0x0000000084900000, 0x0000000084900000, 0x0000000084a00000|  0%| F|  |TAMS 0x0000000084900000, 0x0000000084900000| Untracked 
|  74|0x0000000084a00000, 0x0000000084a00000, 0x0000000084b00000|  0%| F|  |TAMS 0x0000000084a00000, 0x0000000084a00000| Untracked 
|  75|0x0000000084b00000, 0x0000000084b00000, 0x0000000084c00000|  0%| F|  |TAMS 0x0000000084b00000, 0x0000000084b00000| Untracked 
|  76|0x0000000084c00000, 0x0000000084c00000, 0x0000000084d00000|  0%| F|  |TAMS 0x0000000084c00000, 0x0000000084c00000| Untracked 
|  77|0x0000000084d00000, 0x0000000084d00000, 0x0000000084e00000|  0%| F|  |TAMS 0x0000000084d00000, 0x0000000084d00000| Untracked 
|  78|0x0000000084e00000, 0x0000000084e00000, 0x0000000084f00000|  0%| F|  |TAMS 0x0000000084e00000, 0x0000000084e00000| Untracked 
|  79|0x0000000084f00000, 0x0000000085000000, 0x0000000085000000|100%| S|CS|TAMS 0x0000000084f00000, 0x0000000084f00000| Complete 
|  80|0x0000000085000000, 0x0000000085100000, 0x0000000085100000|100%| S|CS|TAMS 0x0000000085000000, 0x0000000085000000| Complete 
|  81|0x0000000085100000, 0x0000000085200000, 0x0000000085200000|100%| S|CS|TAMS 0x0000000085100000, 0x0000000085100000| Complete 
|  82|0x0000000085200000, 0x0000000085300000, 0x0000000085300000|100%| S|CS|TAMS 0x0000000085200000, 0x0000000085200000| Complete 
|  83|0x0000000085300000, 0x0000000085400000, 0x0000000085400000|100%| S|CS|TAMS 0x0000000085300000, 0x0000000085300000| Complete 
|  84|0x0000000085400000, 0x0000000085500000, 0x0000000085500000|100%| S|CS|TAMS 0x0000000085400000, 0x0000000085400000| Complete 
|  85|0x0000000085500000, 0x0000000085600000, 0x0000000085600000|100%| S|CS|TAMS 0x0000000085500000, 0x0000000085500000| Complete 
|  86|0x0000000085600000, 0x0000000085700000, 0x0000000085700000|100%| S|CS|TAMS 0x0000000085600000, 0x0000000085600000| Complete 
|  87|0x0000000085700000, 0x0000000085700000, 0x0000000085800000|  0%| F|  |TAMS 0x0000000085700000, 0x0000000085700000| Untracked 
|  88|0x0000000085800000, 0x0000000085800000, 0x0000000085900000|  0%| F|  |TAMS 0x0000000085800000, 0x0000000085800000| Untracked 
|  89|0x0000000085900000, 0x0000000085900000, 0x0000000085a00000|  0%| F|  |TAMS 0x0000000085900000, 0x0000000085900000| Untracked 
|  90|0x0000000085a00000, 0x0000000085a00000, 0x0000000085b00000|  0%| F|  |TAMS 0x0000000085a00000, 0x0000000085a00000| Untracked 
|  91|0x0000000085b00000, 0x0000000085c00000, 0x0000000085c00000|100%| S|CS|TAMS 0x0000000085b00000, 0x0000000085b00000| Complete 
|  92|0x0000000085c00000, 0x0000000085c00000, 0x0000000085d00000|  0%| F|  |TAMS 0x0000000085c00000, 0x0000000085c00000| Untracked 
|  93|0x0000000085d00000, 0x0000000085d00000, 0x0000000085e00000|  0%| F|  |TAMS 0x0000000085d00000, 0x0000000085d00000| Untracked 
|  94|0x0000000085e00000, 0x0000000085e00000, 0x0000000085f00000|  0%| F|  |TAMS 0x0000000085e00000, 0x0000000085e00000| Untracked 
|  95|0x0000000085f00000, 0x0000000085f00000, 0x0000000086000000|  0%| F|  |TAMS 0x0000000085f00000, 0x0000000085f00000| Untracked 
|  96|0x0000000086000000, 0x0000000086000000, 0x0000000086100000|  0%| F|  |TAMS 0x0000000086000000, 0x0000000086000000| Untracked 
|  97|0x0000000086100000, 0x0000000086100000, 0x0000000086200000|  0%| F|  |TAMS 0x0000000086100000, 0x0000000086100000| Untracked 
|  98|0x0000000086200000, 0x0000000086200000, 0x0000000086300000|  0%| F|  |TAMS 0x0000000086200000, 0x0000000086200000| Untracked 
|  99|0x0000000086300000, 0x0000000086300000, 0x0000000086400000|  0%| F|  |TAMS 0x0000000086300000, 0x0000000086300000| Untracked 
| 100|0x0000000086400000, 0x0000000086400000, 0x0000000086500000|  0%| F|  |TAMS 0x0000000086400000, 0x0000000086400000| Untracked 
| 101|0x0000000086500000, 0x0000000086500000, 0x0000000086600000|  0%| F|  |TAMS 0x0000000086500000, 0x0000000086500000| Untracked 
| 102|0x0000000086600000, 0x0000000086600000, 0x0000000086700000|  0%| F|  |TAMS 0x0000000086600000, 0x0000000086600000| Untracked 
| 103|0x0000000086700000, 0x0000000086700000, 0x0000000086800000|  0%| F|  |TAMS 0x0000000086700000, 0x0000000086700000| Untracked 
| 104|0x0000000086800000, 0x0000000086800000, 0x0000000086900000|  0%| F|  |TAMS 0x0000000086800000, 0x0000000086800000| Untracked 
| 105|0x0000000086900000, 0x0000000086900000, 0x0000000086a00000|  0%| F|  |TAMS 0x0000000086900000, 0x0000000086900000| Untracked 
| 106|0x0000000086a00000, 0x0000000086a00000, 0x0000000086b00000|  0%| F|  |TAMS 0x0000000086a00000, 0x0000000086a00000| Untracked 
| 107|0x0000000086b00000, 0x0000000086b00000, 0x0000000086c00000|  0%| F|  |TAMS 0x0000000086b00000, 0x0000000086b00000| Untracked 
| 108|0x0000000086c00000, 0x0000000086c00000, 0x0000000086d00000|  0%| F|  |TAMS 0x0000000086c00000, 0x0000000086c00000| Untracked 
| 109|0x0000000086d00000, 0x0000000086d00000, 0x0000000086e00000|  0%| F|  |TAMS 0x0000000086d00000, 0x0000000086d00000| Untracked 
| 110|0x0000000086e00000, 0x0000000086e00000, 0x0000000086f00000|  0%| F|  |TAMS 0x0000000086e00000, 0x0000000086e00000| Untracked 
| 111|0x0000000086f00000, 0x0000000086f00000, 0x0000000087000000|  0%| F|  |TAMS 0x0000000086f00000, 0x0000000086f00000| Untracked 
| 112|0x0000000087000000, 0x0000000087000000, 0x0000000087100000|  0%| F|  |TAMS 0x0000000087000000, 0x0000000087000000| Untracked 
| 113|0x0000000087100000, 0x0000000087100000, 0x0000000087200000|  0%| F|  |TAMS 0x0000000087100000, 0x0000000087100000| Untracked 
| 114|0x0000000087200000, 0x0000000087200000, 0x0000000087300000|  0%| F|  |TAMS 0x0000000087200000, 0x0000000087200000| Untracked 
| 115|0x0000000087300000, 0x0000000087300000, 0x0000000087400000|  0%| F|  |TAMS 0x0000000087300000, 0x0000000087300000| Untracked 
| 116|0x0000000087400000, 0x0000000087400000, 0x0000000087500000|  0%| F|  |TAMS 0x0000000087400000, 0x0000000087400000| Untracked 
| 117|0x0000000087500000, 0x0000000087500000, 0x0000000087600000|  0%| F|  |TAMS 0x0000000087500000, 0x0000000087500000| Untracked 
| 118|0x0000000087600000, 0x0000000087600000, 0x0000000087700000|  0%| F|  |TAMS 0x0000000087600000, 0x0000000087600000| Untracked 
| 119|0x0000000087700000, 0x0000000087700000, 0x0000000087800000|  0%| F|  |TAMS 0x0000000087700000, 0x0000000087700000| Untracked 
| 120|0x0000000087800000, 0x0000000087800000, 0x0000000087900000|  0%| F|  |TAMS 0x0000000087800000, 0x0000000087800000| Untracked 
| 121|0x0000000087900000, 0x0000000087900000, 0x0000000087a00000|  0%| F|  |TAMS 0x0000000087900000, 0x0000000087900000| Untracked 
| 122|0x0000000087a00000, 0x0000000087a00000, 0x0000000087b00000|  0%| F|  |TAMS 0x0000000087a00000, 0x0000000087a00000| Untracked 
| 123|0x0000000087b00000, 0x0000000087b00000, 0x0000000087c00000|  0%| F|  |TAMS 0x0000000087b00000, 0x0000000087b00000| Untracked 
| 124|0x0000000087c00000, 0x0000000087c00000, 0x0000000087d00000|  0%| F|  |TAMS 0x0000000087c00000, 0x0000000087c00000| Untracked 
| 125|0x0000000087d00000, 0x0000000087d00000, 0x0000000087e00000|  0%| F|  |TAMS 0x0000000087d00000, 0x0000000087d00000| Untracked 
| 126|0x0000000087e00000, 0x0000000087e00000, 0x0000000087f00000|  0%| F|  |TAMS 0x0000000087e00000, 0x0000000087e00000| Untracked 
| 127|0x0000000087f00000, 0x0000000087f00000, 0x0000000088000000|  0%| F|  |TAMS 0x0000000087f00000, 0x0000000087f00000| Untracked 
| 128|0x0000000088000000, 0x0000000088000000, 0x0000000088100000|  0%| F|  |TAMS 0x0000000088000000, 0x0000000088000000| Untracked 
| 129|0x0000000088100000, 0x0000000088100000, 0x0000000088200000|  0%| F|  |TAMS 0x0000000088100000, 0x0000000088100000| Untracked 
| 130|0x0000000088200000, 0x0000000088200000, 0x0000000088300000|  0%| F|  |TAMS 0x0000000088200000, 0x0000000088200000| Untracked 
| 131|0x0000000088300000, 0x0000000088300000, 0x0000000088400000|  0%| F|  |TAMS 0x0000000088300000, 0x0000000088300000| Untracked 
| 132|0x0000000088400000, 0x0000000088400000, 0x0000000088500000|  0%| F|  |TAMS 0x0000000088400000, 0x0000000088400000| Untracked 
| 133|0x0000000088500000, 0x0000000088500000, 0x0000000088600000|  0%| F|  |TAMS 0x0000000088500000, 0x0000000088500000| Untracked 
| 134|0x0000000088600000, 0x0000000088600000, 0x0000000088700000|  0%| F|  |TAMS 0x0000000088600000, 0x0000000088600000| Untracked 
| 135|0x0000000088700000, 0x0000000088700000, 0x0000000088800000|  0%| F|  |TAMS 0x0000000088700000, 0x0000000088700000| Untracked 
| 136|0x0000000088800000, 0x0000000088800000, 0x0000000088900000|  0%| F|  |TAMS 0x0000000088800000, 0x0000000088800000| Untracked 
| 137|0x0000000088900000, 0x0000000088900000, 0x0000000088a00000|  0%| F|  |TAMS 0x0000000088900000, 0x0000000088900000| Untracked 
| 138|0x0000000088a00000, 0x0000000088a00000, 0x0000000088b00000|  0%| F|  |TAMS 0x0000000088a00000, 0x0000000088a00000| Untracked 
| 139|0x0000000088b00000, 0x0000000088b00000, 0x0000000088c00000|  0%| F|  |TAMS 0x0000000088b00000, 0x0000000088b00000| Untracked 
| 140|0x0000000088c00000, 0x0000000088c00000, 0x0000000088d00000|  0%| F|  |TAMS 0x0000000088c00000, 0x0000000088c00000| Untracked 
| 141|0x0000000088d00000, 0x0000000088d00000, 0x0000000088e00000|  0%| F|  |TAMS 0x0000000088d00000, 0x0000000088d00000| Untracked 
| 142|0x0000000088e00000, 0x0000000088e00000, 0x0000000088f00000|  0%| F|  |TAMS 0x0000000088e00000, 0x0000000088e00000| Untracked 
| 143|0x0000000088f00000, 0x0000000088f00000, 0x0000000089000000|  0%| F|  |TAMS 0x0000000088f00000, 0x0000000088f00000| Untracked 
| 144|0x0000000089000000, 0x0000000089000000, 0x0000000089100000|  0%| F|  |TAMS 0x0000000089000000, 0x0000000089000000| Untracked 
| 145|0x0000000089100000, 0x0000000089100000, 0x0000000089200000|  0%| F|  |TAMS 0x0000000089100000, 0x0000000089100000| Untracked 
| 146|0x0000000089200000, 0x0000000089200000, 0x0000000089300000|  0%| F|  |TAMS 0x0000000089200000, 0x0000000089200000| Untracked 
| 147|0x0000000089300000, 0x0000000089300000, 0x0000000089400000|  0%| F|  |TAMS 0x0000000089300000, 0x0000000089300000| Untracked 
| 148|0x0000000089400000, 0x0000000089400000, 0x0000000089500000|  0%| F|  |TAMS 0x0000000089400000, 0x0000000089400000| Untracked 
| 149|0x0000000089500000, 0x0000000089500000, 0x0000000089600000|  0%| F|  |TAMS 0x0000000089500000, 0x0000000089500000| Untracked 
| 150|0x0000000089600000, 0x0000000089600000, 0x0000000089700000|  0%| F|  |TAMS 0x0000000089600000, 0x0000000089600000| Untracked 
| 151|0x0000000089700000, 0x0000000089700000, 0x0000000089800000|  0%| F|  |TAMS 0x0000000089700000, 0x0000000089700000| Untracked 
| 152|0x0000000089800000, 0x0000000089800000, 0x0000000089900000|  0%| F|  |TAMS 0x0000000089800000, 0x0000000089800000| Untracked 
| 153|0x0000000089900000, 0x0000000089900000, 0x0000000089a00000|  0%| F|  |TAMS 0x0000000089900000, 0x0000000089900000| Untracked 

Card table byte_map: [0x0000028c42e10000,0x0000028c43210000] _byte_map_base: 0x0000028c42a10000

Marking Bits (Prev, Next): (CMBitMap*) 0x0000028c2f503730, (CMBitMap*) 0x0000028c2f5036f8
 Prev Bits: [0x0000028c45610000, 0x0000028c47610000)
 Next Bits: [0x0000028c43610000, 0x0000028c45610000)

Polling page: 0x0000028c2dc90000

Metaspace:

Usage:
  Non-class:     49.37 MB capacity,    48.32 MB ( 98%) used,   921.79 KB (  2%) free+waste,   151.69 KB ( <1%) overhead. 
      Class:      7.63 MB capacity,     7.05 MB ( 92%) used,   526.92 KB (  7%) free+waste,    72.50 KB ( <1%) overhead. 
       Both:     57.00 MB capacity,    55.37 MB ( 97%) used,     1.41 MB (  2%) free+waste,   224.19 KB ( <1%) overhead. 

Virtual space:
  Non-class space:       50.00 MB reserved,      49.50 MB ( 99%) committed 
      Class space:        1.00 GB reserved,       7.75 MB ( <1%) committed 
             Both:        1.05 GB reserved,      57.25 MB (  5%) committed 

Chunk freelists:
   Non-Class:  7.00 KB
       Class:  24.00 KB
        Both:  31.00 KB

MaxMetaspaceSize: 17179869184.00 GB
CompressedClassSpaceSize: 1.00 GB

CodeHeap 'non-profiled nmethods': size=120000Kb used=3494Kb max_used=3494Kb free=116505Kb
 bounds [0x0000028c3aa80000, 0x0000028c3adf0000, 0x0000028c41fb0000]
CodeHeap 'profiled nmethods': size=120000Kb used=12003Kb max_used=12003Kb free=107996Kb
 bounds [0x0000028c33550000, 0x0000028c34110000, 0x0000028c3aa80000]
CodeHeap 'non-nmethods': size=5760Kb used=2239Kb max_used=2287Kb free=3520Kb
 bounds [0x0000028c32fb0000, 0x0000028c33220000, 0x0000028c33550000]
 total_blobs=6673 nmethods=5852 adapters=732
 compilation: enabled
              stopped_count=0, restarted_count=0
 full_count=0

Compilation events (20 events):
Event: 6.609 Thread 0x0000028c4a988000 5864       3       com.google.common.collect.ImmutableMap::<init> (5 bytes)
Event: 6.609 Thread 0x0000028c4a988000 nmethod 5864 0x0000028c34106b10 code [0x0000028c34106cc0, 0x0000028c34106e18]
Event: 6.609 Thread 0x0000028c4a988000 5865       3       com.google.common.collect.RegularImmutableMap::<init> (20 bytes)
Event: 6.609 Thread 0x0000028c4a988000 nmethod 5865 0x0000028c34106f10 code [0x0000028c341070e0, 0x0000028c34107358]
Event: 6.609 Thread 0x0000028c4a985800 nmethod 5833 0x0000028c3ade5390 code [0x0000028c3ade5620, 0x0000028c3ade79f0]
Event: 6.611 Thread 0x0000028c4a988000 5866       1       org.gradle.internal.instantiation.generator.AbstractClassGenerator$MethodMetadata::getGenericReturnType (5 bytes)
Event: 6.611 Thread 0x0000028c4a988000 nmethod 5866 0x0000028c3ade8f10 code [0x0000028c3ade90c0, 0x0000028c3ade9178]
Event: 6.611 Thread 0x0000028c4c74a000 5867       4       org.objectweb.asm.ByteVector::putInt (74 bytes)
Event: 6.611 Thread 0x0000028c4a988000 5868       3       java.util.concurrent.ConcurrentHashMap$Traverser::<init> (36 bytes)
Event: 6.612 Thread 0x0000028c4a988000 nmethod 5868 0x0000028c34107490 code [0x0000028c34107640, 0x0000028c34107838]
Event: 6.612 Thread 0x0000028c4c74a000 nmethod 5867 0x0000028c3ade9210 code [0x0000028c3ade93c0, 0x0000028c3ade9568]
Event: 6.613 Thread 0x0000028c4a988000 5869   !   3       org.gradle.cache.internal.DefaultCrossBuildInMemoryCacheFactory$AbstractCrossBuildInMemoryCache::get (65 bytes)
Event: 6.613 Thread 0x0000028c4a988000 nmethod 5869 0x0000028c34107910 code [0x0000028c34107b00, 0x0000028c341080d8]
Event: 6.621 Thread 0x0000028c4a985800 5870       4       org.objectweb.asm.Frame::execute (2318 bytes)
Event: 6.680 Thread 0x0000028c4a988000 5871       3       java.util.concurrent.ConcurrentHashMap$BaseIterator::<init> (21 bytes)
Event: 6.681 Thread 0x0000028c4a988000 nmethod 5871 0x0000028c34108390 code [0x0000028c34108560, 0x0000028c34108738]
Event: 6.681 Thread 0x0000028c4a988000 5872       1       java.util.Spliterators$EmptySpliterator::characteristics (4 bytes)
Event: 6.681 Thread 0x0000028c4a988000 nmethod 5872 0x0000028c3ade9690 code [0x0000028c3ade9840, 0x0000028c3ade98f8]
Event: 6.687 Thread 0x0000028c4a988000 5873       3       java.util.Collections$SingletonSet::contains (9 bytes)
Event: 6.687 Thread 0x0000028c4a988000 nmethod 5873 0x0000028c34108810 code [0x0000028c341089e0, 0x0000028c34108cc8]

GC Heap History (20 events):
Event: 0.580 GC heap after
{Heap after GC invocations=1 (full 0):
 garbage-first heap   total 131072K, used 9076K [0x0000000080000000, 0x0000000100000000)
  region size 1024K, 3 young (3072K), 3 survivors (3072K)
 Metaspace       used 10178K, capacity 10429K, committed 10624K, reserved 1058816K
  class space    used 1064K, capacity 1139K, committed 1152K, reserved 1048576K
}
Event: 0.798 GC heap before
{Heap before GC invocations=1 (full 0):
 garbage-first heap   total 131072K, used 30580K [0x0000000080000000, 0x0000000100000000)
  region size 1024K, 24 young (24576K), 3 survivors (3072K)
 Metaspace       used 11094K, capacity 11382K, committed 11520K, reserved 1058816K
  class space    used 1165K, capacity 1243K, committed 1280K, reserved 1048576K
}
Event: 0.802 GC heap after
{Heap after GC invocations=2 (full 0):
 garbage-first heap   total 131072K, used 9664K [0x0000000080000000, 0x0000000100000000)
  region size 1024K, 1 young (1024K), 1 survivors (1024K)
 Metaspace       used 11094K, capacity 11382K, committed 11520K, reserved 1058816K
  class space    used 1165K, capacity 1243K, committed 1280K, reserved 1048576K
}
Event: 1.841 GC heap before
{Heap before GC invocations=2 (full 0):
 garbage-first heap   total 131072K, used 61888K [0x0000000080000000, 0x0000000100000000)
  region size 1024K, 52 young (53248K), 1 survivors (1024K)
 Metaspace       used 17750K, capacity 18223K, committed 18432K, reserved 1064960K
  class space    used 2101K, capacity 2249K, committed 2304K, reserved 1048576K
}
Event: 1.855 GC heap after
{Heap after GC invocations=3 (full 0):
 garbage-first heap   total 131072K, used 15886K [0x0000000080000000, 0x0000000100000000)
  region size 1024K, 7 young (7168K), 7 survivors (7168K)
 Metaspace       used 17750K, capacity 18223K, committed 18432K, reserved 1064960K
  class space    used 2101K, capacity 2249K, committed 2304K, reserved 1048576K
}
Event: 2.045 GC heap before
{Heap before GC invocations=3 (full 0):
 garbage-first heap   total 131072K, used 37390K [0x0000000080000000, 0x0000000100000000)
  region size 1024K, 29 young (29696K), 7 survivors (7168K)
 Metaspace       used 20576K, capacity 21127K, committed 21248K, reserved 1067008K
  class space    used 2515K, capacity 2733K, committed 2816K, reserved 1048576K
}
Event: 2.051 GC heap after
{Heap after GC invocations=4 (full 0):
 garbage-first heap   total 131072K, used 16643K [0x0000000080000000, 0x0000000100000000)
  region size 1024K, 1 young (1024K), 1 survivors (1024K)
 Metaspace       used 20576K, capacity 21127K, committed 21248K, reserved 1067008K
  class space    used 2515K, capacity 2733K, committed 2816K, reserved 1048576K
}
Event: 2.602 GC heap before
{Heap before GC invocations=5 (full 0):
 garbage-first heap   total 131072K, used 75011K [0x0000000080000000, 0x0000000100000000)
  region size 1024K, 54 young (55296K), 1 survivors (1024K)
 Metaspace       used 26040K, capacity 26751K, committed 27008K, reserved 1073152K
  class space    used 3414K, capacity 3651K, committed 3712K, reserved 1048576K
}
Event: 2.607 GC heap after
{Heap after GC invocations=6 (full 0):
 garbage-first heap   total 157696K, used 24255K [0x0000000080000000, 0x0000000100000000)
  region size 1024K, 4 young (4096K), 4 survivors (4096K)
 Metaspace       used 26040K, capacity 26751K, committed 27008K, reserved 1073152K
  class space    used 3414K, capacity 3651K, committed 3712K, reserved 1048576K
}
Event: 3.455 GC heap before
{Heap before GC invocations=6 (full 0):
 garbage-first heap   total 157696K, used 91839K [0x0000000080000000, 0x0000000100000000)
  region size 1024K, 65 young (66560K), 4 survivors (4096K)
 Metaspace       used 33646K, capacity 34532K, committed 34688K, reserved 1079296K
  class space    used 4443K, capacity 4733K, committed 4736K, reserved 1048576K
}
Event: 3.460 GC heap after
{Heap after GC invocations=7 (full 0):
 garbage-first heap   total 157696K, used 34421K [0x0000000080000000, 0x0000000100000000)
  region size 1024K, 9 young (9216K), 9 survivors (9216K)
 Metaspace       used 33646K, capacity 34532K, committed 34688K, reserved 1079296K
  class space    used 4443K, capacity 4733K, committed 4736K, reserved 1048576K
}
Event: 3.516 GC heap before
{Heap before GC invocations=7 (full 0):
 garbage-first heap   total 157696K, used 36469K [0x0000000080000000, 0x0000000100000000)
  region size 1024K, 12 young (12288K), 9 survivors (9216K)
 Metaspace       used 34857K, capacity 35727K, committed 35840K, reserved 1081344K
  class space    used 4560K, capacity 4899K, committed 4992K, reserved 1048576K
}
Event: 3.526 GC heap after
{Heap after GC invocations=8 (full 0):
 garbage-first heap   total 157696K, used 35250K [0x0000000080000000, 0x0000000100000000)
  region size 1024K, 6 young (6144K), 6 survivors (6144K)
 Metaspace       used 34857K, capacity 35727K, committed 35840K, reserved 1081344K
  class space    used 4560K, capacity 4899K, committed 4992K, reserved 1048576K
}
Event: 4.273 GC heap before
{Heap before GC invocations=9 (full 0):
 garbage-first heap   total 157696K, used 111026K [0x0000000080000000, 0x0000000100000000)
  region size 1024K, 77 young (78848K), 6 survivors (6144K)
 Metaspace       used 41671K, capacity 42697K, committed 43008K, reserved 1087488K
  class space    used 5376K, capacity 5774K, committed 5888K, reserved 1048576K
}
Event: 4.284 GC heap after
{Heap after GC invocations=10 (full 0):
 garbage-first heap   total 157696K, used 39449K [0x0000000080000000, 0x0000000100000000)
  region size 1024K, 5 young (5120K), 5 survivors (5120K)
 Metaspace       used 41671K, capacity 42697K, committed 43008K, reserved 1087488K
  class space    used 5376K, capacity 5774K, committed 5888K, reserved 1048576K
}
Event: 5.092 GC heap before
{Heap before GC invocations=11 (full 0):
 garbage-first heap   total 157696K, used 119321K [0x0000000080000000, 0x0000000100000000)
  region size 1024K, 75 young (76800K), 5 survivors (5120K)
 Metaspace       used 46102K, capacity 47340K, committed 47616K, reserved 1091584K
  class space    used 5868K, capacity 6329K, committed 6400K, reserved 1048576K
}
Event: 5.102 GC heap after
{Heap after GC invocations=12 (full 0):
 garbage-first heap   total 157696K, used 54071K [0x0000000080000000, 0x0000000100000000)
  region size 1024K, 10 young (10240K), 10 survivors (10240K)
 Metaspace       used 46102K, capacity 47340K, committed 47616K, reserved 1091584K
  class space    used 5868K, capacity 6329K, committed 6400K, reserved 1048576K
}
Event: 5.941 GC heap before
{Heap before GC invocations=12 (full 0):
 garbage-first heap   total 157696K, used 117559K [0x0000000080000000, 0x0000000100000000)
  region size 1024K, 73 young (74752K), 10 survivors (10240K)
 Metaspace       used 49540K, capacity 51019K, committed 51200K, reserved 1093632K
  class space    used 6343K, capacity 6822K, committed 6912K, reserved 1048576K
}
Event: 5.953 GC heap after
{Heap after GC invocations=13 (full 0):
 garbage-first heap   total 157696K, used 57512K [0x0000000080000000, 0x0000000100000000)
  region size 1024K, 4 young (4096K), 4 survivors (4096K)
 Metaspace       used 49540K, capacity 51019K, committed 51200K, reserved 1093632K
  class space    used 6343K, capacity 6822K, committed 6912K, reserved 1048576K
}
Event: 6.688 GC heap before
{Heap before GC invocations=13 (full 0):
 garbage-first heap   total 157696K, used 129192K [0x0000000080000000, 0x0000000100000000)
  region size 1024K, 66 young (67584K), 4 survivors (4096K)
 Metaspace       used 56696K, capacity 58369K, committed 58624K, reserved 1099776K
  class space    used 7216K, capacity 7816K, committed 7936K, reserved 1048576K
}

Deoptimization events (20 events):
Event: 6.246 Thread 0x0000028c4cf0d800 Uncommon trap: trap_request=0xffffff45 fr.pc=0x0000028c3abcfcec relative=0x000000000000020c
Event: 6.246 Thread 0x0000028c4cf0d800 Uncommon trap: reason=unstable_fused_if action=reinterpret pc=0x0000028c3abcfcec method=org.objectweb.asm.ByteVector.putUTF8(Ljava/lang/String;)Lorg/objectweb/asm/ByteVector; @ 93 c2
Event: 6.246 Thread 0x0000028c4cf0d800 DEOPT PACKING pc=0x0000028c3abcfcec sp=0x000000a9b77f8480
Event: 6.246 Thread 0x0000028c4cf0d800 DEOPT UNPACKING pc=0x0000028c32fd78af sp=0x000000a9b77f8400 mode 2
Event: 6.366 Thread 0x0000028c4cf0d800 Uncommon trap: trap_request=0xffffff4d fr.pc=0x0000028c3aaccc94 relative=0x0000000000000454
Event: 6.366 Thread 0x0000028c4cf0d800 Uncommon trap: reason=unstable_if action=reinterpret pc=0x0000028c3aaccc94 method=java.lang.AbstractStringBuilder.putStringAt(ILjava/lang/String;)V @ 8 c2
Event: 6.366 Thread 0x0000028c4cf0d800 DEOPT PACKING pc=0x0000028c3aaccc94 sp=0x000000a9b77f7330
Event: 6.366 Thread 0x0000028c4cf0d800 DEOPT UNPACKING pc=0x0000028c32fd78af sp=0x000000a9b77f72a0 mode 2
Event: 6.366 Thread 0x0000028c4cf0d800 Uncommon trap: trap_request=0xffffff4d fr.pc=0x0000028c3ab033fc relative=0x000000000000059c
Event: 6.366 Thread 0x0000028c4cf0d800 Uncommon trap: reason=unstable_if action=reinterpret pc=0x0000028c3ab033fc method=java.lang.AbstractStringBuilder.isLatin1()Z @ 10 c2
Event: 6.366 Thread 0x0000028c4cf0d800 DEOPT PACKING pc=0x0000028c3ab033fc sp=0x000000a9b77f7310
Event: 6.366 Thread 0x0000028c4cf0d800 DEOPT UNPACKING pc=0x0000028c32fd78af sp=0x000000a9b77f7200 mode 2
Event: 6.366 Thread 0x0000028c4cf0d800 Uncommon trap: trap_request=0xffffff4d fr.pc=0x0000028c3aab3dec relative=0x00000000000000cc
Event: 6.366 Thread 0x0000028c4cf0d800 Uncommon trap: reason=unstable_if action=reinterpret pc=0x0000028c3aab3dec method=java.lang.String.getBytes([BIB)V @ 5 c2
Event: 6.366 Thread 0x0000028c4cf0d800 DEOPT PACKING pc=0x0000028c3aab3dec sp=0x000000a9b77f7260
Event: 6.366 Thread 0x0000028c4cf0d800 DEOPT UNPACKING pc=0x0000028c32fd78af sp=0x000000a9b77f7208 mode 2
Event: 6.366 Thread 0x0000028c4cf0d800 Uncommon trap: trap_request=0xffffff4d fr.pc=0x0000028c3aaaaa4c relative=0x000000000000022c
Event: 6.366 Thread 0x0000028c4cf0d800 Uncommon trap: reason=unstable_if action=reinterpret pc=0x0000028c3aaaaa4c method=java.lang.AbstractStringBuilder.isLatin1()Z @ 10 c2
Event: 6.366 Thread 0x0000028c4cf0d800 DEOPT PACKING pc=0x0000028c3aaaaa4c sp=0x000000a9b77f72c0
Event: 6.366 Thread 0x0000028c4cf0d800 DEOPT UNPACKING pc=0x0000028c32fd78af sp=0x000000a9b77f7200 mode 2

Classes redefined (0 events):
No events

Internal exceptions (20 events):
Event: 6.040 Thread 0x0000028c4cf0d800 Exception <a 'java/lang/ClassNotFoundException'{0x0000000089018280}: org/gradle/api/tasks/Delete_DecoratedBeanInfo> (0x0000000089018280) thrown at [./src/hotspot/share/classfile/systemDictionary.cpp, line 231]
Event: 6.041 Thread 0x0000028c4cf0d800 Exception <a 'java/lang/ClassNotFoundException'{0x0000000089041490}: org/gradle/api/tasks/DeleteBeanInfo> (0x0000000089041490) thrown at [./src/hotspot/share/classfile/systemDictionary.cpp, line 231]
Event: 6.042 Thread 0x0000028c4cf0d800 Exception <a 'java/lang/ClassNotFoundException'{0x000000008906d5c0}: org/gradle/api/internal/ConventionTaskBeanInfo> (0x000000008906d5c0) thrown at [./src/hotspot/share/classfile/systemDictionary.cpp, line 231]
Event: 6.042 Thread 0x0000028c4cf0d800 Exception <a 'java/lang/ClassNotFoundException'{0x0000000089096140}: org/gradle/api/DefaultTaskBeanInfo> (0x0000000089096140) thrown at [./src/hotspot/share/classfile/systemDictionary.cpp, line 231]
Event: 6.043 Thread 0x0000028c4cf0d800 Exception <a 'java/lang/ClassNotFoundException'{0x00000000890c2d28}: org/gradle/api/internal/AbstractTaskBeanInfo> (0x00000000890c2d28) thrown at [./src/hotspot/share/classfile/systemDictionary.cpp, line 231]
Event: 6.043 Thread 0x0000028c4cf0d800 Exception <a 'java/lang/ClassNotFoundException'{0x00000000890ef8d0}: org/gradle/api/internal/AbstractTaskCustomizer> (0x00000000890ef8d0) thrown at [./src/hotspot/share/classfile/systemDictionary.cpp, line 231]
Event: 6.046 Thread 0x0000028c4cf0d800 Exception <a 'java/lang/ClassNotFoundException'{0x0000000088f60e38}: org/gradle/api/DefaultTaskCustomizer> (0x0000000088f60e38) thrown at [./src/hotspot/share/classfile/systemDictionary.cpp, line 231]
Event: 6.048 Thread 0x0000028c4cf0d800 Exception <a 'java/lang/ClassNotFoundException'{0x0000000088fe1ba8}: org/gradle/api/internal/ConventionTaskCustomizer> (0x0000000088fe1ba8) thrown at [./src/hotspot/share/classfile/systemDictionary.cpp, line 231]
Event: 6.049 Thread 0x0000028c4cf0d800 Exception <a 'java/lang/ClassNotFoundException'{0x0000000088e19fb0}: org/gradle/api/tasks/DeleteCustomizer> (0x0000000088e19fb0) thrown at [./src/hotspot/share/classfile/systemDictionary.cpp, line 231]
Event: 6.050 Thread 0x0000028c4cf0d800 Exception <a 'java/lang/ClassNotFoundException'{0x0000000088e591f0}: org/gradle/api/tasks/Delete_DecoratedCustomizer> (0x0000000088e591f0) thrown at [./src/hotspot/share/classfile/systemDictionary.cpp, line 231]
Event: 6.069 Thread 0x0000028c4cf0d800 Exception <a 'java/lang/ClassNotFoundException'{0x0000000088d78b00}: build_c5kdik7fs5wkqrxmgbi2krqomBeanInfo> (0x0000000088d78b00) thrown at [./src/hotspot/share/classfile/systemDictionary.cpp, line 231]
Event: 6.070 Thread 0x0000028c4cf0d800 Exception <a 'java/lang/ClassNotFoundException'{0x0000000088dabe18}: build_c5kdik7fs5wkqrxmgbi2krqomCustomizer> (0x0000000088dabe18) thrown at [./src/hotspot/share/classfile/systemDictionary.cpp, line 231]
Event: 6.078 Thread 0x0000028c4cf0d800 Exception <a 'java/lang/ClassNotFoundException'{0x0000000088c312d0}: org/gradle/plugin/use/internal/PluginRequestCollector$PluginDependenciesSpecImplBeanInfo> (0x0000000088c312d0) thrown at [./src/hotspot/share/classfile/systemDictionary.cpp, line 231]
Event: 6.078 Thread 0x0000028c4cf0d800 Exception <a 'java/lang/ClassNotFoundException'{0x0000000088c5f180}: org/gradle/plugin/use/internal/PluginRequestCollector$PluginDependenciesSpecImplCustomizer> (0x0000000088c5f180) thrown at [./src/hotspot/share/classfile/systemDictionary.cpp, line 231]
Event: 6.217 Thread 0x0000028c4cf0d800 Exception <a 'java/lang/NoSuchMethodError'{0x000000008807ca28}: 'java.lang.Object java.lang.invoke.DirectMethodHandle$Holder.invokeStatic(java.lang.Object, java.lang.Object, java.lang.Object, java.lang.Object, int)'> (0x000000008807ca28) thrown at [./src/hotspot/share/interpreter/linkResolver.cpp, line 773]
Event: 6.217 Thread 0x0000028c4cf0d800 Exception <a 'java/lang/NoSuchMethodError'{0x0000000088081668}: 'java.lang.Object java.lang.invoke.DirectMethodHandle$Holder.invokeSpecial(java.lang.Object, java.lang.Object, java.lang.Object, java.lang.Object, java.lang.Object, int)'> (0x0000000088081668) thrown at [./src/hotspot/share/interpreter/linkResolver.cpp, line 773]
Event: 6.218 Thread 0x0000028c4cf0d800 Exception <a 'java/lang/NoSuchMethodError'{0x0000000088085ca8}: 'java.lang.Object java.lang.invoke.Invokers$Holder.linkToTargetMethod(java.lang.Object, java.lang.Object, java.lang.Object, int, java.lang.Object)'> (0x0000000088085ca8) thrown at [./src/hotspot/share/interpreter/linkResolver.cpp, line 773]
Event: 6.409 Thread 0x0000028c4cf0d800 Exception <a 'java/lang/NoSuchMethodError'{0x0000000087159bb8}: 'java.lang.Object java.lang.invoke.DirectMethodHandle$Holder.invokeSpecial(java.lang.Object, java.lang.Object, int, int, java.lang.Object, java.lang.Object, java.lang.Object)'> (0x0000000087159bb8) thrown at [./src/hotspot/share/interpreter/linkResolver.cpp, line 773]
Event: 6.409 Thread 0x0000028c4cf0d800 Exception <a 'java/lang/NoSuchMethodError'{0x000000008715e138}: 'java.lang.Object java.lang.invoke.DelegatingMethodHandle$Holder.reinvoke_L(java.lang.Object, int, int, java.lang.Object, java.lang.Object, java.lang.Object)'> (0x000000008715e138) thrown at [./src/hotspot/share/interpreter/linkResolver.cpp, line 773]
Event: 6.587 Thread 0x0000028c4cf0d800 Exception <a 'java/lang/NoSuchMethodError'{0x0000000086561a18}: 'int java.lang.invoke.DirectMethodHandle$Holder.invokeInterface(java.lang.Object, java.lang.Object, java.lang.Object, java.lang.Object)'> (0x0000000086561a18) thrown at [./src/hotspot/share/interpreter/linkResolver.cpp, line 773]

Events (20 events):
Event: 6.684 loading class com/google/protobuf/CodedInputStream$UnsafeDirectNioDecoder done
Event: 6.685 loading class com/google/protobuf/IterableByteBufferInputStream
Event: 6.685 loading class com/google/protobuf/IterableByteBufferInputStream done
Event: 6.685 loading class com/google/protobuf/CodedInputStream$StreamDecoder
Event: 6.685 loading class com/google/protobuf/CodedInputStream$StreamDecoder done
Event: 6.686 loading class com/google/protobuf/CodedInputStream$IterableDirectByteBufferDecoder
Event: 6.686 loading class com/google/protobuf/CodedInputStream$IterableDirectByteBufferDecoder done
Event: 6.686 loading class com/google/protobuf/InvalidProtocolBufferException$InvalidWireTypeException
Event: 6.686 loading class com/google/protobuf/InvalidProtocolBufferException$InvalidWireTypeException done
Event: 6.687 loading class com/google/protobuf/PrimitiveNonBoxingCollection
Event: 6.687 loading class com/google/protobuf/PrimitiveNonBoxingCollection done
Event: 6.687 loading class java/lang/management/ThreadMXBean
Event: 6.687 loading class java/lang/management/ThreadMXBean done
Event: 6.687 loading class com/sun/management/internal/HotSpotThreadImpl
Event: 6.687 loading class com/sun/management/ThreadMXBean
Event: 6.687 loading class com/sun/management/ThreadMXBean done
Event: 6.687 loading class sun/management/ThreadImpl
Event: 6.687 loading class sun/management/ThreadImpl done
Event: 6.687 loading class com/sun/management/internal/HotSpotThreadImpl done
Event: 6.688 Executing VM operation: G1CollectForAllocation


Dynamic libraries:
0x00007ff68d740000 - 0x00007ff68d74a000 	C:\android\STUDIO\jre\bin\java.exe
0x00007ffaa1710000 - 0x00007ffaa1905000 	C:\WINDOWS\SYSTEM32\ntdll.dll
0x00007ffaa1420000 - 0x00007ffaa14de000 	C:\WINDOWS\System32\KERNEL32.DLL
0x00007ffa9ee30000 - 0x00007ffa9f0f9000 	C:\WINDOWS\System32\KERNELBASE.dll
0x00007ffa9f250000 - 0x00007ffa9f350000 	C:\WINDOWS\System32\ucrtbase.dll
0x00007ffa95670000 - 0x00007ffa95689000 	C:\android\STUDIO\jre\bin\jli.dll
0x00007ffa95690000 - 0x00007ffa956a7000 	C:\android\STUDIO\jre\bin\VCRUNTIME140.dll
0x00007ffaa1210000 - 0x00007ffaa13b1000 	C:\WINDOWS\System32\USER32.dll
0x00007ffa9f6b0000 - 0x00007ffa9f6d2000 	C:\WINDOWS\System32\win32u.dll
0x00007ffa7e610000 - 0x00007ffa7e8aa000 	C:\WINDOWS\WinSxS\amd64_microsoft.windows.common-controls_6595b64144ccf1df_6.0.19041.1110_none_60b5254171f9507e\COMCTL32.dll
0x00007ffaa0f00000 - 0x00007ffaa0f2b000 	C:\WINDOWS\System32\GDI32.dll
0x00007ffaa04c0000 - 0x00007ffaa055e000 	C:\WINDOWS\System32\msvcrt.dll
0x00007ffa9f440000 - 0x00007ffa9f54b000 	C:\WINDOWS\System32\gdi32full.dll
0x00007ffa9f1b0000 - 0x00007ffa9f24d000 	C:\WINDOWS\System32\msvcp_win.dll
0x00007ffaa0b20000 - 0x00007ffaa0b50000 	C:\WINDOWS\System32\IMM32.DLL
0x00007ffa6e290000 - 0x00007ffa6e32d000 	C:\android\STUDIO\jre\bin\msvcp140.dll
0x00007ffa5bbc0000 - 0x00007ffa5c68f000 	C:\android\STUDIO\jre\bin\server\jvm.dll
0x00007ffaa0f40000 - 0x00007ffaa0fec000 	C:\WINDOWS\System32\ADVAPI32.dll
0x00007ffaa0a80000 - 0x00007ffaa0b1b000 	C:\WINDOWS\System32\sechost.dll
0x00007ffaa0390000 - 0x00007ffaa04ba000 	C:\WINDOWS\System32\RPCRT4.dll
0x00007ffaa0b50000 - 0x00007ffaa0b58000 	C:\WINDOWS\System32\PSAPI.DLL
0x00007ffa8a4b0000 - 0x00007ffa8a4d7000 	C:\WINDOWS\SYSTEM32\WINMM.dll
0x00007ffa847d0000 - 0x00007ffa847d9000 	C:\WINDOWS\SYSTEM32\WSOCK32.dll
0x00007ffa96ec0000 - 0x00007ffa96eca000 	C:\WINDOWS\SYSTEM32\VERSION.dll
0x00007ffaa1120000 - 0x00007ffaa118b000 	C:\WINDOWS\System32\WS2_32.dll
0x00007ffa9d670000 - 0x00007ffa9d682000 	C:\WINDOWS\SYSTEM32\kernel.appcore.dll
0x00007ffa98750000 - 0x00007ffa98761000 	C:\android\STUDIO\jre\bin\verify.dll
0x00007ffa9c630000 - 0x00007ffa9c814000 	C:\WINDOWS\SYSTEM32\DBGHELP.DLL
0x00007ffa84810000 - 0x00007ffa8483c000 	C:\WINDOWS\SYSTEM32\dbgcore.DLL
0x00007ffa9f350000 - 0x00007ffa9f3d3000 	C:\WINDOWS\System32\bcryptPrimitives.dll
0x00007ffa98720000 - 0x00007ffa98749000 	C:\android\STUDIO\jre\bin\java.dll
0x00007ffa98d70000 - 0x00007ffa98d7b000 	C:\android\STUDIO\jre\bin\jimage.dll
0x00007ffa98700000 - 0x00007ffa98718000 	C:\android\STUDIO\jre\bin\zip.dll
0x00007ffa9fc40000 - 0x00007ffaa037f000 	C:\WINDOWS\System32\SHELL32.dll
0x00007ffa9ced0000 - 0x00007ffa9d660000 	C:\WINDOWS\SYSTEM32\windows.storage.dll
0x00007ffaa05f0000 - 0x00007ffaa0945000 	C:\WINDOWS\System32\combase.dll
0x00007ffa9e860000 - 0x00007ffa9e88c000 	C:\WINDOWS\SYSTEM32\Wldp.dll
0x00007ffaa0d70000 - 0x00007ffaa0e1e000 	C:\WINDOWS\System32\SHCORE.dll
0x00007ffaa1190000 - 0x00007ffaa11e5000 	C:\WINDOWS\System32\shlwapi.dll
0x00007ffa9ed70000 - 0x00007ffa9ed8f000 	C:\WINDOWS\SYSTEM32\profapi.dll
0x00007ffa981c0000 - 0x00007ffa981da000 	C:\android\STUDIO\jre\bin\net.dll
0x00007ffa8e470000 - 0x00007ffa8e578000 	C:\WINDOWS\SYSTEM32\WINHTTP.dll
0x00007ffa761b0000 - 0x00007ffa761d0000 	C:\WINDOWS\system32\PrxerDrv.dll
0x00007ffa9e590000 - 0x00007ffa9e5fa000 	C:\WINDOWS\system32\mswsock.dll
0x00007ffa96c60000 - 0x00007ffa96c74000 	C:\android\STUDIO\jre\bin\nio.dll
0x00007ffa77400000 - 0x00007ffa77427000 	C:\Users\99670\.gradle\native\8bec1ad78214c89d9ad589b4d07fe93259594b29d510b10fafb7a158f7737e5d\windows-amd64\native-platform.dll
0x00007ffa66980000 - 0x00007ffa66abd000 	C:\Users\99670\.gradle\native\53dbd7edfb1c66fb8903c78663c9afc45aea4f116125fa6feffd364cf09443e8\windows-amd64\native-platform-file-events.dll
0x00007ffa98a90000 - 0x00007ffa98a9a000 	C:\android\STUDIO\jre\bin\management.dll
0x00007ffa989b0000 - 0x00007ffa989bc000 	C:\android\STUDIO\jre\bin\management_ext.dll
0x00007ffa9e750000 - 0x00007ffa9e768000 	C:\WINDOWS\SYSTEM32\CRYPTSP.dll
0x00007ffa9deb0000 - 0x00007ffa9dee4000 	C:\WINDOWS\system32\rsaenh.dll
0x00007ffa9f730000 - 0x00007ffa9f757000 	C:\WINDOWS\System32\bcrypt.dll
0x00007ffa9ed30000 - 0x00007ffa9ed5e000 	C:\WINDOWS\SYSTEM32\USERENV.dll
0x00007ffa9e740000 - 0x00007ffa9e74c000 	C:\WINDOWS\SYSTEM32\CRYPTBASE.dll
0x00007ffa9e240000 - 0x00007ffa9e27b000 	C:\WINDOWS\SYSTEM32\IPHLPAPI.DLL
0x00007ffaa0f30000 - 0x00007ffaa0f38000 	C:\WINDOWS\System32\NSI.dll
0x00007ffa95160000 - 0x00007ffa95177000 	C:\WINDOWS\SYSTEM32\dhcpcsvc6.DLL
0x00007ffa96d50000 - 0x00007ffa96d6d000 	C:\WINDOWS\SYSTEM32\dhcpcsvc.DLL
0x00007ffa9e290000 - 0x00007ffa9e35c000 	C:\WINDOWS\SYSTEM32\DNSAPI.dll

dbghelp: loaded successfully - version: 4.0.5 - missing functions: none
symbol engine: initialized successfully - sym options: 0x614 - pdb path: .;C:\android\STUDIO\jre\bin;C:\WINDOWS\SYSTEM32;C:\WINDOWS\WinSxS\amd64_microsoft.windows.common-controls_6595b64144ccf1df_6.0.19041.1110_none_60b5254171f9507e;C:\android\STUDIO\jre\bin\server;C:\Users\99670\.gradle\native\8bec1ad78214c89d9ad589b4d07fe93259594b29d510b10fafb7a158f7737e5d\windows-amd64;C:\Users\99670\.gradle\native\53dbd7edfb1c66fb8903c78663c9afc45aea4f116125fa6feffd364cf09443e8\windows-amd64

VM Arguments:
jvm_args: --add-opens=java.base/java.util=ALL-UNNAMED --add-opens=java.base/java.lang=ALL-UNNAMED --add-opens=java.base/java.lang.invoke=ALL-UNNAMED --add-opens=java.base/java.util=ALL-UNNAMED --add-opens=java.prefs/java.util.prefs=ALL-UNNAMED --add-opens=java.prefs/java.util.prefs=ALL-UNNAMED --add-opens=java.base/java.nio.charset=ALL-UNNAMED --add-opens=java.base/java.net=ALL-UNNAMED --add-opens=java.base/java.util.concurrent.atomic=ALL-UNNAMED -Xmx2048m -Dfile.encoding=UTF-8 -Duser.country=RU -Duser.language=ru -Duser.variant 
java_command: org.gradle.launcher.daemon.bootstrap.GradleDaemon 7.0.2
java_class_path (initial): C:\Users\99670\.gradle\wrapper\dists\gradle-7.0.2-bin\857tjihv64xamwrf0h14cai3r\gradle-7.0.2\lib\gradle-launcher-7.0.2.jar
Launcher Type: SUN_STANDARD

[Global flags]
     intx CICompilerCount                          = 4                                         {product} {ergonomic}
     uint ConcGCThreads                            = 2                                         {product} {ergonomic}
     uint G1ConcRefinementThreads                  = 8                                         {product} {ergonomic}
   size_t G1HeapRegionSize                         = 1048576                                   {product} {ergonomic}
    uintx GCDrainStackTargetSize                   = 64                                        {product} {ergonomic}
   size_t InitialHeapSize                          = 134217728                                 {product} {ergonomic}
   size_t MarkStackSize                            = 4194304                                   {product} {ergonomic}
   size_t MaxHeapSize                              = 2147483648                                {product} {command line}
   size_t MaxNewSize                               = 1287651328                                {product} {ergonomic}
   size_t MinHeapDeltaBytes                        = 1048576                                   {product} {ergonomic}
    uintx NonNMethodCodeHeapSize                   = 5836300                                {pd product} {ergonomic}
    uintx NonProfiledCodeHeapSize                  = 122910970                              {pd product} {ergonomic}
    uintx ProfiledCodeHeapSize                     = 122910970                              {pd product} {ergonomic}
    uintx ReservedCodeCacheSize                    = 251658240                              {pd product} {ergonomic}
     bool SegmentedCodeCache                       = true                                      {product} {ergonomic}
     bool UseCompressedClassPointers               = true                                 {lp64_product} {ergonomic}
     bool UseCompressedOops                        = true                                 {lp64_product} {ergonomic}
     bool UseG1GC                                  = true                                      {product} {ergonomic}
     bool UseLargePagesIndividualAllocation        = false                                  {pd product} {ergonomic}

Logging:
Log output configuration:
 #0: stdout all=warning uptime,level,tags
 #1: stderr all=off uptime,level,tags

Environment Variables:
PATH=C:\Users\99670\Downloads\WINDOWS.X64_193000_db_home\bin;C:\Program Files\Common Files\Oracle\Java\javapath;C:\Program Files (x86)\Razer Chroma SDK\bin;C:\Program Files\Razer Chroma SDK\bin;C:\Program Files (x86)\Razer\ChromaBroadcast\bin;C:\Program Files\Razer\ChromaBroadcast\bin;C:\Windows\system32;C:\Windows;C:\Windows\System32\Wbem;C:\Windows\System32\WindowsPowerShell\v1.0\;C:\Windows\System32\OpenSSH\;C:\Program Files (x86)\Intel\Intel(R) Management Engine Components\DAL;C:\Program Files\Intel\Intel(R) Management Engine Components\DAL;C:\WINDOWS\system32;C:\WINDOWS;C:\WINDOWS\System32\Wbem;C:\WINDOWS\System32\WindowsPowerShell\v1.0\;C:\WINDOWS\System32\OpenSSH\;C:\Program Files\Git\cmd;C:\Users\99670\AppData\Local\Microsoft\WindowsApps;C:\Program Files\JetBrains\IntelliJ IDEA 2020.3.3\bin
USERNAME=99670
OS=Windows_NT
PROCESSOR_IDENTIFIER=Intel64 Family 6 Model 142 Stepping 11, GenuineIntel



---------------  S Y S T E M  ---------------

OS: Windows 10 , 64 bit Build 19041 (10.0.19041.1202)
OS uptime: 12 days 19:59 hours
Hyper-V role detected

CPU:total 8 (initial active 8) (4 cores per cpu, 2 threads per core) family 6 model 142 stepping 11 microcode 0xb8, cmov, cx8, fxsr, mmx, sse, sse2, sse3, ssse3, sse4.1, sse4.2, popcnt, avx, avx2, aes, clmul, erms, 3dnowpref, lzcnt, ht, tsc, tscinvbit, bmi1, bmi2, adx, fma

Memory: 4k page, system-wide physical 8092M (615M free)
TotalPageFile size 10140M (AvailPageFile size 29M)
current process WorkingSet (physical memory assigned to process): 356M, peak: 360M
current process commit charge ("private bytes"): 401M, peak: 432M

vm_info: OpenJDK 64-Bit Server VM (11.0.10+0-b96-7249189) for windows-amd64 JRE (11.0.10+0-b96-7249189), built on Mar 31 2021 21:44:00 by "builder" with MS VC++ 14.0 (VS2015)

END.
