#
# There is insufficient memory for the Java Runtime Environment to continue.
# Native memory allocation (malloc) failed to allocate 1902096 bytes for Chunk::new
# Possible reasons:
#   The system is out of physical RAM or swap space
#   The process is running with CompressedOops enabled, and the Java Heap may be blocking the growth of the native heap
# Possible solutions:
#   Reduce memory load on the system
#   Increase physical memory or swap space
#   Check if swap backing store is full
#   Decrease Java heap size (-Xmx/-Xms)
#   Decrease number of Java threads
#   Decrease Java thread stack sizes (-Xss)
#   Set larger code cache with -XX:ReservedCodeCacheSize=
#   JVM is running with Unscaled Compressed Oops mode in which the Java heap is
#     placed in the first 4GB address space. The Java Heap base address is the
#     maximum limit for the native heap growth. Please use -XX:HeapBaseMinAddress
#     to set the Java Heap base and to place the Java Heap above 4GB virtual address.
# This output file may be truncated or incomplete.
#
#  Out of Memory Error (./src/hotspot/share/memory/arena.cpp:197), pid=14920, tid=4120
#
# JRE version: OpenJDK Runtime Environment (11.0.10) (build 11.0.10+0-b96-7249189)
# Java VM: OpenJDK 64-Bit Server VM (11.0.10+0-b96-7249189, mixed mode, tiered, compressed oops, g1 gc, windows-amd64)
# No core dump will be written. Minidumps are not enabled by default on client versions of Windows
#

---------------  S U M M A R Y ------------

Command Line: --add-opens=java.base/java.util=ALL-UNNAMED --add-opens=java.base/java.lang=ALL-UNNAMED --add-opens=java.base/java.lang.invoke=ALL-UNNAMED --add-opens=java.base/java.util=ALL-UNNAMED --add-opens=java.prefs/java.util.prefs=ALL-UNNAMED --add-opens=java.prefs/java.util.prefs=ALL-UNNAMED --add-opens=java.base/java.nio.charset=ALL-UNNAMED --add-opens=java.base/java.net=ALL-UNNAMED --add-opens=java.base/java.util.concurrent.atomic=ALL-UNNAMED -Xmx2048m -Dfile.encoding=UTF-8 -Duser.country=RU -Duser.language=ru -Duser.variant org.gradle.launcher.daemon.bootstrap.GradleDaemon 7.0.2

Host: Intel(R) Core(TM) i7-8565U CPU @ 1.80GHz, 8 cores, 7G,  Windows 10 , 64 bit Build 19041 (10.0.19041.1202)
Time: Sat Oct 16 20:00:52 2021 Центральная Азия (зима) elapsed time: 17.635372 seconds (0d 0h 0m 17s)

---------------  T H R E A D  ---------------

Current thread (0x000001fef0028000):  JavaThread "C2 CompilerThread0" daemon [_thread_in_native, id=4120, stack(0x000000805d200000,0x000000805d300000)]


Current CompileTask:
C2:  17635 12154   !   4       org.gradle.internal.instantiation.generator.DependencyInjectingInstantiator::doCreate (64 bytes)

Stack: [0x000000805d200000,0x000000805d300000]
Native frames: (J=compiled Java code, j=interpreted, Vv=VM code, C=native code)
V  [jvm.dll+0x5ecfaa]
V  [jvm.dll+0x722bd5]
V  [jvm.dll+0x72412d]
V  [jvm.dll+0x7247e3]
V  [jvm.dll+0x242928]
V  [jvm.dll+0xbc4fc]
V  [jvm.dll+0xbca0c]
V  [jvm.dll+0x352d7d]
V  [jvm.dll+0x19800c]
V  [jvm.dll+0x1fb70e]
V  [jvm.dll+0x1fa7f4]
V  [jvm.dll+0x18354c]
V  [jvm.dll+0x208ee7]
V  [jvm.dll+0x207731]
V  [jvm.dll+0x6eb1cf]
V  [jvm.dll+0x6e3d45]
V  [jvm.dll+0x5ebe96]
C  [ucrtbase.dll+0x21bb2]
C  [KERNEL32.DLL+0x17034]
C  [ntdll.dll+0x52651]


---------------  P R O C E S S  ---------------

Threads class SMR info:
_java_thread_list=0x000001fef97f2260, length=52, elements={
0x000001fed53d1800, 0x000001fef0006800, 0x000001fef0014000, 0x000001fef0021800,
0x000001fef0023800, 0x000001fef0024800, 0x000001fef0028000, 0x000001fef0029000,
0x000001fef003b000, 0x000001fef0aef800, 0x000001fef315f000, 0x000001fef3b0a000,
0x000001fef2cfa800, 0x000001fef2a8a000, 0x000001fef382c800, 0x000001fef2129000,
0x000001fef2113800, 0x000001fef2f6f000, 0x000001fef3cf2000, 0x000001fef2e2d000,
0x000001fef2e2f800, 0x000001fef2e2e800, 0x000001fef2e2d800, 0x000001fef4602000,
0x000001fef4602800, 0x000001fef4604800, 0x000001fef45ff800, 0x000001fef4603800,
0x000001fef4600000, 0x000001fef4605000, 0x000001fef4606000, 0x000001fef4601000,
0x000001fef5b62000, 0x000001fef5b63800, 0x000001fef5b60800, 0x000001fef5b66000,
0x000001fef5b62800, 0x000001fef5b67000, 0x000001fef5b65000, 0x000001fef5b6a000,
0x000001fef5b68800, 0x000001fef5b6b000, 0x000001fef5b6c800, 0x000001fef5b6f000,
0x000001fef5b6b800, 0x000001fef5b6e000, 0x000001fef5b6d800, 0x000001fef5b69800,
0x000001fef3f15000, 0x000001fef3f14000, 0x000001fef3f1a000, 0x000001fef3f18000
}

Java Threads: ( => current thread )
  0x000001fed53d1800 JavaThread "main" [_thread_blocked, id=13196, stack(0x000000805c600000,0x000000805c700000)]
  0x000001fef0006800 JavaThread "Reference Handler" daemon [_thread_blocked, id=13984, stack(0x000000805cd00000,0x000000805ce00000)]
  0x000001fef0014000 JavaThread "Finalizer" daemon [_thread_blocked, id=6752, stack(0x000000805ce00000,0x000000805cf00000)]
  0x000001fef0021800 JavaThread "Signal Dispatcher" daemon [_thread_blocked, id=15704, stack(0x000000805cf00000,0x000000805d000000)]
  0x000001fef0023800 JavaThread "Attach Listener" daemon [_thread_blocked, id=5388, stack(0x000000805d000000,0x000000805d100000)]
  0x000001fef0024800 JavaThread "Service Thread" daemon [_thread_blocked, id=9908, stack(0x000000805d100000,0x000000805d200000)]
=>0x000001fef0028000 JavaThread "C2 CompilerThread0" daemon [_thread_in_native, id=4120, stack(0x000000805d200000,0x000000805d300000)]
  0x000001fef0029000 JavaThread "C1 CompilerThread0" daemon [_thread_blocked, id=19496, stack(0x000000805d300000,0x000000805d400000)]
  0x000001fef003b000 JavaThread "Sweeper thread" daemon [_thread_blocked, id=17628, stack(0x000000805d400000,0x000000805d500000)]
  0x000001fef0aef800 JavaThread "Common-Cleaner" daemon [_thread_blocked, id=12732, stack(0x000000805d500000,0x000000805d600000)]
  0x000001fef315f000 JavaThread "Daemon health stats" [_thread_blocked, id=18012, stack(0x000000805db00000,0x000000805dc00000)]
  0x000001fef3b0a000 JavaThread "Incoming local TCP Connector on port 61286" [_thread_in_native, id=3420, stack(0x000000805d700000,0x000000805d800000)]
  0x000001fef2cfa800 JavaThread "Daemon periodic checks" [_thread_blocked, id=7624, stack(0x000000805d800000,0x000000805d900000)]
  0x000001fef2a8a000 JavaThread "Daemon" [_thread_blocked, id=5308, stack(0x000000805dc00000,0x000000805dd00000)]
  0x000001fef382c800 JavaThread "Handler for socket connection from /127.0.0.1:61286 to /127.0.0.1:61287" [_thread_in_native, id=4904, stack(0x000000805dd00000,0x000000805de00000)]
  0x000001fef2129000 JavaThread "Cancel handler" [_thread_blocked, id=13280, stack(0x000000805de00000,0x000000805df00000)]
  0x000001fef2113800 JavaThread "Daemon worker" [_thread_in_vm, id=16808, stack(0x000000805df00000,0x000000805e000000)]
  0x000001fef2f6f000 JavaThread "Asynchronous log dispatcher for DefaultDaemonConnection: socket connection from /127.0.0.1:61286 to /127.0.0.1:61287" [_thread_blocked, id=15836, stack(0x000000805e000000,0x000000805e100000)]
  0x000001fef3cf2000 JavaThread "Stdin handler" [_thread_blocked, id=20408, stack(0x000000805e100000,0x000000805e200000)]
  0x000001fef2e2d000 JavaThread "Daemon client event forwarder" [_thread_blocked, id=11040, stack(0x000000805e200000,0x000000805e300000)]
  0x000001fef2e2f800 JavaThread "Cache worker for file hash cache (C:\Users\99670\.gradle\caches\7.0.2\fileHashes)" [_thread_blocked, id=14072, stack(0x000000805e800000,0x000000805e900000)]
  0x000001fef2e2e800 JavaThread "File lock request listener" [_thread_in_native, id=18532, stack(0x000000805e900000,0x000000805ea00000)]
  0x000001fef2e2d800 JavaThread "Cache worker for journal cache (C:\Users\99670\.gradle\caches\journal-1)" [_thread_blocked, id=17716, stack(0x000000805eb00000,0x000000805ec00000)]
  0x000001fef4602000 JavaThread "Cache worker for file hash cache (C:\Users\99670\Weather\.gradle\7.0.2\fileHashes)" [_thread_blocked, id=11092, stack(0x000000805ed00000,0x000000805ee00000)]
  0x000001fef4602800 JavaThread "File watcher server" daemon [_thread_in_native, id=5236, stack(0x000000805ee00000,0x000000805ef00000)]
  0x000001fef4604800 JavaThread "File watcher consumer" daemon [_thread_blocked, id=12568, stack(0x000000805ef00000,0x000000805f000000)]
  0x000001fef45ff800 JavaThread "jar transforms" [_thread_blocked, id=96, stack(0x000000805f000000,0x000000805f100000)]
  0x000001fef4603800 JavaThread "jar transforms Thread 2" [_thread_blocked, id=13688, stack(0x000000805f100000,0x000000805f200000)]
  0x000001fef4600000 JavaThread "jar transforms Thread 3" [_thread_blocked, id=9320, stack(0x000000805f200000,0x000000805f300000)]
  0x000001fef4605000 JavaThread "jar transforms Thread 4" [_thread_blocked, id=16884, stack(0x000000805f300000,0x000000805f400000)]
  0x000001fef4606000 JavaThread "jar transforms Thread 5" [_thread_blocked, id=13792, stack(0x000000805f400000,0x000000805f500000)]
  0x000001fef4601000 JavaThread "jar transforms Thread 6" [_thread_blocked, id=3516, stack(0x000000805f500000,0x000000805f600000)]
  0x000001fef5b62000 JavaThread "jar transforms Thread 7" [_thread_blocked, id=12636, stack(0x000000805f700000,0x000000805f800000)]
  0x000001fef5b63800 JavaThread "jar transforms Thread 8" [_thread_blocked, id=15532, stack(0x000000805f800000,0x000000805f900000)]
  0x000001fef5b60800 JavaThread "Cache worker for checksums cache (C:\Users\99670\Weather\.gradle\checksums)" [_thread_blocked, id=13956, stack(0x000000805f900000,0x000000805fa00000)]
  0x000001fef5b66000 JavaThread "Cache worker for cache directory md-supplier (C:\Users\99670\.gradle\caches\7.0.2\md-supplier)" [_thread_blocked, id=3732, stack(0x000000805fa00000,0x000000805fb00000)]
  0x000001fef5b62800 JavaThread "Cache worker for cache directory md-rule (C:\Users\99670\.gradle\caches\7.0.2\md-rule)" [_thread_blocked, id=18308, stack(0x000000805fb00000,0x000000805fc00000)]
  0x000001fef5b67000 JavaThread "Cache worker for execution history cache (C:\Users\99670\.gradle\caches\7.0.2\executionHistory)" [_thread_blocked, id=15540, stack(0x000000805fc00000,0x000000805fd00000)]
  0x000001fef5b65000 JavaThread "Cache worker for file content cache (C:\Users\99670\.gradle\caches\7.0.2\fileContent)" [_thread_blocked, id=3148, stack(0x000000805fd00000,0x000000805fe00000)]
  0x000001fef5b6a000 JavaThread "Cache worker for dependencies-accessors (C:\Users\99670\Weather\.gradle\7.0.2\dependencies-accessors)" [_thread_blocked, id=13096, stack(0x000000805fe00000,0x000000805ff00000)]
  0x000001fef5b68800 JavaThread "Cache worker for Build Output Cleanup Cache (C:\Users\99670\Weather\.gradle\buildOutputCleanup)" [_thread_blocked, id=17964, stack(0x000000805ff00000,0x0000008060000000)]
  0x000001fef5b6b000 JavaThread "Build operations" [_thread_blocked, id=11728, stack(0x0000008060000000,0x0000008060100000)]
  0x000001fef5b6c800 JavaThread "Build operations Thread 2" [_thread_blocked, id=15884, stack(0x0000008060100000,0x0000008060200000)]
  0x000001fef5b6f000 JavaThread "Build operations Thread 3" [_thread_blocked, id=7232, stack(0x0000008060200000,0x0000008060300000)]
  0x000001fef5b6b800 JavaThread "Build operations Thread 4" [_thread_blocked, id=11684, stack(0x0000008060300000,0x0000008060400000)]
  0x000001fef5b6e000 JavaThread "Build operations Thread 5" [_thread_blocked, id=9436, stack(0x0000008060400000,0x0000008060500000)]
  0x000001fef5b6d800 JavaThread "Build operations Thread 6" [_thread_blocked, id=3724, stack(0x0000008060500000,0x0000008060600000)]
  0x000001fef5b69800 JavaThread "Build operations Thread 7" [_thread_blocked, id=1904, stack(0x0000008060600000,0x0000008060700000)]
  0x000001fef3f15000 JavaThread "Build operations Thread 8" [_thread_blocked, id=8636, stack(0x0000008060700000,0x0000008060800000)]
  0x000001fef3f14000 JavaThread "Memory manager" [_thread_blocked, id=19556, stack(0x0000008060800000,0x0000008060900000)]
  0x000001fef3f1a000 JavaThread "C2 CompilerThread1" daemon [_thread_in_native, id=3572, stack(0x000000805ec00000,0x000000805ed00000)]
  0x000001fef3f18000 JavaThread "C2 CompilerThread2" daemon [_thread_in_native, id=3388, stack(0x000000805f600000,0x000000805f700000)]

Other Threads:
  0x000001fef0005000 VMThread "VM Thread" [stack: 0x000000805cc00000,0x000000805cd00000] [id=5468]
  0x000001fef0b26800 WatcherThread [stack: 0x000000805d600000,0x000000805d700000] [id=8812]
  0x000001fed53e9800 GCTaskThread "GC Thread#0" [stack: 0x000000805c700000,0x000000805c800000] [id=18340]
  0x000001fef1113800 GCTaskThread "GC Thread#1" [stack: 0x000000805d900000,0x000000805da00000] [id=2416]
  0x000001fef144b000 GCTaskThread "GC Thread#2" [stack: 0x000000805da00000,0x000000805db00000] [id=5596]
  0x000001fef2ed7000 GCTaskThread "GC Thread#3" [stack: 0x000000805e300000,0x000000805e400000] [id=19984]
  0x000001fef30bb800 GCTaskThread "GC Thread#4" [stack: 0x000000805e400000,0x000000805e500000] [id=18320]
  0x000001fef30bc000 GCTaskThread "GC Thread#5" [stack: 0x000000805e500000,0x000000805e600000] [id=1496]
  0x000001fef266d800 GCTaskThread "GC Thread#6" [stack: 0x000000805e600000,0x000000805e700000] [id=6672]
  0x000001fef266e800 GCTaskThread "GC Thread#7" [stack: 0x000000805e700000,0x000000805e800000] [id=14800]
  0x000001fed541f000 ConcurrentGCThread "G1 Main Marker" [stack: 0x000000805c800000,0x000000805c900000] [id=2128]
  0x000001fed5421000 ConcurrentGCThread "G1 Conc#0" [stack: 0x000000805c900000,0x000000805ca00000] [id=11500]
  0x000001fef2af4800 ConcurrentGCThread "G1 Conc#1" [stack: 0x000000805ea00000,0x000000805eb00000] [id=5272]
  0x000001feefe52800 ConcurrentGCThread "G1 Refine#0" [stack: 0x000000805ca00000,0x000000805cb00000] [id=2400]
  0x000001feefe53000 ConcurrentGCThread "G1 Young RemSet Sampling" [stack: 0x000000805cb00000,0x000000805cc00000] [id=11924]

Threads with active compile tasks:
C2 CompilerThread0  17657 12154   !   4       org.gradle.internal.instantiation.generator.DependencyInjectingInstantiator::doCreate (64 bytes)
C2 CompilerThread1  17657 11295 %     4       org.objectweb.asm.ClassReader::readCode @ 2015 (5089 bytes)
C2 CompilerThread2  17657 12153   !   4       org.gradle.internal.instantiation.generator.AsmBackedClassGenerator$InvokeConstructorStrategy::newInstance (66 bytes)

VM state:not at safepoint (normal execution)

VM Mutex/Monitor currently owned by a thread: None

Heap address: 0x0000000080000000, size: 2048 MB, Compressed Oops mode: 32-bit
Narrow klass base: 0x0000000000000000, Narrow klass shift: 3
Compressed class space size: 1073741824 Address: 0x0000000100000000

Heap:
 garbage-first heap   total 227328K, used 174092K [0x0000000080000000, 0x0000000100000000)
  region size 1024K, 68 young (69632K), 4 survivors (4096K)
 Metaspace       used 109919K, capacity 112793K, committed 113024K, reserved 1146880K
  class space    used 14167K, capacity 15209K, committed 15232K, reserved 1048576K
Heap Regions: E=young(eden), S=young(survivor), O=old, HS=humongous(starts), HC=humongous(continues), CS=collection set, F=free, A=archive, TAMS=top-at-mark-start (previous, next)
|   0|0x0000000080000000, 0x0000000080100000, 0x0000000080100000|100%| O|  |TAMS 0x0000000080100000, 0x0000000080000000| Untracked 
|   1|0x0000000080100000, 0x0000000080200000, 0x0000000080200000|100%| O|  |TAMS 0x0000000080200000, 0x0000000080100000| Untracked 
|   2|0x0000000080200000, 0x0000000080300000, 0x0000000080300000|100%| O|  |TAMS 0x0000000080300000, 0x0000000080200000| Untracked 
|   3|0x0000000080300000, 0x0000000080400000, 0x0000000080400000|100%|HS|  |TAMS 0x0000000080400000, 0x0000000080300000| Complete 
|   4|0x0000000080400000, 0x0000000080500000, 0x0000000080500000|100%|HC|  |TAMS 0x0000000080500000, 0x0000000080400000| Complete 
|   5|0x0000000080500000, 0x0000000080600000, 0x0000000080600000|100%|HC|  |TAMS 0x0000000080600000, 0x0000000080500000| Complete 
|   6|0x0000000080600000, 0x0000000080700000, 0x0000000080700000|100%| O|  |TAMS 0x0000000080700000, 0x0000000080600000| Untracked 
|   7|0x0000000080700000, 0x0000000080800000, 0x0000000080800000|100%| O|  |TAMS 0x0000000080800000, 0x0000000080700000| Untracked 
|   8|0x0000000080800000, 0x0000000080900000, 0x0000000080900000|100%| O|  |TAMS 0x0000000080900000, 0x0000000080800000| Untracked 
|   9|0x0000000080900000, 0x0000000080a00000, 0x0000000080a00000|100%| O|  |TAMS 0x0000000080a00000, 0x0000000080900000| Untracked 
|  10|0x0000000080a00000, 0x0000000080b00000, 0x0000000080b00000|100%| O|  |TAMS 0x0000000080b00000, 0x0000000080a00000| Untracked 
|  11|0x0000000080b00000, 0x0000000080c00000, 0x0000000080c00000|100%| O|  |TAMS 0x0000000080c00000, 0x0000000080b00000| Untracked 
|  12|0x0000000080c00000, 0x0000000080d00000, 0x0000000080d00000|100%| O|  |TAMS 0x0000000080d00000, 0x0000000080c00000| Untracked 
|  13|0x0000000080d00000, 0x0000000080e00000, 0x0000000080e00000|100%| O|  |TAMS 0x0000000080e00000, 0x0000000080d00000| Untracked 
|  14|0x0000000080e00000, 0x0000000080f00000, 0x0000000080f00000|100%| O|  |TAMS 0x0000000080f00000, 0x0000000080e00000| Untracked 
|  15|0x0000000080f00000, 0x0000000081000000, 0x0000000081000000|100%| O|  |TAMS 0x0000000081000000, 0x0000000080f00000| Untracked 
|  16|0x0000000081000000, 0x0000000081100000, 0x0000000081100000|100%| O|  |TAMS 0x0000000081100000, 0x0000000081000000| Untracked 
|  17|0x0000000081100000, 0x0000000081200000, 0x0000000081200000|100%|HS|  |TAMS 0x0000000081200000, 0x0000000081100000| Complete 
|  18|0x0000000081200000, 0x0000000081300000, 0x0000000081300000|100%|HC|  |TAMS 0x0000000081300000, 0x0000000081200000| Complete 
|  19|0x0000000081300000, 0x0000000081400000, 0x0000000081400000|100%|HS|  |TAMS 0x0000000081400000, 0x0000000081300000| Complete 
|  20|0x0000000081400000, 0x0000000081500000, 0x0000000081500000|100%|HC|  |TAMS 0x0000000081500000, 0x0000000081400000| Complete 
|  21|0x0000000081500000, 0x0000000081600000, 0x0000000081600000|100%|HC|  |TAMS 0x0000000081600000, 0x0000000081500000| Complete 
|  22|0x0000000081600000, 0x0000000081700000, 0x0000000081700000|100%|HS|  |TAMS 0x0000000081700000, 0x0000000081600000| Complete 
|  23|0x0000000081700000, 0x0000000081800000, 0x0000000081800000|100%|HC|  |TAMS 0x0000000081800000, 0x0000000081700000| Complete 
|  24|0x0000000081800000, 0x0000000081900000, 0x0000000081900000|100%|HC|  |TAMS 0x0000000081900000, 0x0000000081800000| Complete 
|  25|0x0000000081900000, 0x0000000081a00000, 0x0000000081a00000|100%|HC|  |TAMS 0x0000000081a00000, 0x0000000081900000| Complete 
|  26|0x0000000081a00000, 0x0000000081b00000, 0x0000000081b00000|100%|HC|  |TAMS 0x0000000081b00000, 0x0000000081a00000| Complete 
|  27|0x0000000081b00000, 0x0000000081c00000, 0x0000000081c00000|100%| O|  |TAMS 0x0000000081c00000, 0x0000000081b00000| Untracked 
|  28|0x0000000081c00000, 0x0000000081d00000, 0x0000000081d00000|100%| O|  |TAMS 0x0000000081d00000, 0x0000000081c00000| Untracked 
|  29|0x0000000081d00000, 0x0000000081e00000, 0x0000000081e00000|100%| O|  |TAMS 0x0000000081e00000, 0x0000000081d00000| Untracked 
|  30|0x0000000081e00000, 0x0000000081f00000, 0x0000000081f00000|100%|HS|  |TAMS 0x0000000081f00000, 0x0000000081e00000| Complete 
|  31|0x0000000081f00000, 0x0000000082000000, 0x0000000082000000|100%|HC|  |TAMS 0x0000000082000000, 0x0000000081f00000| Complete 
|  32|0x0000000082000000, 0x0000000082100000, 0x0000000082100000|100%|HC|  |TAMS 0x0000000082100000, 0x0000000082000000| Complete 
|  33|0x0000000082100000, 0x0000000082200000, 0x0000000082200000|100%| O|  |TAMS 0x0000000082200000, 0x0000000082100000| Untracked 
|  34|0x0000000082200000, 0x0000000082300000, 0x0000000082300000|100%| O|  |TAMS 0x0000000082300000, 0x0000000082200000| Untracked 
|  35|0x0000000082300000, 0x0000000082400000, 0x0000000082400000|100%| O|  |TAMS 0x0000000082400000, 0x0000000082300000| Untracked 
|  36|0x0000000082400000, 0x0000000082500000, 0x0000000082500000|100%| O|  |TAMS 0x0000000082500000, 0x0000000082400000| Untracked 
|  37|0x0000000082500000, 0x0000000082600000, 0x0000000082600000|100%|HS|  |TAMS 0x0000000082600000, 0x0000000082500000| Complete 
|  38|0x0000000082600000, 0x0000000082700000, 0x0000000082700000|100%|HC|  |TAMS 0x0000000082700000, 0x0000000082600000| Complete 
|  39|0x0000000082700000, 0x0000000082800000, 0x0000000082800000|100%|HC|  |TAMS 0x0000000082800000, 0x0000000082700000| Complete 
|  40|0x0000000082800000, 0x0000000082900000, 0x0000000082900000|100%|HC|  |TAMS 0x0000000082900000, 0x0000000082800000| Complete 
|  41|0x0000000082900000, 0x0000000082a00000, 0x0000000082a00000|100%|HC|  |TAMS 0x0000000082a00000, 0x0000000082900000| Complete 
|  42|0x0000000082a00000, 0x0000000082b00000, 0x0000000082b00000|100%| O|  |TAMS 0x0000000082b00000, 0x0000000082a00000| Untracked 
|  43|0x0000000082b00000, 0x0000000082c00000, 0x0000000082c00000|100%| O|  |TAMS 0x0000000082c00000, 0x0000000082b00000| Untracked 
|  44|0x0000000082c00000, 0x0000000082d00000, 0x0000000082d00000|100%| O|  |TAMS 0x0000000082d00000, 0x0000000082c00000| Untracked 
|  45|0x0000000082d00000, 0x0000000082e00000, 0x0000000082e00000|100%| O|  |TAMS 0x0000000082e00000, 0x0000000082d00000| Untracked 
|  46|0x0000000082e00000, 0x0000000082f00000, 0x0000000082f00000|100%| O|  |TAMS 0x0000000082f00000, 0x0000000082e00000| Untracked 
|  47|0x0000000082f00000, 0x0000000083000000, 0x0000000083000000|100%| O|  |TAMS 0x0000000083000000, 0x0000000082f00000| Untracked 
|  48|0x0000000083000000, 0x0000000083100000, 0x0000000083100000|100%| O|  |TAMS 0x0000000083100000, 0x0000000083000000| Untracked 
|  49|0x0000000083100000, 0x0000000083200000, 0x0000000083200000|100%| O|  |TAMS 0x0000000083200000, 0x0000000083100000| Untracked 
|  50|0x0000000083200000, 0x0000000083300000, 0x0000000083300000|100%| O|  |TAMS 0x0000000083300000, 0x0000000083200000| Untracked 
|  51|0x0000000083300000, 0x0000000083400000, 0x0000000083400000|100%| O|  |TAMS 0x0000000083400000, 0x0000000083300000| Untracked 
|  52|0x0000000083400000, 0x0000000083500000, 0x0000000083500000|100%| O|  |TAMS 0x0000000083500000, 0x0000000083400000| Untracked 
|  53|0x0000000083500000, 0x0000000083600000, 0x0000000083600000|100%|HS|  |TAMS 0x0000000083600000, 0x0000000083500000| Complete 
|  54|0x0000000083600000, 0x0000000083700000, 0x0000000083700000|100%|HS|  |TAMS 0x0000000083700000, 0x0000000083600000| Complete 
|  55|0x0000000083700000, 0x0000000083800000, 0x0000000083800000|100%|HS|  |TAMS 0x0000000083800000, 0x0000000083700000| Complete 
|  56|0x0000000083800000, 0x0000000083900000, 0x0000000083900000|100%|HS|  |TAMS 0x0000000083900000, 0x0000000083800000| Complete 
|  57|0x0000000083900000, 0x0000000083a00000, 0x0000000083a00000|100%|HC|  |TAMS 0x0000000083a00000, 0x0000000083900000| Complete 
|  58|0x0000000083a00000, 0x0000000083b00000, 0x0000000083b00000|100%|HC|  |TAMS 0x0000000083b00000, 0x0000000083a00000| Complete 
|  59|0x0000000083b00000, 0x0000000083c00000, 0x0000000083c00000|100%|HS|  |TAMS 0x0000000083c00000, 0x0000000083b00000| Complete 
|  60|0x0000000083c00000, 0x0000000083d00000, 0x0000000083d00000|100%|HC|  |TAMS 0x0000000083d00000, 0x0000000083c00000| Complete 
|  61|0x0000000083d00000, 0x0000000083e00000, 0x0000000083e00000|100%| O|  |TAMS 0x0000000083e00000, 0x0000000083d00000| Untracked 
|  62|0x0000000083e00000, 0x0000000083f00000, 0x0000000083f00000|100%| O|  |TAMS 0x0000000083f00000, 0x0000000083e00000| Untracked 
|  63|0x0000000083f00000, 0x0000000084000000, 0x0000000084000000|100%| O|  |TAMS 0x0000000084000000, 0x0000000083f00000| Untracked 
|  64|0x0000000084000000, 0x0000000084100000, 0x0000000084100000|100%| O|  |TAMS 0x0000000084100000, 0x0000000084000000| Untracked 
|  65|0x0000000084100000, 0x0000000084200000, 0x0000000084200000|100%| O|  |TAMS 0x0000000084200000, 0x0000000084100000| Untracked 
|  66|0x0000000084200000, 0x0000000084300000, 0x0000000084300000|100%| O|  |TAMS 0x0000000084300000, 0x0000000084200000| Untracked 
|  67|0x0000000084300000, 0x0000000084400000, 0x0000000084400000|100%| O|  |TAMS 0x0000000084400000, 0x0000000084300000| Untracked 
|  68|0x0000000084400000, 0x0000000084500000, 0x0000000084500000|100%| O|  |TAMS 0x0000000084500000, 0x0000000084400000| Untracked 
|  69|0x0000000084500000, 0x0000000084600000, 0x0000000084600000|100%| O|  |TAMS 0x0000000084600000, 0x0000000084500000| Untracked 
|  70|0x0000000084600000, 0x0000000084700000, 0x0000000084700000|100%| O|  |TAMS 0x0000000084700000, 0x0000000084600000| Untracked 
|  71|0x0000000084700000, 0x0000000084800000, 0x0000000084800000|100%| O|  |TAMS 0x0000000084800000, 0x0000000084700000| Untracked 
|  72|0x0000000084800000, 0x0000000084900000, 0x0000000084900000|100%| O|  |TAMS 0x0000000084900000, 0x0000000084800000| Untracked 
|  73|0x0000000084900000, 0x0000000084a00000, 0x0000000084a00000|100%| O|  |TAMS 0x0000000084a00000, 0x0000000084900000| Untracked 
|  74|0x0000000084a00000, 0x0000000084b00000, 0x0000000084b00000|100%| O|  |TAMS 0x0000000084b00000, 0x0000000084a00000| Untracked 
|  75|0x0000000084b00000, 0x0000000084c00000, 0x0000000084c00000|100%| O|  |TAMS 0x0000000084c00000, 0x0000000084b00000| Untracked 
|  76|0x0000000084c00000, 0x0000000084d00000, 0x0000000084d00000|100%| O|  |TAMS 0x0000000084d00000, 0x0000000084c00000| Untracked 
|  77|0x0000000084d00000, 0x0000000084e00000, 0x0000000084e00000|100%| O|  |TAMS 0x0000000084e00000, 0x0000000084d00000| Untracked 
|  78|0x0000000084e00000, 0x0000000084f00000, 0x0000000084f00000|100%| O|  |TAMS 0x0000000084f00000, 0x0000000084e00000| Untracked 
|  79|0x0000000084f00000, 0x0000000085000000, 0x0000000085000000|100%| O|  |TAMS 0x0000000085000000, 0x0000000084f00000| Untracked 
|  80|0x0000000085000000, 0x0000000085100000, 0x0000000085100000|100%| O|  |TAMS 0x0000000085100000, 0x0000000085000000| Untracked 
|  81|0x0000000085100000, 0x0000000085200000, 0x0000000085200000|100%| O|  |TAMS 0x0000000085200000, 0x0000000085100000| Untracked 
|  82|0x0000000085200000, 0x0000000085300000, 0x0000000085300000|100%| O|  |TAMS 0x0000000085300000, 0x0000000085200000| Untracked 
|  83|0x0000000085300000, 0x0000000085400000, 0x0000000085400000|100%| O|  |TAMS 0x0000000085400000, 0x0000000085300000| Untracked 
|  84|0x0000000085400000, 0x0000000085500000, 0x0000000085500000|100%| O|  |TAMS 0x0000000085500000, 0x0000000085400000| Untracked 
|  85|0x0000000085500000, 0x0000000085600000, 0x0000000085600000|100%| O|  |TAMS 0x0000000085600000, 0x0000000085500000| Untracked 
|  86|0x0000000085600000, 0x0000000085700000, 0x0000000085700000|100%| O|  |TAMS 0x0000000085700000, 0x0000000085600000| Untracked 
|  87|0x0000000085700000, 0x0000000085800000, 0x0000000085800000|100%| O|  |TAMS 0x0000000085800000, 0x0000000085700000| Untracked 
|  88|0x0000000085800000, 0x0000000085900000, 0x0000000085900000|100%| O|  |TAMS 0x0000000085900000, 0x0000000085800000| Untracked 
|  89|0x0000000085900000, 0x0000000085a00000, 0x0000000085a00000|100%| O|  |TAMS 0x0000000085a00000, 0x0000000085900000| Untracked 
|  90|0x0000000085a00000, 0x0000000085b00000, 0x0000000085b00000|100%| O|  |TAMS 0x0000000085b00000, 0x0000000085a00000| Untracked 
|  91|0x0000000085b00000, 0x0000000085c00000, 0x0000000085c00000|100%| O|  |TAMS 0x0000000085c00000, 0x0000000085b00000| Untracked 
|  92|0x0000000085c00000, 0x0000000085d00000, 0x0000000085d00000|100%| O|  |TAMS 0x0000000085d00000, 0x0000000085c00000| Untracked 
|  93|0x0000000085d00000, 0x0000000085e00000, 0x0000000085e00000|100%| O|  |TAMS 0x0000000085e00000, 0x0000000085d00000| Untracked 
|  94|0x0000000085e00000, 0x0000000085f00000, 0x0000000085f00000|100%| O|  |TAMS 0x0000000085f00000, 0x0000000085e00000| Untracked 
|  95|0x0000000085f00000, 0x0000000086000000, 0x0000000086000000|100%| O|  |TAMS 0x0000000086000000, 0x0000000085f00000| Untracked 
|  96|0x0000000086000000, 0x0000000086100000, 0x0000000086100000|100%| O|  |TAMS 0x0000000086100000, 0x0000000086000000| Untracked 
|  97|0x0000000086100000, 0x0000000086200000, 0x0000000086200000|100%| O|  |TAMS 0x0000000086200000, 0x0000000086100000| Untracked 
|  98|0x0000000086200000, 0x0000000086300000, 0x0000000086300000|100%| O|  |TAMS 0x0000000086300000, 0x0000000086200000| Untracked 
|  99|0x0000000086300000, 0x0000000086400000, 0x0000000086400000|100%| O|  |TAMS 0x0000000086400000, 0x0000000086300000| Untracked 
| 100|0x0000000086400000, 0x0000000086500000, 0x0000000086500000|100%| O|  |TAMS 0x0000000086500000, 0x0000000086400000| Untracked 
| 101|0x0000000086500000, 0x0000000086600000, 0x0000000086600000|100%| O|  |TAMS 0x0000000086600000, 0x0000000086500000| Untracked 
| 102|0x0000000086600000, 0x0000000086700000, 0x0000000086700000|100%| O|  |TAMS 0x0000000086700000, 0x0000000086600000| Untracked 
| 103|0x0000000086700000, 0x0000000086800000, 0x0000000086800000|100%| O|  |TAMS 0x0000000086800000, 0x0000000086700000| Untracked 
| 104|0x0000000086800000, 0x0000000086852800, 0x0000000086900000| 32%| O|  |TAMS 0x0000000086852800, 0x0000000086800000| Untracked 
| 105|0x0000000086900000, 0x0000000086900000, 0x0000000086a00000|  0%| F|  |TAMS 0x0000000086900000, 0x0000000086900000| Untracked 
| 106|0x0000000086a00000, 0x0000000086a00000, 0x0000000086b00000|  0%| F|  |TAMS 0x0000000086a00000, 0x0000000086a00000| Untracked 
| 107|0x0000000086b00000, 0x0000000086b00000, 0x0000000086c00000|  0%| F|  |TAMS 0x0000000086b00000, 0x0000000086b00000| Untracked 
| 108|0x0000000086c00000, 0x0000000086c00000, 0x0000000086d00000|  0%| F|  |TAMS 0x0000000086c00000, 0x0000000086c00000| Untracked 
| 109|0x0000000086d00000, 0x0000000086d00000, 0x0000000086e00000|  0%| F|  |TAMS 0x0000000086d00000, 0x0000000086d00000| Untracked 
| 110|0x0000000086e00000, 0x0000000086e00000, 0x0000000086f00000|  0%| F|  |TAMS 0x0000000086e00000, 0x0000000086e00000| Untracked 
| 111|0x0000000086f00000, 0x0000000086f00000, 0x0000000087000000|  0%| F|  |TAMS 0x0000000086f00000, 0x0000000086f00000| Untracked 
| 112|0x0000000087000000, 0x0000000087000000, 0x0000000087100000|  0%| F|  |TAMS 0x0000000087000000, 0x0000000087000000| Untracked 
| 113|0x0000000087100000, 0x0000000087100000, 0x0000000087200000|  0%| F|  |TAMS 0x0000000087100000, 0x0000000087100000| Untracked 
| 114|0x0000000087200000, 0x0000000087200000, 0x0000000087300000|  0%| F|  |TAMS 0x0000000087200000, 0x0000000087200000| Untracked 
| 115|0x0000000087300000, 0x0000000087300000, 0x0000000087400000|  0%| F|  |TAMS 0x0000000087300000, 0x0000000087300000| Untracked 
| 116|0x0000000087400000, 0x0000000087400000, 0x0000000087500000|  0%| F|  |TAMS 0x0000000087400000, 0x0000000087400000| Untracked 
| 117|0x0000000087500000, 0x0000000087500000, 0x0000000087600000|  0%| F|  |TAMS 0x0000000087500000, 0x0000000087500000| Untracked 
| 118|0x0000000087600000, 0x0000000087600000, 0x0000000087700000|  0%| F|  |TAMS 0x0000000087600000, 0x0000000087600000| Untracked 
| 119|0x0000000087700000, 0x0000000087700000, 0x0000000087800000|  0%| F|  |TAMS 0x0000000087700000, 0x0000000087700000| Untracked 
| 120|0x0000000087800000, 0x0000000087800000, 0x0000000087900000|  0%| F|  |TAMS 0x0000000087800000, 0x0000000087800000| Untracked 
| 121|0x0000000087900000, 0x0000000087900000, 0x0000000087a00000|  0%| F|  |TAMS 0x0000000087900000, 0x0000000087900000| Untracked 
| 122|0x0000000087a00000, 0x0000000087a00000, 0x0000000087b00000|  0%| F|  |TAMS 0x0000000087a00000, 0x0000000087a00000| Untracked 
| 123|0x0000000087b00000, 0x0000000087b00000, 0x0000000087c00000|  0%| F|  |TAMS 0x0000000087b00000, 0x0000000087b00000| Untracked 
| 124|0x0000000087c00000, 0x0000000087c00000, 0x0000000087d00000|  0%| F|  |TAMS 0x0000000087c00000, 0x0000000087c00000| Untracked 
| 125|0x0000000087d00000, 0x0000000087d00000, 0x0000000087e00000|  0%| F|  |TAMS 0x0000000087d00000, 0x0000000087d00000| Untracked 
| 126|0x0000000087e00000, 0x0000000087e00000, 0x0000000087f00000|  0%| F|  |TAMS 0x0000000087e00000, 0x0000000087e00000| Untracked 
| 127|0x0000000087f00000, 0x0000000087f00000, 0x0000000088000000|  0%| F|  |TAMS 0x0000000087f00000, 0x0000000087f00000| Untracked 
| 128|0x0000000088000000, 0x0000000088000000, 0x0000000088100000|  0%| F|  |TAMS 0x0000000088000000, 0x0000000088000000| Untracked 
| 129|0x0000000088100000, 0x0000000088100000, 0x0000000088200000|  0%| F|  |TAMS 0x0000000088100000, 0x0000000088100000| Untracked 
| 130|0x0000000088200000, 0x0000000088200000, 0x0000000088300000|  0%| F|  |TAMS 0x0000000088200000, 0x0000000088200000| Untracked 
| 131|0x0000000088300000, 0x0000000088300000, 0x0000000088400000|  0%| F|  |TAMS 0x0000000088300000, 0x0000000088300000| Untracked 
| 132|0x0000000088400000, 0x0000000088400000, 0x0000000088500000|  0%| F|  |TAMS 0x0000000088400000, 0x0000000088400000| Untracked 
| 133|0x0000000088500000, 0x0000000088500000, 0x0000000088600000|  0%| F|  |TAMS 0x0000000088500000, 0x0000000088500000| Untracked 
| 134|0x0000000088600000, 0x0000000088600000, 0x0000000088700000|  0%| F|  |TAMS 0x0000000088600000, 0x0000000088600000| Untracked 
| 135|0x0000000088700000, 0x0000000088700000, 0x0000000088800000|  0%| F|  |TAMS 0x0000000088700000, 0x0000000088700000| Untracked 
| 136|0x0000000088800000, 0x0000000088800000, 0x0000000088900000|  0%| F|  |TAMS 0x0000000088800000, 0x0000000088800000| Untracked 
| 137|0x0000000088900000, 0x0000000088900000, 0x0000000088a00000|  0%| F|  |TAMS 0x0000000088900000, 0x0000000088900000| Untracked 
| 138|0x0000000088a00000, 0x0000000088a00000, 0x0000000088b00000|  0%| F|  |TAMS 0x0000000088a00000, 0x0000000088a00000| Untracked 
| 139|0x0000000088b00000, 0x0000000088b00000, 0x0000000088c00000|  0%| F|  |TAMS 0x0000000088b00000, 0x0000000088b00000| Untracked 
| 140|0x0000000088c00000, 0x0000000088c00000, 0x0000000088d00000|  0%| F|  |TAMS 0x0000000088c00000, 0x0000000088c00000| Untracked 
| 141|0x0000000088d00000, 0x0000000088d00000, 0x0000000088e00000|  0%| F|  |TAMS 0x0000000088d00000, 0x0000000088d00000| Untracked 
| 142|0x0000000088e00000, 0x0000000088e00000, 0x0000000088f00000|  0%| F|  |TAMS 0x0000000088e00000, 0x0000000088e00000| Untracked 
| 143|0x0000000088f00000, 0x0000000088f00000, 0x0000000089000000|  0%| F|  |TAMS 0x0000000088f00000, 0x0000000088f00000| Untracked 
| 144|0x0000000089000000, 0x0000000089000000, 0x0000000089100000|  0%| F|  |TAMS 0x0000000089000000, 0x0000000089000000| Untracked 
| 145|0x0000000089100000, 0x0000000089100000, 0x0000000089200000|  0%| F|  |TAMS 0x0000000089100000, 0x0000000089100000| Untracked 
| 146|0x0000000089200000, 0x0000000089200000, 0x0000000089300000|  0%| F|  |TAMS 0x0000000089200000, 0x0000000089200000| Untracked 
| 147|0x0000000089300000, 0x00000000893b0a00, 0x0000000089400000| 68%| S|CS|TAMS 0x0000000089300000, 0x0000000089300000| Complete 
| 148|0x0000000089400000, 0x0000000089500000, 0x0000000089500000|100%| S|CS|TAMS 0x0000000089400000, 0x0000000089400000| Complete 
| 149|0x0000000089500000, 0x0000000089600000, 0x0000000089600000|100%| S|CS|TAMS 0x0000000089500000, 0x0000000089500000| Complete 
| 150|0x0000000089600000, 0x0000000089700000, 0x0000000089700000|100%| S|CS|TAMS 0x0000000089600000, 0x0000000089600000| Complete 
| 151|0x0000000089700000, 0x0000000089700000, 0x0000000089800000|  0%| F|  |TAMS 0x0000000089700000, 0x0000000089700000| Untracked 
| 152|0x0000000089800000, 0x0000000089800000, 0x0000000089900000|  0%| F|  |TAMS 0x0000000089800000, 0x0000000089800000| Untracked 
| 153|0x0000000089900000, 0x0000000089900000, 0x0000000089a00000|  0%| F|  |TAMS 0x0000000089900000, 0x0000000089900000| Untracked 
| 154|0x0000000089a00000, 0x0000000089a00000, 0x0000000089b00000|  0%| F|  |TAMS 0x0000000089a00000, 0x0000000089a00000| Untracked 
| 155|0x0000000089b00000, 0x0000000089b00000, 0x0000000089c00000|  0%| F|  |TAMS 0x0000000089b00000, 0x0000000089b00000| Untracked 
| 156|0x0000000089c00000, 0x0000000089c00000, 0x0000000089d00000|  0%| F|  |TAMS 0x0000000089c00000, 0x0000000089c00000| Untracked 
| 157|0x0000000089d00000, 0x0000000089d00000, 0x0000000089e00000|  0%| F|  |TAMS 0x0000000089d00000, 0x0000000089d00000| Untracked 
| 158|0x0000000089e00000, 0x0000000089eee2b0, 0x0000000089f00000| 93%| E|  |TAMS 0x0000000089e00000, 0x0000000089e00000| Complete 
| 159|0x0000000089f00000, 0x000000008a000000, 0x000000008a000000|100%| E|CS|TAMS 0x0000000089f00000, 0x0000000089f00000| Complete 
| 160|0x000000008a000000, 0x000000008a100000, 0x000000008a100000|100%| E|CS|TAMS 0x000000008a000000, 0x000000008a000000| Complete 
| 161|0x000000008a100000, 0x000000008a200000, 0x000000008a200000|100%| E|CS|TAMS 0x000000008a100000, 0x000000008a100000| Complete 
| 162|0x000000008a200000, 0x000000008a300000, 0x000000008a300000|100%| E|CS|TAMS 0x000000008a200000, 0x000000008a200000| Complete 
| 163|0x000000008a300000, 0x000000008a400000, 0x000000008a400000|100%| E|CS|TAMS 0x000000008a300000, 0x000000008a300000| Complete 
| 164|0x000000008a400000, 0x000000008a500000, 0x000000008a500000|100%| E|CS|TAMS 0x000000008a400000, 0x000000008a400000| Complete 
| 165|0x000000008a500000, 0x000000008a600000, 0x000000008a600000|100%| E|CS|TAMS 0x000000008a500000, 0x000000008a500000| Complete 
| 166|0x000000008a600000, 0x000000008a700000, 0x000000008a700000|100%| E|CS|TAMS 0x000000008a600000, 0x000000008a600000| Complete 
| 167|0x000000008a700000, 0x000000008a800000, 0x000000008a800000|100%| E|CS|TAMS 0x000000008a700000, 0x000000008a700000| Complete 
| 168|0x000000008a800000, 0x000000008a900000, 0x000000008a900000|100%| E|CS|TAMS 0x000000008a800000, 0x000000008a800000| Complete 
| 169|0x000000008a900000, 0x000000008aa00000, 0x000000008aa00000|100%| E|CS|TAMS 0x000000008a900000, 0x000000008a900000| Complete 
| 170|0x000000008aa00000, 0x000000008ab00000, 0x000000008ab00000|100%| E|CS|TAMS 0x000000008aa00000, 0x000000008aa00000| Complete 
| 171|0x000000008ab00000, 0x000000008ac00000, 0x000000008ac00000|100%| E|CS|TAMS 0x000000008ab00000, 0x000000008ab00000| Complete 
| 172|0x000000008ac00000, 0x000000008ad00000, 0x000000008ad00000|100%| E|CS|TAMS 0x000000008ac00000, 0x000000008ac00000| Complete 
| 173|0x000000008ad00000, 0x000000008ae00000, 0x000000008ae00000|100%| E|CS|TAMS 0x000000008ad00000, 0x000000008ad00000| Complete 
| 174|0x000000008ae00000, 0x000000008af00000, 0x000000008af00000|100%| E|CS|TAMS 0x000000008ae00000, 0x000000008ae00000| Complete 
| 175|0x000000008af00000, 0x000000008b000000, 0x000000008b000000|100%| E|CS|TAMS 0x000000008af00000, 0x000000008af00000| Complete 
| 176|0x000000008b000000, 0x000000008b100000, 0x000000008b100000|100%| E|CS|TAMS 0x000000008b000000, 0x000000008b000000| Complete 
| 177|0x000000008b100000, 0x000000008b200000, 0x000000008b200000|100%| E|CS|TAMS 0x000000008b100000, 0x000000008b100000| Complete 
| 178|0x000000008b200000, 0x000000008b300000, 0x000000008b300000|100%| E|CS|TAMS 0x000000008b200000, 0x000000008b200000| Complete 
| 179|0x000000008b300000, 0x000000008b400000, 0x000000008b400000|100%| E|CS|TAMS 0x000000008b300000, 0x000000008b300000| Complete 
| 180|0x000000008b400000, 0x000000008b500000, 0x000000008b500000|100%| E|CS|TAMS 0x000000008b400000, 0x000000008b400000| Complete 
| 181|0x000000008b500000, 0x000000008b600000, 0x000000008b600000|100%| E|CS|TAMS 0x000000008b500000, 0x000000008b500000| Complete 
| 182|0x000000008b600000, 0x000000008b700000, 0x000000008b700000|100%| E|CS|TAMS 0x000000008b600000, 0x000000008b600000| Complete 
| 183|0x000000008b700000, 0x000000008b800000, 0x000000008b800000|100%| E|CS|TAMS 0x000000008b700000, 0x000000008b700000| Complete 
| 184|0x000000008b800000, 0x000000008b900000, 0x000000008b900000|100%| E|CS|TAMS 0x000000008b800000, 0x000000008b800000| Complete 
| 185|0x000000008b900000, 0x000000008ba00000, 0x000000008ba00000|100%| E|CS|TAMS 0x000000008b900000, 0x000000008b900000| Complete 
| 186|0x000000008ba00000, 0x000000008bb00000, 0x000000008bb00000|100%| E|CS|TAMS 0x000000008ba00000, 0x000000008ba00000| Complete 
| 187|0x000000008bb00000, 0x000000008bc00000, 0x000000008bc00000|100%| E|CS|TAMS 0x000000008bb00000, 0x000000008bb00000| Complete 
| 188|0x000000008bc00000, 0x000000008bd00000, 0x000000008bd00000|100%| E|CS|TAMS 0x000000008bc00000, 0x000000008bc00000| Complete 
| 189|0x000000008bd00000, 0x000000008be00000, 0x000000008be00000|100%| E|CS|TAMS 0x000000008bd00000, 0x000000008bd00000| Complete 
| 190|0x000000008be00000, 0x000000008bf00000, 0x000000008bf00000|100%| E|CS|TAMS 0x000000008be00000, 0x000000008be00000| Complete 
| 191|0x000000008bf00000, 0x000000008c000000, 0x000000008c000000|100%| E|CS|TAMS 0x000000008bf00000, 0x000000008bf00000| Complete 
| 192|0x000000008c000000, 0x000000008c100000, 0x000000008c100000|100%| E|CS|TAMS 0x000000008c000000, 0x000000008c000000| Complete 
| 193|0x000000008c100000, 0x000000008c200000, 0x000000008c200000|100%| E|CS|TAMS 0x000000008c100000, 0x000000008c100000| Complete 
| 194|0x000000008c200000, 0x000000008c300000, 0x000000008c300000|100%| E|CS|TAMS 0x000000008c200000, 0x000000008c200000| Complete 
| 195|0x000000008c300000, 0x000000008c400000, 0x000000008c400000|100%| E|CS|TAMS 0x000000008c300000, 0x000000008c300000| Complete 
| 196|0x000000008c400000, 0x000000008c500000, 0x000000008c500000|100%| E|CS|TAMS 0x000000008c400000, 0x000000008c400000| Complete 
| 197|0x000000008c500000, 0x000000008c600000, 0x000000008c600000|100%| E|  |TAMS 0x000000008c500000, 0x000000008c500000| Complete 
| 198|0x000000008c600000, 0x000000008c700000, 0x000000008c700000|100%| E|CS|TAMS 0x000000008c600000, 0x000000008c600000| Complete 
| 199|0x000000008c700000, 0x000000008c800000, 0x000000008c800000|100%| E|CS|TAMS 0x000000008c700000, 0x000000008c700000| Complete 
| 200|0x000000008c800000, 0x000000008c900000, 0x000000008c900000|100%| E|CS|TAMS 0x000000008c800000, 0x000000008c800000| Complete 
| 201|0x000000008c900000, 0x000000008ca00000, 0x000000008ca00000|100%| E|CS|TAMS 0x000000008c900000, 0x000000008c900000| Complete 
| 202|0x000000008ca00000, 0x000000008cb00000, 0x000000008cb00000|100%| E|CS|TAMS 0x000000008ca00000, 0x000000008ca00000| Complete 
| 203|0x000000008cb00000, 0x000000008cc00000, 0x000000008cc00000|100%| E|CS|TAMS 0x000000008cb00000, 0x000000008cb00000| Complete 
| 204|0x000000008cc00000, 0x000000008cd00000, 0x000000008cd00000|100%| E|CS|TAMS 0x000000008cc00000, 0x000000008cc00000| Complete 
| 205|0x000000008cd00000, 0x000000008ce00000, 0x000000008ce00000|100%| E|CS|TAMS 0x000000008cd00000, 0x000000008cd00000| Complete 
| 206|0x000000008ce00000, 0x000000008cf00000, 0x000000008cf00000|100%| E|CS|TAMS 0x000000008ce00000, 0x000000008ce00000| Complete 
| 207|0x000000008cf00000, 0x000000008d000000, 0x000000008d000000|100%| E|CS|TAMS 0x000000008cf00000, 0x000000008cf00000| Complete 
| 208|0x000000008d000000, 0x000000008d100000, 0x000000008d100000|100%| E|CS|TAMS 0x000000008d000000, 0x000000008d000000| Complete 
| 209|0x000000008d100000, 0x000000008d200000, 0x000000008d200000|100%| E|CS|TAMS 0x000000008d100000, 0x000000008d100000| Complete 
| 210|0x000000008d200000, 0x000000008d300000, 0x000000008d300000|100%| E|CS|TAMS 0x000000008d200000, 0x000000008d200000| Complete 
| 211|0x000000008d300000, 0x000000008d400000, 0x000000008d400000|100%| E|CS|TAMS 0x000000008d300000, 0x000000008d300000| Complete 
| 212|0x000000008d400000, 0x000000008d500000, 0x000000008d500000|100%| E|CS|TAMS 0x000000008d400000, 0x000000008d400000| Complete 
| 213|0x000000008d500000, 0x000000008d600000, 0x000000008d600000|100%| E|CS|TAMS 0x000000008d500000, 0x000000008d500000| Complete 
| 214|0x000000008d600000, 0x000000008d700000, 0x000000008d700000|100%| E|CS|TAMS 0x000000008d600000, 0x000000008d600000| Complete 
| 215|0x000000008d700000, 0x000000008d800000, 0x000000008d800000|100%| E|CS|TAMS 0x000000008d700000, 0x000000008d700000| Complete 
| 216|0x000000008d800000, 0x000000008d900000, 0x000000008d900000|100%| E|CS|TAMS 0x000000008d800000, 0x000000008d800000| Complete 
| 217|0x000000008d900000, 0x000000008da00000, 0x000000008da00000|100%| E|CS|TAMS 0x000000008d900000, 0x000000008d900000| Complete 
| 218|0x000000008da00000, 0x000000008db00000, 0x000000008db00000|100%| E|CS|TAMS 0x000000008da00000, 0x000000008da00000| Complete 
| 219|0x000000008db00000, 0x000000008dc00000, 0x000000008dc00000|100%| E|CS|TAMS 0x000000008db00000, 0x000000008db00000| Complete 
| 220|0x000000008dc00000, 0x000000008dd00000, 0x000000008dd00000|100%| E|CS|TAMS 0x000000008dc00000, 0x000000008dc00000| Complete 
| 221|0x000000008dd00000, 0x000000008de00000, 0x000000008de00000|100%| E|CS|TAMS 0x000000008dd00000, 0x000000008dd00000| Complete 

Card table byte_map: [0x000001fee8d20000,0x000001fee9120000] _byte_map_base: 0x000001fee8920000

Marking Bits (Prev, Next): (CMBitMap*) 0x000001fed5416060, (CMBitMap*) 0x000001fed5416028
 Prev Bits: [0x000001feeb520000, 0x000001feed520000)
 Next Bits: [0x000001fee9520000, 0x000001feeb520000)

Polling page: 0x000001fed3ba0000

Metaspace:

Usage:
  Non-class:     95.36 MB capacity,    93.54 MB ( 98%) used,     1.51 MB (  2%) free+waste,   314.13 KB ( <1%) overhead. 
      Class:     14.85 MB capacity,    13.84 MB ( 93%) used,   891.80 KB (  6%) free+waste,   146.38 KB ( <1%) overhead. 
       Both:    110.21 MB capacity,   107.38 MB ( 97%) used,     2.38 MB (  2%) free+waste,   460.50 KB ( <1%) overhead. 

Virtual space:
  Non-class space:       96.00 MB reserved,      95.50 MB (>99%) committed 
      Class space:        1.00 GB reserved,      14.88 MB (  1%) committed 
             Both:        1.09 GB reserved,     110.38 MB ( 10%) committed 

Chunk freelists:
   Non-Class:  16.00 KB
       Class:  23.00 KB
        Both:  39.00 KB

MaxMetaspaceSize: 17179869184.00 GB
CompressedClassSpaceSize: 1.00 GB

CodeHeap 'non-profiled nmethods': size=120000Kb used=7573Kb max_used=7573Kb free=112426Kb
 bounds [0x000001fee0990000, 0x000001fee1100000, 0x000001fee7ec0000]
CodeHeap 'profiled nmethods': size=120000Kb used=26537Kb max_used=26537Kb free=93462Kb
 bounds [0x000001fed9460000, 0x000001fedae50000, 0x000001fee0990000]
CodeHeap 'non-nmethods': size=5760Kb used=2336Kb max_used=2392Kb free=3423Kb
 bounds [0x000001fed8ec0000, 0x000001fed9130000, 0x000001fed9460000]
 total_blobs=13150 nmethods=12192 adapters=869
 compilation: enabled
              stopped_count=0, restarted_count=0
 full_count=0

Compilation events (20 events):
Event: 17.621 Thread 0x000001fef0029000 12260       3       kotlin.reflect.jvm.internal.impl.protobuf.ByteString$Output::flushLastBuffer (96 bytes)
Event: 17.622 Thread 0x000001fef0029000 nmethod 12260 0x000001fedae3ab10 code [0x000001fedae3ae00, 0x000001fedae3c188]
Event: 17.622 Thread 0x000001fef0029000 12264       3       kotlin.reflect.jvm.internal.impl.protobuf.SmallSortedMap::getNumArrayEntries (10 bytes)
Event: 17.622 Thread 0x000001fef0029000 nmethod 12264 0x000001fedae3c810 code [0x000001fedae3c9c0, 0x000001fedae3cb88]
Event: 17.623 Thread 0x000001fef0029000 12252       1       kotlin.reflect.jvm.internal.impl.protobuf.WireFormat$FieldType::getJavaType (5 bytes)
Event: 17.623 Thread 0x000001fef0029000 nmethod 12252 0x000001fee10f4290 code [0x000001fee10f4440, 0x000001fee10f44f8]
Event: 17.623 Thread 0x000001fef0029000 12261       3       kotlin.reflect.jvm.internal.impl.protobuf.ByteString::copyFrom (94 bytes)
Event: 17.623 Thread 0x000001fef0029000 nmethod 12261 0x000001fedae3cc90 code [0x000001fedae3cf80, 0x000001fedae3e188]
Event: 17.623 Thread 0x000001fef0029000 12262       3       kotlin.reflect.jvm.internal.impl.protobuf.CodedInputStream::checkLastTagWas (13 bytes)
Event: 17.623 Thread 0x000001fef0029000 nmethod 12262 0x000001fedae3e690 code [0x000001fedae3e840, 0x000001fedae3e9a8]
Event: 17.623 Thread 0x000001fef0029000 12253       3       kotlin.reflect.jvm.internal.impl.protobuf.GeneratedMessageLite::<init> (5 bytes)
Event: 17.624 Thread 0x000001fef0029000 nmethod 12253 0x000001fedae3ea90 code [0x000001fedae3ec40, 0x000001fedae3edf8]
Event: 17.624 Thread 0x000001fef0029000 12254       3       kotlin.reflect.jvm.internal.impl.protobuf.CodedOutputStream::newInstance (12 bytes)
Event: 17.624 Thread 0x000001fef0029000 nmethod 12254 0x000001fedae3ef10 code [0x000001fedae3f0e0, 0x000001fedae3f438]
Event: 17.624 Thread 0x000001fef0029000 12255       3       kotlin.reflect.jvm.internal.impl.protobuf.CodedOutputStream::<init> (31 bytes)
Event: 17.624 Thread 0x000001fef0029000 nmethod 12255 0x000001fedae3f590 code [0x000001fedae3f740, 0x000001fedae3f978]
Event: 17.624 Thread 0x000001fef0029000 12265       1       kotlin.reflect.jvm.internal.impl.protobuf.SmallSortedMap$Entry::getKey (5 bytes)
Event: 17.624 Thread 0x000001fef0029000 nmethod 12265 0x000001fee10f4590 code [0x000001fee10f4740, 0x000001fee10f47f8]
Event: 17.624 Thread 0x000001fef0029000 12263       1       kotlin.reflect.jvm.internal.impl.protobuf.GeneratedMessageLite$Builder::getUnknownFields (5 bytes)
Event: 17.624 Thread 0x000001fef0029000 nmethod 12263 0x000001fee10f4890 code [0x000001fee10f4a40, 0x000001fee10f4af8]

GC Heap History (20 events):
Event: 7.751 GC heap before
{Heap before GC invocations=15 (full 0):
 garbage-first heap   total 189440K, used 102935K [0x0000000080000000, 0x0000000100000000)
  region size 1024K, 30 young (30720K), 7 survivors (7168K)
 Metaspace       used 67293K, capacity 69030K, committed 69120K, reserved 1110016K
  class space    used 8548K, capacity 9157K, committed 9216K, reserved 1048576K
}
Event: 7.757 GC heap after
{Heap after GC invocations=16 (full 0):
 garbage-first heap   total 189440K, used 81812K [0x0000000080000000, 0x0000000100000000)
  region size 1024K, 2 young (2048K), 2 survivors (2048K)
 Metaspace       used 67293K, capacity 69030K, committed 69120K, reserved 1110016K
  class space    used 8548K, capacity 9157K, committed 9216K, reserved 1048576K
}
Event: 8.586 GC heap before
{Heap before GC invocations=17 (full 0):
 garbage-first heap   total 189440K, used 140180K [0x0000000080000000, 0x0000000100000000)
  region size 1024K, 59 young (60416K), 2 survivors (2048K)
 Metaspace       used 72463K, capacity 74417K, committed 74496K, reserved 1114112K
  class space    used 9283K, capacity 9927K, committed 9984K, reserved 1048576K
}
Event: 8.593 GC heap after
{Heap after GC invocations=18 (full 0):
 garbage-first heap   total 189440K, used 84928K [0x0000000080000000, 0x0000000100000000)
  region size 1024K, 5 young (5120K), 5 survivors (5120K)
 Metaspace       used 72463K, capacity 74417K, committed 74496K, reserved 1114112K
  class space    used 9283K, capacity 9927K, committed 9984K, reserved 1048576K
}
Event: 9.308 GC heap before
{Heap before GC invocations=18 (full 0):
 garbage-first heap   total 189440K, used 143296K [0x0000000080000000, 0x0000000100000000)
  region size 1024K, 62 young (63488K), 5 survivors (5120K)
 Metaspace       used 77549K, capacity 79473K, committed 79744K, reserved 1118208K
  class space    used 10076K, capacity 10758K, committed 10880K, reserved 1048576K
}
Event: 9.317 GC heap after
{Heap after GC invocations=19 (full 0):
 garbage-first heap   total 189440K, used 89514K [0x0000000080000000, 0x0000000100000000)
  region size 1024K, 8 young (8192K), 8 survivors (8192K)
 Metaspace       used 77549K, capacity 79473K, committed 79744K, reserved 1118208K
  class space    used 10076K, capacity 10758K, committed 10880K, reserved 1048576K
}
Event: 9.949 GC heap before
{Heap before GC invocations=19 (full 0):
 garbage-first heap   total 189440K, used 147882K [0x0000000080000000, 0x0000000100000000)
  region size 1024K, 65 young (66560K), 8 survivors (8192K)
 Metaspace       used 82240K, capacity 84399K, committed 84480K, reserved 1122304K
  class space    used 10724K, capacity 11451K, committed 11520K, reserved 1048576K
}
Event: 9.961 GC heap after
{Heap after GC invocations=20 (full 0):
 garbage-first heap   total 189440K, used 92513K [0x0000000080000000, 0x0000000100000000)
  region size 1024K, 8 young (8192K), 8 survivors (8192K)
 Metaspace       used 82240K, capacity 84399K, committed 84480K, reserved 1122304K
  class space    used 10724K, capacity 11451K, committed 11520K, reserved 1048576K
}
Event: 10.500 GC heap before
{Heap before GC invocations=20 (full 0):
 garbage-first heap   total 189440K, used 142689K [0x0000000080000000, 0x0000000100000000)
  region size 1024K, 58 young (59392K), 8 survivors (8192K)
 Metaspace       used 85081K, capacity 87429K, committed 87680K, reserved 1124352K
  class space    used 11081K, capacity 11881K, committed 11904K, reserved 1048576K
}
Event: 10.510 GC heap after
{Heap after GC invocations=21 (full 0):
 garbage-first heap   total 189440K, used 97094K [0x0000000080000000, 0x0000000100000000)
  region size 1024K, 8 young (8192K), 8 survivors (8192K)
 Metaspace       used 85081K, capacity 87429K, committed 87680K, reserved 1124352K
  class space    used 11081K, capacity 11881K, committed 11904K, reserved 1048576K
}
Event: 11.351 GC heap before
{Heap before GC invocations=22 (full 0):
 garbage-first heap   total 189440K, used 153414K [0x0000000080000000, 0x0000000100000000)
  region size 1024K, 62 young (63488K), 8 survivors (8192K)
 Metaspace       used 92423K, capacity 94750K, committed 94976K, reserved 1132544K
  class space    used 11951K, capacity 12726K, committed 12800K, reserved 1048576K
}
Event: 11.362 GC heap after
{Heap after GC invocations=23 (full 0):
 garbage-first heap   total 189440K, used 99076K [0x0000000080000000, 0x0000000100000000)
  region size 1024K, 7 young (7168K), 7 survivors (7168K)
 Metaspace       used 92423K, capacity 94750K, committed 94976K, reserved 1132544K
  class space    used 11951K, capacity 12726K, committed 12800K, reserved 1048576K
}
Event: 13.013 GC heap before
{Heap before GC invocations=23 (full 0):
 garbage-first heap   total 189440K, used 153348K [0x0000000080000000, 0x0000000100000000)
  region size 1024K, 61 young (62464K), 7 survivors (7168K)
 Metaspace       used 98770K, capacity 101188K, committed 101504K, reserved 1136640K
  class space    used 12778K, capacity 13623K, committed 13696K, reserved 1048576K
}
Event: 13.032 GC heap after
{Heap after GC invocations=24 (full 0):
 garbage-first heap   total 227328K, used 103422K [0x0000000080000000, 0x0000000100000000)
  region size 1024K, 8 young (8192K), 8 survivors (8192K)
 Metaspace       used 98770K, capacity 101188K, committed 101504K, reserved 1136640K
  class space    used 12778K, capacity 13623K, committed 13696K, reserved 1048576K
}
Event: 15.957 GC heap before
{Heap before GC invocations=25 (full 0):
 garbage-first heap   total 227328K, used 176126K [0x0000000080000000, 0x0000000100000000)
  region size 1024K, 80 young (81920K), 8 survivors (8192K)
 Metaspace       used 102061K, capacity 104787K, committed 105088K, reserved 1140736K
  class space    used 13181K, capacity 14103K, committed 14208K, reserved 1048576K
}
Event: 15.968 GC heap after
{Heap after GC invocations=26 (full 0):
 garbage-first heap   total 227328K, used 107093K [0x0000000080000000, 0x0000000100000000)
  region size 1024K, 8 young (8192K), 8 survivors (8192K)
 Metaspace       used 102061K, capacity 104787K, committed 105088K, reserved 1140736K
  class space    used 13181K, capacity 14103K, committed 14208K, reserved 1048576K
}
Event: 16.279 GC heap before
{Heap before GC invocations=26 (full 0):
 garbage-first heap   total 227328K, used 180821K [0x0000000080000000, 0x0000000100000000)
  region size 1024K, 80 young (81920K), 8 survivors (8192K)
 Metaspace       used 102970K, capacity 105683K, committed 105984K, reserved 1140736K
  class space    used 13273K, capacity 14230K, committed 14336K, reserved 1048576K
}
Event: 16.288 GC heap after
{Heap after GC invocations=27 (full 0):
 garbage-first heap   total 227328K, used 110631K [0x0000000080000000, 0x0000000100000000)
  region size 1024K, 8 young (8192K), 8 survivors (8192K)
 Metaspace       used 102970K, capacity 105683K, committed 105984K, reserved 1140736K
  class space    used 13273K, capacity 14230K, committed 14336K, reserved 1048576K
}
Event: 16.791 GC heap before
{Heap before GC invocations=27 (full 0):
 garbage-first heap   total 227328K, used 182311K [0x0000000080000000, 0x0000000100000000)
  region size 1024K, 79 young (80896K), 8 survivors (8192K)
 Metaspace       used 103925K, capacity 106629K, committed 106752K, reserved 1142784K
  class space    used 13335K, capacity 14275K, committed 14336K, reserved 1048576K
}
Event: 16.802 GC heap after
{Heap after GC invocations=28 (full 0):
 garbage-first heap   total 227328K, used 110604K [0x0000000080000000, 0x0000000100000000)
  region size 1024K, 4 young (4096K), 4 survivors (4096K)
 Metaspace       used 103925K, capacity 106629K, committed 106752K, reserved 1142784K
  class space    used 13335K, capacity 14275K, committed 14336K, reserved 1048576K
}

Deoptimization events (20 events):
Event: 16.944 Thread 0x000001fef2113800 DEOPT PACKING pc=0x000001fee0f24ee8 sp=0x000000805dff16d0
Event: 16.944 Thread 0x000001fef2113800 DEOPT UNPACKING pc=0x000001fed8ee78af sp=0x000000805dff1688 mode 2
Event: 16.944 Thread 0x000001fef2113800 Uncommon trap: trap_request=0xffffff4d fr.pc=0x000001fee103af00 relative=0x0000000000001c20
Event: 16.944 Thread 0x000001fef2113800 Uncommon trap: reason=unstable_if action=reinterpret pc=0x000001fee103af00 method=com.google.common.collect.MapMakerInternalMap$Segment.put(Ljava/lang/Object;ILjava/lang/Object;Z)Ljava/lang/Object; @ 92 c2
Event: 16.944 Thread 0x000001fef2113800 DEOPT PACKING pc=0x000001fee103af00 sp=0x000000805dff1710
Event: 16.944 Thread 0x000001fef2113800 DEOPT UNPACKING pc=0x000001fed8ee78af sp=0x000000805dff16b8 mode 2
Event: 16.999 Thread 0x000001fef2113800 DEOPT PACKING pc=0x000001feda80ba18 sp=0x000000805dff8f00
Event: 16.999 Thread 0x000001fef2113800 DEOPT UNPACKING pc=0x000001fed8ee76ce sp=0x000000805dff8400 mode 0
Event: 17.036 Thread 0x000001fef2113800 Uncommon trap: trap_request=0xffffff4d fr.pc=0x000001fee103dd2c relative=0x000000000000038c
Event: 17.036 Thread 0x000001fef2113800 Uncommon trap: reason=unstable_if action=reinterpret pc=0x000001fee103dd2c method=java.util.stream.StreamOpFlag.getMask(I)I @ 1 c2
Event: 17.036 Thread 0x000001fef2113800 DEOPT PACKING pc=0x000001fee103dd2c sp=0x000000805dff9320
Event: 17.036 Thread 0x000001fef2113800 DEOPT UNPACKING pc=0x000001fed8ee78af sp=0x000000805dff9210 mode 2
Event: 17.190 Thread 0x000001fef2113800 DEOPT PACKING pc=0x000001fedaa4f6b1 sp=0x000000805dff8990
Event: 17.190 Thread 0x000001fef2113800 DEOPT UNPACKING pc=0x000001fed8ee76ce sp=0x000000805dff7e58 mode 0
Event: 17.222 Thread 0x000001fef2113800 DEOPT PACKING pc=0x000001feda80ba18 sp=0x000000805dff6980
Event: 17.222 Thread 0x000001fef2113800 DEOPT UNPACKING pc=0x000001fed8ee76ce sp=0x000000805dff5e80 mode 0
Event: 17.257 Thread 0x000001fef5b6f000 Uncommon trap: trap_request=0xffffff4d fr.pc=0x000001fee0cc1ec4 relative=0x0000000000000364
Event: 17.257 Thread 0x000001fef5b6f000 Uncommon trap: reason=unstable_if action=reinterpret pc=0x000001fee0cc1ec4 method=java.util.concurrent.ConcurrentHashMap.addCount(JI)V @ 97 c2
Event: 17.257 Thread 0x000001fef5b6f000 DEOPT PACKING pc=0x000001fee0cc1ec4 sp=0x00000080602fe360
Event: 17.257 Thread 0x000001fef5b6f000 DEOPT UNPACKING pc=0x000001fed8ee78af sp=0x00000080602fe2a0 mode 2

Classes redefined (0 events):
No events

Internal exceptions (20 events):
Event: 13.754 Thread 0x000001fef2113800 Implicit null exception at 0x000001fee0cfc8f7 to 0x000001fee0cfca8c
Event: 14.755 Thread 0x000001fef5b69800 Exception <a 'java/lang/NoSuchMethodError'{0x000000008ca63890}: 'java.lang.Object java.lang.invoke.DirectMethodHandle$Holder.invokeSpecialIFC(java.lang.Object, java.lang.Object, java.lang.Object)'> (0x000000008ca63890) thrown at [./src/hotspot/share/interpreter/linkResolver.cpp, line 773]
Event: 14.755 Thread 0x000001fef3f15000 Exception <a 'java/lang/NoSuchMethodError'{0x000000008c972c68}: 'java.lang.Object java.lang.invoke.DirectMethodHandle$Holder.invokeSpecialIFC(java.lang.Object, java.lang.Object, java.lang.Object)'> (0x000000008c972c68) thrown at [./src/hotspot/share/interpreter/linkResolver.cpp, line 773]
Event: 14.755 Thread 0x000001fef5b6e000 Exception <a 'java/lang/NoSuchMethodError'{0x000000008c92d4b0}: 'java.lang.Object java.lang.invoke.DirectMethodHandle$Holder.invokeSpecialIFC(java.lang.Object, java.lang.Object, java.lang.Object)'> (0x000000008c92d4b0) thrown at [./src/hotspot/share/interpreter/linkResolver.cpp, line 773]
Event: 14.755 Thread 0x000001fef5b6b000 Exception <a 'java/lang/NoSuchMethodError'{0x000000008c9552c8}: 'java.lang.Object java.lang.invoke.DirectMethodHandle$Holder.invokeSpecialIFC(java.lang.Object, java.lang.Object, java.lang.Object)'> (0x000000008c9552c8) thrown at [./src/hotspot/share/interpreter/linkResolver.cpp, line 773]
Event: 14.755 Thread 0x000001fef5b6b800 Exception <a 'java/lang/NoSuchMethodError'{0x000000008caf9c38}: 'java.lang.Object java.lang.invoke.DirectMethodHandle$Holder.invokeSpecialIFC(java.lang.Object, java.lang.Object, java.lang.Object)'> (0x000000008caf9c38) thrown at [./src/hotspot/share/interpreter/linkResolver.cpp, line 773]
Event: 14.756 Thread 0x000001fef5b6f000 Exception <a 'java/lang/NoSuchMethodError'{0x000000008c942db8}: 'java.lang.Object java.lang.invoke.DirectMethodHandle$Holder.invokeSpecialIFC(java.lang.Object, java.lang.Object, java.lang.Object)'> (0x000000008c942db8) thrown at [./src/hotspot/share/interpreter/linkResolver.cpp, line 773]
Event: 14.756 Thread 0x000001fef2113800 Exception <a 'java/lang/NoSuchMethodError'{0x000000008ccf7250}: 'java.lang.Object java.lang.invoke.DirectMethodHandle$Holder.invokeSpecialIFC(java.lang.Object, java.lang.Object, java.lang.Object)'> (0x000000008ccf7250) thrown at [./src/hotspot/share/interpreter/linkResolver.cpp, line 773]
Event: 14.879 Thread 0x000001fef5b6f000 Exception <a 'java/lang/NoSuchMethodError'{0x000000008c400d70}: 'int java.lang.invoke.DirectMethodHandle$Holder.invokeStaticInit(java.lang.Object, java.lang.Object, java.lang.Object, java.lang.Object, java.lang.Object)'> (0x000000008c400d70) thrown at [./src/hotspot/share/interpreter/linkResolver.cpp, line 773]
Event: 15.333 Thread 0x000001fef2113800 Exception <a 'java/net/SocketTimeoutException'{0x000000008a542278}: Read timed out> (0x000000008a542278) thrown at [./src/hotspot/share/prims/jni.cpp, line 636]
Event: 16.114 Thread 0x000001fef5b6b000 Exception <a 'sun/nio/fs/WindowsException'{0x000000008c4760f8}> (0x000000008c4760f8) thrown at [./src/hotspot/share/prims/jni.cpp, line 615]
Event: 16.143 Thread 0x000001fef5b6b000 Exception <a 'java/lang/NoSuchMethodError'{0x000000008bed9190}: 'void java.lang.invoke.DirectMethodHandle$Holder.invokeStatic(java.lang.Object, java.lang.Object, java.lang.Object, java.lang.Object, java.lang.Object, java.lang.Object, java.lang.Object)'> (0x000000008bed9190) thrown at [./src/hotspot/share/interpreter/linkResolver.cpp, line 773]
Event: 16.296 Thread 0x000001fef3f15000 Exception <a 'sun/nio/fs/WindowsException'{0x000000008db298c8}> (0x000000008db298c8) thrown at [./src/hotspot/share/prims/jni.cpp, line 615]
Event: 16.414 Thread 0x000001fef5b6c800 Exception <a 'sun/nio/fs/WindowsException'{0x000000008b49beb8}> (0x000000008b49beb8) thrown at [./src/hotspot/share/prims/jni.cpp, line 615]
Event: 16.452 Thread 0x000001fef5b69800 Exception <a 'sun/nio/fs/WindowsException'{0x000000008a8cedd8}> (0x000000008a8cedd8) thrown at [./src/hotspot/share/prims/jni.cpp, line 615]
Event: 16.717 Thread 0x000001fef2113800 Exception <a 'java/lang/NoSuchMethodError'{0x0000000089b62078}: 'int java.lang.invoke.DirectMethodHandle$Holder.invokeSpecialIFC(java.lang.Object, java.lang.Object, java.lang.Object)'> (0x0000000089b62078) thrown at [./src/hotspot/share/interpreter/linkResolver.cpp, line 773]
Event: 17.084 Thread 0x000001fef2113800 Exception <a 'java/lang/NoSuchMethodError'{0x000000008d26ba28}: 'java.lang.Object java.lang.invoke.DirectMethodHandle$Holder.invokeStatic(java.lang.Object, java.lang.Object, java.lang.Object, java.lang.Object, java.lang.Object, java.lang.Object, java.lang.Object, java.lang.Object, java.lang.Object, java.lang.Object, java.lang.Object, java.lang.Object, java.lang.Object, java.lang.Object, java.lang.Object, java.lang.Object, java.lang.Object, java.lang.Object, int, java.lang.Object)'> (0x000000008d26ba28) thr
Event: 17.084 Thread 0x000001fef2113800 Exception <a 'java/lang/NoSuchMethodError'{0x000000008d271d58}: 'java.lang.Object java.lang.invoke.DirectMethodHandle$Holder.invokeStaticInit(java.lang.Object, java.lang.Object, java.lang.Object, java.lang.Object, java.lang.Object, java.lang.Object, java.lang.Object, java.lang.Object, java.lang.Object, java.lang.Object, java.lang.Object, java.lang.Object, java.lang.Object, java.lang.Object, java.lang.Object, java.lang.Object, java.lang.Object, java.lang.Object, int, java.lang.Object)'> (0x000000008d271d58)
Event: 17.115 Thread 0x000001fef2113800 Exception <a 'java/lang/NoSuchMethodError'{0x000000008d06d2f0}: 'int java.lang.invoke.DirectMethodHandle$Holder.invokeVirtual(java.lang.Object, java.lang.Object, java.lang.Object, java.lang.Object)'> (0x000000008d06d2f0) thrown at [./src/hotspot/share/interpreter/linkResolver.cpp, line 773]
Event: 17.164 Thread 0x000001fef2113800 Exception <a 'java/lang/NoSuchMethodError'{0x000000008cef76c8}: 'java.lang.Object java.lang.invoke.DirectMethodHandle$Holder.invokeStatic(java.lang.Object, int, java.lang.Object, java.lang.Object)'> (0x000000008cef76c8) thrown at [./src/hotspot/share/interpreter/linkResolver.cpp, line 773]

Events (20 events):
Event: 17.625 loading class kotlin/reflect/jvm/internal/impl/serialization/deserialization/ClassDeserializer$ClassKey
Event: 17.625 loading class kotlin/reflect/jvm/internal/impl/serialization/deserialization/ClassDeserializer$ClassKey done
Event: 17.625 loading class kotlin/reflect/jvm/internal/impl/serialization/deserialization/DeserializedPackageFragment
Event: 17.625 loading class kotlin/reflect/jvm/internal/impl/serialization/deserialization/DeserializedPackageFragment done
Event: 17.626 loading class kotlin/reflect/jvm/internal/impl/metadata/deserialization/TypeTable
Event: 17.626 loading class kotlin/reflect/jvm/internal/impl/metadata/deserialization/TypeTable done
Event: 17.626 loading class kotlin/reflect/jvm/internal/impl/metadata/deserialization/VersionRequirementTable
Event: 17.626 loading class kotlin/reflect/jvm/internal/impl/metadata/deserialization/VersionRequirementTable done
Event: 17.627 loading class kotlin/reflect/jvm/internal/impl/metadata/deserialization/VersionRequirementTable$Companion
Event: 17.627 loading class kotlin/reflect/jvm/internal/impl/metadata/deserialization/VersionRequirementTable$Companion done
Event: 17.627 loading class kotlin/reflect/jvm/internal/impl/serialization/deserialization/DeserializationContext
Event: 17.627 loading class kotlin/reflect/jvm/internal/impl/serialization/deserialization/DeserializationContext done
Event: 17.628 loading class kotlin/reflect/jvm/internal/impl/serialization/deserialization/TypeDeserializer
Event: 17.628 loading class kotlin/reflect/jvm/internal/impl/serialization/deserialization/TypeDeserializer done
Event: 17.631 loading class kotlin/reflect/jvm/internal/impl/serialization/deserialization/TypeDeserializer$classifierDescriptors$1
Event: 17.631 loading class kotlin/reflect/jvm/internal/impl/serialization/deserialization/TypeDeserializer$classifierDescriptors$1 done
Event: 17.631 loading class kotlin/reflect/jvm/internal/impl/serialization/deserialization/TypeDeserializer$typeAliasDescriptors$1
Event: 17.631 loading class kotlin/reflect/jvm/internal/impl/serialization/deserialization/TypeDeserializer$typeAliasDescriptors$1 done
Event: 17.632 loading class kotlin/reflect/jvm/internal/impl/serialization/deserialization/MemberDeserializer
Event: 17.632 loading class kotlin/reflect/jvm/internal/impl/serialization/deserialization/MemberDeserializer done


Dynamic libraries:
0x00007ff68d740000 - 0x00007ff68d74a000 	C:\android\STUDIO\jre\bin\java.exe
0x00007ffaa1710000 - 0x00007ffaa1905000 	C:\WINDOWS\SYSTEM32\ntdll.dll
0x00007ffaa1420000 - 0x00007ffaa14de000 	C:\WINDOWS\System32\KERNEL32.DLL
0x00007ffa9ee30000 - 0x00007ffa9f0f9000 	C:\WINDOWS\System32\KERNELBASE.dll
0x00007ffa9f250000 - 0x00007ffa9f350000 	C:\WINDOWS\System32\ucrtbase.dll
0x00007ffa95670000 - 0x00007ffa95689000 	C:\android\STUDIO\jre\bin\jli.dll
0x00007ffa95690000 - 0x00007ffa956a7000 	C:\android\STUDIO\jre\bin\VCRUNTIME140.dll
0x00007ffaa1210000 - 0x00007ffaa13b1000 	C:\WINDOWS\System32\USER32.dll
0x00007ffa9f6b0000 - 0x00007ffa9f6d2000 	C:\WINDOWS\System32\win32u.dll
0x00007ffa7e610000 - 0x00007ffa7e8aa000 	C:\WINDOWS\WinSxS\amd64_microsoft.windows.common-controls_6595b64144ccf1df_6.0.19041.1110_none_60b5254171f9507e\COMCTL32.dll
0x00007ffaa0f00000 - 0x00007ffaa0f2b000 	C:\WINDOWS\System32\GDI32.dll
0x00007ffaa04c0000 - 0x00007ffaa055e000 	C:\WINDOWS\System32\msvcrt.dll
0x00007ffa9f440000 - 0x00007ffa9f54b000 	C:\WINDOWS\System32\gdi32full.dll
0x00007ffa9f1b0000 - 0x00007ffa9f24d000 	C:\WINDOWS\System32\msvcp_win.dll
0x00007ffaa0b20000 - 0x00007ffaa0b50000 	C:\WINDOWS\System32\IMM32.DLL
0x00007ffa6e290000 - 0x00007ffa6e32d000 	C:\android\STUDIO\jre\bin\msvcp140.dll
0x00007ffa5bbc0000 - 0x00007ffa5c68f000 	C:\android\STUDIO\jre\bin\server\jvm.dll
0x00007ffaa0f40000 - 0x00007ffaa0fec000 	C:\WINDOWS\System32\ADVAPI32.dll
0x00007ffaa0a80000 - 0x00007ffaa0b1b000 	C:\WINDOWS\System32\sechost.dll
0x00007ffaa0390000 - 0x00007ffaa04ba000 	C:\WINDOWS\System32\RPCRT4.dll
0x00007ffaa0b50000 - 0x00007ffaa0b58000 	C:\WINDOWS\System32\PSAPI.DLL
0x00007ffa847d0000 - 0x00007ffa847d9000 	C:\WINDOWS\SYSTEM32\WSOCK32.dll
0x00007ffa8a4b0000 - 0x00007ffa8a4d7000 	C:\WINDOWS\SYSTEM32\WINMM.dll
0x00007ffa96ec0000 - 0x00007ffa96eca000 	C:\WINDOWS\SYSTEM32\VERSION.dll
0x00007ffaa1120000 - 0x00007ffaa118b000 	C:\WINDOWS\System32\WS2_32.dll
0x00007ffa9d670000 - 0x00007ffa9d682000 	C:\WINDOWS\SYSTEM32\kernel.appcore.dll
0x00007ffa98750000 - 0x00007ffa98761000 	C:\android\STUDIO\jre\bin\verify.dll
0x00007ffa9c630000 - 0x00007ffa9c814000 	C:\WINDOWS\SYSTEM32\DBGHELP.DLL
0x00007ffa84810000 - 0x00007ffa8483c000 	C:\WINDOWS\SYSTEM32\dbgcore.DLL
0x00007ffa9f350000 - 0x00007ffa9f3d3000 	C:\WINDOWS\System32\bcryptPrimitives.dll
0x00007ffa98720000 - 0x00007ffa98749000 	C:\android\STUDIO\jre\bin\java.dll
0x00007ffa98d70000 - 0x00007ffa98d7b000 	C:\android\STUDIO\jre\bin\jimage.dll
0x00007ffa98700000 - 0x00007ffa98718000 	C:\android\STUDIO\jre\bin\zip.dll
0x00007ffa9fc40000 - 0x00007ffaa037f000 	C:\WINDOWS\System32\SHELL32.dll
0x00007ffa9ced0000 - 0x00007ffa9d660000 	C:\WINDOWS\SYSTEM32\windows.storage.dll
0x00007ffaa05f0000 - 0x00007ffaa0945000 	C:\WINDOWS\System32\combase.dll
0x00007ffa9e860000 - 0x00007ffa9e88c000 	C:\WINDOWS\SYSTEM32\Wldp.dll
0x00007ffaa0d70000 - 0x00007ffaa0e1e000 	C:\WINDOWS\System32\SHCORE.dll
0x00007ffaa1190000 - 0x00007ffaa11e5000 	C:\WINDOWS\System32\shlwapi.dll
0x00007ffa9ed70000 - 0x00007ffa9ed8f000 	C:\WINDOWS\SYSTEM32\profapi.dll
0x00007ffa981c0000 - 0x00007ffa981da000 	C:\android\STUDIO\jre\bin\net.dll
0x00007ffa8e470000 - 0x00007ffa8e578000 	C:\WINDOWS\SYSTEM32\WINHTTP.dll
0x00007ffa761b0000 - 0x00007ffa761d0000 	C:\WINDOWS\system32\PrxerDrv.dll
0x00007ffa9e590000 - 0x00007ffa9e5fa000 	C:\WINDOWS\system32\mswsock.dll
0x00007ffa96c60000 - 0x00007ffa96c74000 	C:\android\STUDIO\jre\bin\nio.dll
0x00007ffa77400000 - 0x00007ffa77427000 	C:\Users\99670\.gradle\native\8bec1ad78214c89d9ad589b4d07fe93259594b29d510b10fafb7a158f7737e5d\windows-amd64\native-platform.dll
0x00007ffa66980000 - 0x00007ffa66abd000 	C:\Users\99670\.gradle\native\53dbd7edfb1c66fb8903c78663c9afc45aea4f116125fa6feffd364cf09443e8\windows-amd64\native-platform-file-events.dll
0x00007ffa98a90000 - 0x00007ffa98a9a000 	C:\android\STUDIO\jre\bin\management.dll
0x00007ffa989b0000 - 0x00007ffa989bc000 	C:\android\STUDIO\jre\bin\management_ext.dll
0x00007ffa9e750000 - 0x00007ffa9e768000 	C:\WINDOWS\SYSTEM32\CRYPTSP.dll
0x00007ffa9deb0000 - 0x00007ffa9dee4000 	C:\WINDOWS\system32\rsaenh.dll
0x00007ffa9f730000 - 0x00007ffa9f757000 	C:\WINDOWS\System32\bcrypt.dll
0x00007ffa9ed30000 - 0x00007ffa9ed5e000 	C:\WINDOWS\SYSTEM32\USERENV.dll
0x00007ffa9e740000 - 0x00007ffa9e74c000 	C:\WINDOWS\SYSTEM32\CRYPTBASE.dll
0x00007ffa9e240000 - 0x00007ffa9e27b000 	C:\WINDOWS\SYSTEM32\IPHLPAPI.DLL
0x00007ffaa0f30000 - 0x00007ffaa0f38000 	C:\WINDOWS\System32\NSI.dll
0x00007ffa95160000 - 0x00007ffa95177000 	C:\WINDOWS\SYSTEM32\dhcpcsvc6.DLL
0x00007ffa96d50000 - 0x00007ffa96d6d000 	C:\WINDOWS\SYSTEM32\dhcpcsvc.DLL
0x00007ffa9e290000 - 0x00007ffa9e35c000 	C:\WINDOWS\SYSTEM32\DNSAPI.dll
0x00007ffa918b0000 - 0x00007ffa918d7000 	C:\android\STUDIO\jre\bin\sunec.dll
0x00007ffa8a230000 - 0x00007ffa8a24b000 	C:\WINDOWS\system32\PrxerNsp.dll
0x00007ffa8e130000 - 0x00007ffa8e13a000 	C:\Windows\System32\rasadhlp.dll
0x00007ffa8e5a0000 - 0x00007ffa8e61f000 	C:\WINDOWS\System32\fwpuclnt.dll
0x00007ffa9dae0000 - 0x00007ffa9db13000 	C:\WINDOWS\SYSTEM32\ntmarta.dll

dbghelp: loaded successfully - version: 4.0.5 - missing functions: none
symbol engine: initialized successfully - sym options: 0x614 - pdb path: .;C:\android\STUDIO\jre\bin;C:\WINDOWS\SYSTEM32;C:\WINDOWS\WinSxS\amd64_microsoft.windows.common-controls_6595b64144ccf1df_6.0.19041.1110_none_60b5254171f9507e;C:\android\STUDIO\jre\bin\server;C:\Users\99670\.gradle\native\8bec1ad78214c89d9ad589b4d07fe93259594b29d510b10fafb7a158f7737e5d\windows-amd64;C:\Users\99670\.gradle\native\53dbd7edfb1c66fb8903c78663c9afc45aea4f116125fa6feffd364cf09443e8\windows-amd64

VM Arguments:
jvm_args: --add-opens=java.base/java.util=ALL-UNNAMED --add-opens=java.base/java.lang=ALL-UNNAMED --add-opens=java.base/java.lang.invoke=ALL-UNNAMED --add-opens=java.base/java.util=ALL-UNNAMED --add-opens=java.prefs/java.util.prefs=ALL-UNNAMED --add-opens=java.prefs/java.util.prefs=ALL-UNNAMED --add-opens=java.base/java.nio.charset=ALL-UNNAMED --add-opens=java.base/java.net=ALL-UNNAMED --add-opens=java.base/java.util.concurrent.atomic=ALL-UNNAMED -Xmx2048m -Dfile.encoding=UTF-8 -Duser.country=RU -Duser.language=ru -Duser.variant 
java_command: org.gradle.launcher.daemon.bootstrap.GradleDaemon 7.0.2
java_class_path (initial): C:\Users\99670\.gradle\wrapper\dists\gradle-7.0.2-bin\857tjihv64xamwrf0h14cai3r\gradle-7.0.2\lib\gradle-launcher-7.0.2.jar
Launcher Type: SUN_STANDARD

[Global flags]
     intx CICompilerCount                          = 4                                         {product} {ergonomic}
     uint ConcGCThreads                            = 2                                         {product} {ergonomic}
     uint G1ConcRefinementThreads                  = 8                                         {product} {ergonomic}
   size_t G1HeapRegionSize                         = 1048576                                   {product} {ergonomic}
    uintx GCDrainStackTargetSize                   = 64                                        {product} {ergonomic}
   size_t InitialHeapSize                          = 134217728                                 {product} {ergonomic}
   size_t MarkStackSize                            = 4194304                                   {product} {ergonomic}
   size_t MaxHeapSize                              = 2147483648                                {product} {command line}
   size_t MaxNewSize                               = 1287651328                                {product} {ergonomic}
   size_t MinHeapDeltaBytes                        = 1048576                                   {product} {ergonomic}
    uintx NonNMethodCodeHeapSize                   = 5836300                                {pd product} {ergonomic}
    uintx NonProfiledCodeHeapSize                  = 122910970                              {pd product} {ergonomic}
    uintx ProfiledCodeHeapSize                     = 122910970                              {pd product} {ergonomic}
    uintx ReservedCodeCacheSize                    = 251658240                              {pd product} {ergonomic}
     bool SegmentedCodeCache                       = true                                      {product} {ergonomic}
     bool UseCompressedClassPointers               = true                                 {lp64_product} {ergonomic}
     bool UseCompressedOops                        = true                                 {lp64_product} {ergonomic}
     bool UseG1GC                                  = true                                      {product} {ergonomic}
     bool UseLargePagesIndividualAllocation        = false                                  {pd product} {ergonomic}

Logging:
Log output configuration:
 #0: stdout all=warning uptime,level,tags
 #1: stderr all=off uptime,level,tags

Environment Variables:
PATH=C:\Users\99670\Downloads\WINDOWS.X64_193000_db_home\bin;C:\Program Files\Common Files\Oracle\Java\javapath;C:\Program Files (x86)\Razer Chroma SDK\bin;C:\Program Files\Razer Chroma SDK\bin;C:\Program Files (x86)\Razer\ChromaBroadcast\bin;C:\Program Files\Razer\ChromaBroadcast\bin;C:\Windows\system32;C:\Windows;C:\Windows\System32\Wbem;C:\Windows\System32\WindowsPowerShell\v1.0\;C:\Windows\System32\OpenSSH\;C:\Program Files (x86)\Intel\Intel(R) Management Engine Components\DAL;C:\Program Files\Intel\Intel(R) Management Engine Components\DAL;C:\WINDOWS\system32;C:\WINDOWS;C:\WINDOWS\System32\Wbem;C:\WINDOWS\System32\WindowsPowerShell\v1.0\;C:\WINDOWS\System32\OpenSSH\;C:\Program Files\Git\cmd;C:\Users\99670\AppData\Local\Microsoft\WindowsApps;C:\Program Files\JetBrains\IntelliJ IDEA 2020.3.3\bin
USERNAME=99670
OS=Windows_NT
PROCESSOR_IDENTIFIER=Intel64 Family 6 Model 142 Stepping 11, GenuineIntel



---------------  S Y S T E M  ---------------

OS: Windows 10 , 64 bit Build 19041 (10.0.19041.1202)
OS uptime: 12 days 20:00 hours
Hyper-V role detected

CPU:total 8 (initial active 8) (4 cores per cpu, 2 threads per core) family 6 model 142 stepping 11 microcode 0xb8, cmov, cx8, fxsr, mmx, sse, sse2, sse3, ssse3, sse4.1, sse4.2, popcnt, avx, avx2, aes, clmul, erms, 3dnowpref, lzcnt, ht, tsc, tscinvbit, bmi1, bmi2, adx, fma

Memory: 4k page, system-wide physical 8092M (531M free)
TotalPageFile size 10140M (AvailPageFile size 8M)
current process WorkingSet (physical memory assigned to process): 576M, peak: 581M
current process commit charge ("private bytes"): 615M, peak: 619M

vm_info: OpenJDK 64-Bit Server VM (11.0.10+0-b96-7249189) for windows-amd64 JRE (11.0.10+0-b96-7249189), built on Mar 31 2021 21:44:00 by "builder" with MS VC++ 14.0 (VS2015)

END.
